[0.011s] Invoking command in '/home/ddq2/interbotix_ws/build/interbotix_moveit_interface': AMENT_PREFIX_PATH=/home/ddq2/interbotix_ws/install/moveit_visual_tools:/home/ddq2/interbotix_ws/install/interbotix_moveit_interface_msgs:${AMENT_PREFIX_PATH} CMAKE_PREFIX_PATH=/home/ddq2/interbotix_ws/install/moveit_visual_tools:/home/ddq2/interbotix_ws/install/interbotix_moveit_interface_msgs:/home/ddq2/apriltag_ws/install/apriltag_ros:/opt/ros/humble LD_LIBRARY_PATH=/home/ddq2/interbotix_ws/install/moveit_visual_tools/lib:/home/ddq2/interbotix_ws/install/interbotix_moveit_interface_msgs/lib:/home/ddq2/apriltag_ws/install/apriltag_ros/lib:/usr/local/cuda-12.4/lib64:/usr/local/cuda-12.4/lib64:/opt/ros/humble/opt/rviz_ogre_vendor/lib:/opt/ros/humble/lib/x86_64-linux-gnu:/opt/ros/humble/lib:/usr/lib/x86_64-linux-gnu/gazebo-11/plugins:/usr/lib/x86_64-linux-gnu/gazebo-11/plugins:/usr/lib/x86_64-linux-gnu/gazebo-11/plugins PYTHONPATH=/home/ddq2/interbotix_ws/install/interbotix_moveit_interface_msgs/local/lib/python3.10/dist-packages:${PYTHONPATH} _=/usr/bin/env /home/ddq2/.local/bin/cmake /home/ddq2/interbotix_ws/src/interbotix_ros_toolboxes/interbotix_common_toolbox/interbotix_moveit_interface -DCMAKE_INSTALL_PREFIX=/home/ddq2/interbotix_ws/install/interbotix_moveit_interface
[0.086s] -- The C compiler identification is GNU 11.4.0
[0.119s] -- The CXX compiler identification is GNU 11.4.0
[0.126s] -- Detecting C compiler ABI info
[0.161s] -- Detecting C compiler ABI info - done
[0.171s] -- Check for working C compiler: /usr/bin/cc - skipped
[0.171s] -- Detecting C compile features
[0.172s] -- Detecting C compile features - done
[0.174s] -- Detecting CXX compiler ABI info
[0.219s] -- Detecting CXX compiler ABI info - done
[0.230s] -- Check for working CXX compiler: /usr/bin/c++ - skipped
[0.230s] -- Detecting CXX compile features
[0.231s] -- Detecting CXX compile features - done
[0.233s] -- Found ament_cmake: 1.3.11 (/opt/ros/humble/share/ament_cmake/cmake)
[0.318s] -- Found Python3: /usr/bin/python3 (found version "3.10.12") found components: Interpreter
[0.378s] -- Found interbotix_moveit_interface_msgs: 0.0.0 (/home/ddq2/interbotix_ws/install/interbotix_moveit_interface_msgs/share/interbotix_moveit_interface_msgs/cmake)
[0.407s] -- Found rosidl_generator_c: 3.1.6 (/opt/ros/humble/share/rosidl_generator_c/cmake)
[0.411s] -- Found rosidl_adapter: 3.1.6 (/opt/ros/humble/share/rosidl_adapter/cmake)
[0.418s] -- Found rosidl_generator_cpp: 3.1.6 (/opt/ros/humble/share/rosidl_generator_cpp/cmake)
[0.427s] -- Using all available rosidl_typesupport_c: rosidl_typesupport_fastrtps_c;rosidl_typesupport_introspection_c
[0.440s] -- Using all available rosidl_typesupport_cpp: rosidl_typesupport_fastrtps_cpp;rosidl_typesupport_introspection_cpp
[0.488s] -- Found moveit_msgs: 2.2.1 (/opt/ros/humble/share/moveit_msgs/cmake)
[0.622s] -- Found moveit_ros_planning_interface: 2.5.7 (/opt/ros/humble/share/moveit_ros_planning_interface/cmake)
[0.679s] -- Found Boost: /usr/lib/x86_64-linux-gnu/cmake/Boost-1.74.0/BoostConfig.cmake (found version "1.74.0") found components: date_time filesystem program_options system thread
[0.695s] -- Found Boost: /usr/lib/x86_64-linux-gnu/cmake/Boost-1.74.0/BoostConfig.cmake (found version "1.74.0") found components: chrono date_time filesystem iostreams program_options regex serialization system thread
[0.735s] -- Found parameter_traits: 0.4.0 (/opt/ros/humble/share/parameter_traits/cmake)
[0.769s] -- Found rmw_implementation_cmake: 6.1.2 (/opt/ros/humble/share/rmw_implementation_cmake/cmake)
[0.771s] -- Found rmw_fastrtps_cpp: 6.2.7 (/opt/ros/humble/share/rmw_fastrtps_cpp/cmake)
[0.828s] -- Found OpenSSL: /usr/lib/x86_64-linux-gnu/libcrypto.so (found version "3.0.2")
[0.846s] -- Found FastRTPS: /opt/ros/humble/include
[0.875s] -- Using RMW implementation 'rmw_fastrtps_cpp' as default
[0.882s] -- Found Threads: TRUE
[0.922s] -- Found rclcpp_lifecycle: 16.0.11 (/opt/ros/humble/share/rclcpp_lifecycle/cmake)
[0.943s] -- Found Boost: /usr/lib/x86_64-linux-gnu/cmake/Boost-1.74.0/BoostConfig.cmake (found version "1.74.0") found components: filesystem
[1.000s] -- library: /usr/lib/x86_64-linux-gnu/libcurl.so
[1.030s] -- Found Eigen3: TRUE (found version "3.4.0")
[1.030s] -- Ensuring Eigen3 include directory is part of orocos-kdl CMake target
[1.149s] -- Found Boost: /usr/lib/x86_64-linux-gnu/cmake/Boost-1.74.0/BoostConfig.cmake (found version "1.74.0") found components: system filesystem date_time program_options thread chrono
[1.180s] -- Found Boost: /usr/lib/x86_64-linux-gnu/cmake/Boost-1.74.0/BoostConfig.cmake (found version "1.74.0") found components: thread system filesystem regex date_time program_options
[1.201s] -- Found Boost: /usr/lib/x86_64-linux-gnu/cmake/Boost-1.74.0/BoostConfig.cmake (found version "1.74.0") found components: system filesystem date_time program_options thread
[1.228s] -- Found moveit_visual_tools: 4.1.2 (/home/ddq2/interbotix_ws/install/moveit_visual_tools/share/moveit_visual_tools/cmake)
[1.277s] -- Setting assimp_DIR to: '/opt/ros/humble/share/rviz_assimp_vendor/cmake/../../../opt/rviz_assimp_vendor/lib/cmake/assimp-4.1'
[1.282s] -- Setting OGRE_DIR to: '/opt/ros/humble/share/rviz_ogre_vendor/cmake/../../../opt/rviz_ogre_vendor/lib/OGRE/cmake'
[1.283s] -- Found OGRE
[1.283s] --   static     : OFF
[1.283s] --   components : HLMS;MeshLodGenerator;Overlay;Paging;Property;RTShaderSystem;Terrain;Volume
[1.283s] --   plugins    : Plugin_BSPSceneManager;Plugin_OctreeSceneManager;Plugin_PCZSceneManager;Plugin_ParticleFX;RenderSystem_GL;RenderSystem_GL3Plus;Codec_STBI
[1.284s] --   media      : /opt/ros/humble/opt/rviz_ogre_vendor/share/OGRE/Media
[1.284s] -- OGRE_LIBRARIES: OgreHLMS;OgreMeshLodGenerator;OgreOverlay;OgrePaging;OgreProperty;OgreRTShaderSystem;OgreTerrain;OgreVolume;OgreMain
[1.284s] -- OGRE_LIBRARY_DIRS: /opt/ros/humble/opt/rviz_ogre_vendor/lib
[1.284s] -- OGRE_PLUGINS: Plugin_BSPSceneManager;Plugin_OctreeSceneManager;Plugin_PCZSceneManager;Plugin_ParticleFX;RenderSystem_GL;RenderSystem_GL3Plus;Codec_STBI
[1.284s] -- OGRE_PLUGIN_DIR: /opt/ros/humble/opt/rviz_ogre_vendor/lib/OGRE
[1.284s] -- rviz_ogre_vendor::OgreOverlay for IMPORTED_LOCATION_RELEASE: /opt/ros/humble/opt/rviz_ogre_vendor/lib/libOgreOverlay.so
[1.284s] -- rviz_ogre_vendor::OgreOverlay for IMPORTED_LOCATION_DEBUG: /opt/ros/humble/opt/rviz_ogre_vendor/lib/libOgreOverlay.so
[1.284s] -- rviz_ogre_vendor::OgreMain for IMPORTED_LOCATION_RELEASE: /opt/ros/humble/opt/rviz_ogre_vendor/lib/libOgreMain.so
[1.284s] -- rviz_ogre_vendor::OgreMain for IMPORTED_LOCATION_DEBUG: /opt/ros/humble/opt/rviz_ogre_vendor/lib/libOgreMain.so
[1.308s] -- Found ZLIB: /usr/lib/x86_64-linux-gnu/libz.so (found version "1.2.11")
[1.314s] -- Found OpenGL: /usr/lib/x86_64-linux-gnu/libOpenGL.so
[1.407s] -- Found X11: /usr/include
[1.408s] -- Looking for XOpenDisplay in /usr/lib/x86_64-linux-gnu/libX11.so;/usr/lib/x86_64-linux-gnu/libXext.so
[1.448s] -- Looking for XOpenDisplay in /usr/lib/x86_64-linux-gnu/libX11.so;/usr/lib/x86_64-linux-gnu/libXext.so - found
[1.448s] -- Looking for gethostbyname
[1.484s] -- Looking for gethostbyname - found
[1.484s] -- Looking for connect
[1.522s] -- Looking for connect - found
[1.522s] -- Looking for remove
[1.560s] -- Looking for remove - found
[1.560s] -- Looking for shmat
[1.598s] -- Looking for shmat - found
[1.598s] -- Looking for IceConnectionNumber in ICE
[1.636s] -- Looking for IceConnectionNumber in ICE - found
[1.726s] -- Found ament_lint_auto: 0.12.11 (/opt/ros/humble/share/ament_lint_auto/cmake)
[1.781s] -- Added test 'copyright' to check source files copyright and LICENSE
[1.782s] -- Added test 'cppcheck' to perform static code analysis on C / C++ code
[1.782s] -- Configured cppcheck include dirs: /home/ddq2/interbotix_ws/src/interbotix_ros_toolboxes/interbotix_common_toolbox/interbotix_moveit_interface/include
[1.782s] -- Configured cppcheck exclude dirs and/or files: 
[1.783s] -- Added test 'cpplint' to check C / C++ code against the Google style
[1.783s] -- Configured cpplint exclude dirs and/or files: 
[1.783s] -- Added test 'lint_cmake' to check CMake code style
[1.784s] -- Added test 'uncrustify' to check C / C++ code style
[1.784s] -- Configured uncrustify additional arguments: 
[1.784s] -- Added test 'xmllint' to check XML markup files
[1.785s] -- Configuring done (1.7s)
[1.810s] -- Generating done (0.0s)
[1.815s] -- Build files have been written to: /home/ddq2/interbotix_ws/build/interbotix_moveit_interface
[1.836s] Invoked command in '/home/ddq2/interbotix_ws/build/interbotix_moveit_interface' returned '0': AMENT_PREFIX_PATH=/home/ddq2/interbotix_ws/install/moveit_visual_tools:/home/ddq2/interbotix_ws/install/interbotix_moveit_interface_msgs:${AMENT_PREFIX_PATH} CMAKE_PREFIX_PATH=/home/ddq2/interbotix_ws/install/moveit_visual_tools:/home/ddq2/interbotix_ws/install/interbotix_moveit_interface_msgs:/home/ddq2/apriltag_ws/install/apriltag_ros:/opt/ros/humble LD_LIBRARY_PATH=/home/ddq2/interbotix_ws/install/moveit_visual_tools/lib:/home/ddq2/interbotix_ws/install/interbotix_moveit_interface_msgs/lib:/home/ddq2/apriltag_ws/install/apriltag_ros/lib:/usr/local/cuda-12.4/lib64:/usr/local/cuda-12.4/lib64:/opt/ros/humble/opt/rviz_ogre_vendor/lib:/opt/ros/humble/lib/x86_64-linux-gnu:/opt/ros/humble/lib:/usr/lib/x86_64-linux-gnu/gazebo-11/plugins:/usr/lib/x86_64-linux-gnu/gazebo-11/plugins:/usr/lib/x86_64-linux-gnu/gazebo-11/plugins PYTHONPATH=/home/ddq2/interbotix_ws/install/interbotix_moveit_interface_msgs/local/lib/python3.10/dist-packages:${PYTHONPATH} _=/usr/bin/env /home/ddq2/.local/bin/cmake /home/ddq2/interbotix_ws/src/interbotix_ros_toolboxes/interbotix_common_toolbox/interbotix_moveit_interface -DCMAKE_INSTALL_PREFIX=/home/ddq2/interbotix_ws/install/interbotix_moveit_interface
[1.837s] Invoking command in '/home/ddq2/interbotix_ws/build/interbotix_moveit_interface': AMENT_PREFIX_PATH=/home/ddq2/interbotix_ws/install/moveit_visual_tools:/home/ddq2/interbotix_ws/install/interbotix_moveit_interface_msgs:${AMENT_PREFIX_PATH} CMAKE_PREFIX_PATH=/home/ddq2/interbotix_ws/install/moveit_visual_tools:/home/ddq2/interbotix_ws/install/interbotix_moveit_interface_msgs:/home/ddq2/apriltag_ws/install/apriltag_ros:/opt/ros/humble LD_LIBRARY_PATH=/home/ddq2/interbotix_ws/install/moveit_visual_tools/lib:/home/ddq2/interbotix_ws/install/interbotix_moveit_interface_msgs/lib:/home/ddq2/apriltag_ws/install/apriltag_ros/lib:/usr/local/cuda-12.4/lib64:/usr/local/cuda-12.4/lib64:/opt/ros/humble/opt/rviz_ogre_vendor/lib:/opt/ros/humble/lib/x86_64-linux-gnu:/opt/ros/humble/lib:/usr/lib/x86_64-linux-gnu/gazebo-11/plugins:/usr/lib/x86_64-linux-gnu/gazebo-11/plugins:/usr/lib/x86_64-linux-gnu/gazebo-11/plugins PYTHONPATH=/home/ddq2/interbotix_ws/install/interbotix_moveit_interface_msgs/local/lib/python3.10/dist-packages:${PYTHONPATH} _=/usr/bin/env /home/ddq2/.local/bin/cmake --build /home/ddq2/interbotix_ws/build/interbotix_moveit_interface -- -j16 -l16
[1.903s] [ 33%] [32mBuilding CXX object CMakeFiles/moveit_interface.dir/src/moveit_interface.cpp.o[0m
[1.903s] [ 66%] [32mBuilding CXX object CMakeFiles/moveit_interface.dir/src/moveit_interface_obj.cpp.o[0m
[11.254s] [100%] [32m[1mLinking CXX executable moveit_interface[0m
[11.633s] [100%] Built target moveit_interface
[11.645s] Invoked command in '/home/ddq2/interbotix_ws/build/interbotix_moveit_interface' returned '0': AMENT_PREFIX_PATH=/home/ddq2/interbotix_ws/install/moveit_visual_tools:/home/ddq2/interbotix_ws/install/interbotix_moveit_interface_msgs:${AMENT_PREFIX_PATH} CMAKE_PREFIX_PATH=/home/ddq2/interbotix_ws/install/moveit_visual_tools:/home/ddq2/interbotix_ws/install/interbotix_moveit_interface_msgs:/home/ddq2/apriltag_ws/install/apriltag_ros:/opt/ros/humble LD_LIBRARY_PATH=/home/ddq2/interbotix_ws/install/moveit_visual_tools/lib:/home/ddq2/interbotix_ws/install/interbotix_moveit_interface_msgs/lib:/home/ddq2/apriltag_ws/install/apriltag_ros/lib:/usr/local/cuda-12.4/lib64:/usr/local/cuda-12.4/lib64:/opt/ros/humble/opt/rviz_ogre_vendor/lib:/opt/ros/humble/lib/x86_64-linux-gnu:/opt/ros/humble/lib:/usr/lib/x86_64-linux-gnu/gazebo-11/plugins:/usr/lib/x86_64-linux-gnu/gazebo-11/plugins:/usr/lib/x86_64-linux-gnu/gazebo-11/plugins PYTHONPATH=/home/ddq2/interbotix_ws/install/interbotix_moveit_interface_msgs/local/lib/python3.10/dist-packages:${PYTHONPATH} _=/usr/bin/env /home/ddq2/.local/bin/cmake --build /home/ddq2/interbotix_ws/build/interbotix_moveit_interface -- -j16 -l16
[11.647s] Invoking command in '/home/ddq2/interbotix_ws/build/interbotix_moveit_interface': AMENT_PREFIX_PATH=/home/ddq2/interbotix_ws/install/moveit_visual_tools:/home/ddq2/interbotix_ws/install/interbotix_moveit_interface_msgs:${AMENT_PREFIX_PATH} CMAKE_PREFIX_PATH=/home/ddq2/interbotix_ws/install/moveit_visual_tools:/home/ddq2/interbotix_ws/install/interbotix_moveit_interface_msgs:/home/ddq2/apriltag_ws/install/apriltag_ros:/opt/ros/humble LD_LIBRARY_PATH=/home/ddq2/interbotix_ws/install/moveit_visual_tools/lib:/home/ddq2/interbotix_ws/install/interbotix_moveit_interface_msgs/lib:/home/ddq2/apriltag_ws/install/apriltag_ros/lib:/usr/local/cuda-12.4/lib64:/usr/local/cuda-12.4/lib64:/opt/ros/humble/opt/rviz_ogre_vendor/lib:/opt/ros/humble/lib/x86_64-linux-gnu:/opt/ros/humble/lib:/usr/lib/x86_64-linux-gnu/gazebo-11/plugins:/usr/lib/x86_64-linux-gnu/gazebo-11/plugins:/usr/lib/x86_64-linux-gnu/gazebo-11/plugins PYTHONPATH=/home/ddq2/interbotix_ws/install/interbotix_moveit_interface_msgs/local/lib/python3.10/dist-packages:${PYTHONPATH} _=/usr/bin/env /home/ddq2/.local/bin/cmake --install /home/ddq2/interbotix_ws/build/interbotix_moveit_interface
[11.700s] -- Install configuration: ""
[11.700s] -- Installing: /home/ddq2/interbotix_ws/install/interbotix_moveit_interface/lib/interbotix_moveit_interface/moveit_interface
[11.701s] -- Set non-toolchain portion of runtime path of "/home/ddq2/interbotix_ws/install/interbotix_moveit_interface/lib/interbotix_moveit_interface/moveit_interface" to ""
[11.701s] -- Installing: /home/ddq2/interbotix_ws/install/interbotix_moveit_interface/lib/interbotix_moveit_interface/moveit_interface_gui
[11.701s] -- Installing: /home/ddq2/interbotix_ws/install/interbotix_moveit_interface/share/ament_index/resource_index/package_run_dependencies/interbotix_moveit_interface
[11.702s] -- Installing: /home/ddq2/interbotix_ws/install/interbotix_moveit_interface/share/ament_index/resource_index/parent_prefix_path/interbotix_moveit_interface
[11.702s] -- Installing: /home/ddq2/interbotix_ws/install/interbotix_moveit_interface/share/interbotix_moveit_interface/environment/ament_prefix_path.sh
[11.702s] -- Installing: /home/ddq2/interbotix_ws/install/interbotix_moveit_interface/share/interbotix_moveit_interface/environment/ament_prefix_path.dsv
[11.702s] -- Installing: /home/ddq2/interbotix_ws/install/interbotix_moveit_interface/share/interbotix_moveit_interface/environment/path.sh
[11.702s] -- Installing: /home/ddq2/interbotix_ws/install/interbotix_moveit_interface/share/interbotix_moveit_interface/environment/path.dsv
[11.702s] -- Installing: /home/ddq2/interbotix_ws/install/interbotix_moveit_interface/share/interbotix_moveit_interface/local_setup.bash
[11.702s] -- Installing: /home/ddq2/interbotix_ws/install/interbotix_moveit_interface/share/interbotix_moveit_interface/local_setup.sh
[11.702s] -- Installing: /home/ddq2/interbotix_ws/install/interbotix_moveit_interface/share/interbotix_moveit_interface/local_setup.zsh
[11.702s] -- Installing: /home/ddq2/interbotix_ws/install/interbotix_moveit_interface/share/interbotix_moveit_interface/local_setup.dsv
[11.702s] -- Installing: /home/ddq2/interbotix_ws/install/interbotix_moveit_interface/share/interbotix_moveit_interface/package.dsv
[11.703s] -- Installing: /home/ddq2/interbotix_ws/install/interbotix_moveit_interface/share/ament_index/resource_index/packages/interbotix_moveit_interface
[11.703s] -- Installing: /home/ddq2/interbotix_ws/install/interbotix_moveit_interface/share/interbotix_moveit_interface/cmake/interbotix_moveit_interfaceConfig.cmake
[11.703s] -- Installing: /home/ddq2/interbotix_ws/install/interbotix_moveit_interface/share/interbotix_moveit_interface/cmake/interbotix_moveit_interfaceConfig-version.cmake
[11.703s] -- Installing: /home/ddq2/interbotix_ws/install/interbotix_moveit_interface/share/interbotix_moveit_interface/package.xml
[11.716s] Invoked command in '/home/ddq2/interbotix_ws/build/interbotix_moveit_interface' returned '0': AMENT_PREFIX_PATH=/home/ddq2/interbotix_ws/install/moveit_visual_tools:/home/ddq2/interbotix_ws/install/interbotix_moveit_interface_msgs:${AMENT_PREFIX_PATH} CMAKE_PREFIX_PATH=/home/ddq2/interbotix_ws/install/moveit_visual_tools:/home/ddq2/interbotix_ws/install/interbotix_moveit_interface_msgs:/home/ddq2/apriltag_ws/install/apriltag_ros:/opt/ros/humble LD_LIBRARY_PATH=/home/ddq2/interbotix_ws/install/moveit_visual_tools/lib:/home/ddq2/interbotix_ws/install/interbotix_moveit_interface_msgs/lib:/home/ddq2/apriltag_ws/install/apriltag_ros/lib:/usr/local/cuda-12.4/lib64:/usr/local/cuda-12.4/lib64:/opt/ros/humble/opt/rviz_ogre_vendor/lib:/opt/ros/humble/lib/x86_64-linux-gnu:/opt/ros/humble/lib:/usr/lib/x86_64-linux-gnu/gazebo-11/plugins:/usr/lib/x86_64-linux-gnu/gazebo-11/plugins:/usr/lib/x86_64-linux-gnu/gazebo-11/plugins PYTHONPATH=/home/ddq2/interbotix_ws/install/interbotix_moveit_interface_msgs/local/lib/python3.10/dist-packages:${PYTHONPATH} _=/usr/bin/env /home/ddq2/.local/bin/cmake --install /home/ddq2/interbotix_ws/build/interbotix_moveit_interface
