[0.009s] Invoking command in '/home/ddq2/interbotix_ws/build/robopoint_interfaces': CMAKE_PREFIX_PATH=${CMAKE_PREFIX_PATH}:/home/ddq2/realsense_ws/install/detection_visualizer:/home/ddq2/realsense_ws/install/distance_calculation:/home/ddq2/interbotix_ws/install/interbotix_xs_modules:/home/ddq2/interbotix_ws/install/interbotix_perception_modules:/home/ddq2/interbotix_ws/install/interbotix_common_modules:/home/ddq2/interbotix_ws/install/image_projector:/opt/ros/humble _=/usr/bin/env /home/ddq2/.local/bin/cmake /home/ddq2/interbotix_ws/src/robopoint_interfaces -DCMAKE_INSTALL_PREFIX=/home/ddq2/interbotix_ws/install/robopoint_interfaces
[0.066s] -- Found ament_cmake: 1.3.11 (/opt/ros/humble/share/ament_cmake/cmake)
[0.205s] -- Found ament_lint_auto: 0.12.11 (/opt/ros/humble/share/ament_lint_auto/cmake)
[0.248s] -- Found rosidl_default_generators: 1.2.0 (/opt/ros/humble/share/rosidl_default_generators/cmake)
[0.254s] -- Using all available rosidl_typesupport_c: rosidl_typesupport_fastrtps_c;rosidl_typesupport_introspection_c
[0.257s] -- Found rosidl_adapter: 3.1.6 (/opt/ros/humble/share/rosidl_adapter/cmake)
[0.281s] -- Using all available rosidl_typesupport_cpp: rosidl_typesupport_fastrtps_cpp;rosidl_typesupport_introspection_cpp
[0.545s] -- Found ament_cmake_ros: 0.10.0 (/opt/ros/humble/share/ament_cmake_ros/cmake)
[0.845s] -- Using all available rosidl_typesupport_c: rosidl_typesupport_fastrtps_c;rosidl_typesupport_introspection_c
[1.229s] -- Using all available rosidl_typesupport_cpp: rosidl_typesupport_fastrtps_cpp;rosidl_typesupport_introspection_cpp
[1.232s] [33mCMake Warning (dev) at /opt/ros/humble/share/rosidl_generator_py/cmake/rosidl_generator_py_generate_interfaces.cmake:20 (find_package):
[1.232s]   Policy CMP0148 is not set: The FindPythonInterp and FindPythonLibs modules
[1.232s]   are removed.  Run "cmake --help-policy CMP0148" for policy details.  Use
[1.232s]   the cmake_policy command to set the policy and suppress this warning.
[1.232s] 
[1.232s] Call Stack (most recent call first):
[1.232s]   /opt/ros/humble/share/ament_cmake_core/cmake/core/ament_execute_extensions.cmake:48 (include)
[1.232s]   /opt/ros/humble/share/rosidl_cmake/cmake/rosidl_generate_interfaces.cmake:286 (ament_execute_extensions)
[1.232s]   CMakeLists.txt:28 (rosidl_generate_interfaces)
[1.232s] This warning is for project developers.  Use -Wno-dev to suppress it.
[1.232s] [0m
[1.248s] -- Found PythonInterp: /usr/bin/python3 (found suitable version "3.10.12", minimum required is "3.6")
[1.254s] -- Found python_cmake_module: 0.10.0 (/opt/ros/humble/share/python_cmake_module/cmake)
[1.254s] [33mCMake Warning (dev) at /opt/ros/humble/share/python_cmake_module/cmake/Modules/FindPythonExtra.cmake:52 (find_package):
[1.254s]   Policy CMP0148 is not set: The FindPythonInterp and FindPythonLibs modules
[1.254s]   are removed.  Run "cmake --help-policy CMP0148" for policy details.  Use
[1.254s]   the cmake_policy command to set the policy and suppress this warning.
[1.254s] 
[1.254s] Call Stack (most recent call first):
[1.254s]   /opt/ros/humble/share/rosidl_generator_py/cmake/rosidl_generator_py_generate_interfaces.cmake:23 (find_package)
[1.254s]   /opt/ros/humble/share/ament_cmake_core/cmake/core/ament_execute_extensions.cmake:48 (include)
[1.254s]   /opt/ros/humble/share/rosidl_cmake/cmake/rosidl_generate_interfaces.cmake:286 (ament_execute_extensions)
[1.254s]   CMakeLists.txt:28 (rosidl_generate_interfaces)
[1.254s] This warning is for project developers.  Use -Wno-dev to suppress it.
[1.255s] [0m
[1.270s] [33mCMake Warning (dev) at /opt/ros/humble/share/python_cmake_module/cmake/Modules/FindPythonExtra.cmake:140 (find_package):
[1.270s]   Policy CMP0148 is not set: The FindPythonInterp and FindPythonLibs modules
[1.270s]   are removed.  Run "cmake --help-policy CMP0148" for policy details.  Use
[1.270s]   the cmake_policy command to set the policy and suppress this warning.
[1.270s] 
[1.271s] Call Stack (most recent call first):
[1.271s]   /opt/ros/humble/share/rosidl_generator_py/cmake/rosidl_generator_py_generate_interfaces.cmake:23 (find_package)
[1.271s]   /opt/ros/humble/share/ament_cmake_core/cmake/core/ament_execute_extensions.cmake:48 (include)
[1.271s]   /opt/ros/humble/share/rosidl_cmake/cmake/rosidl_generate_interfaces.cmake:286 (ament_execute_extensions)
[1.271s]   CMakeLists.txt:28 (rosidl_generate_interfaces)
[1.271s] This warning is for project developers.  Use -Wno-dev to suppress it.
[1.271s] [0m
[1.282s] -- Found PythonLibs: /usr/lib/x86_64-linux-gnu/libpython3.10.so (found suitable version "3.10.12", minimum required is "3.5")
[1.282s] -- Using PYTHON_EXECUTABLE: /usr/bin/python3
[1.282s] -- Using PYTHON_INCLUDE_DIRS: /usr/include/python3.10
[1.282s] -- Using PYTHON_LIBRARIES: /usr/lib/x86_64-linux-gnu/libpython3.10.so
[1.299s] -- Found PythonExtra: .so
[1.352s] -- Added test 'lint_cmake' to check CMake code style
[1.354s] -- Added test 'xmllint' to check XML markup files
[1.362s] -- Configuring done (1.3s)
[1.389s] -- Generating done (0.0s)
[1.395s] -- Build files have been written to: /home/ddq2/interbotix_ws/build/robopoint_interfaces
[1.407s] Invoked command in '/home/ddq2/interbotix_ws/build/robopoint_interfaces' returned '0': CMAKE_PREFIX_PATH=${CMAKE_PREFIX_PATH}:/home/ddq2/realsense_ws/install/detection_visualizer:/home/ddq2/realsense_ws/install/distance_calculation:/home/ddq2/interbotix_ws/install/interbotix_xs_modules:/home/ddq2/interbotix_ws/install/interbotix_perception_modules:/home/ddq2/interbotix_ws/install/interbotix_common_modules:/home/ddq2/interbotix_ws/install/image_projector:/opt/ros/humble _=/usr/bin/env /home/ddq2/.local/bin/cmake /home/ddq2/interbotix_ws/src/robopoint_interfaces -DCMAKE_INSTALL_PREFIX=/home/ddq2/interbotix_ws/install/robopoint_interfaces
[1.409s] Invoking command in '/home/ddq2/interbotix_ws/build/robopoint_interfaces': CMAKE_PREFIX_PATH=${CMAKE_PREFIX_PATH}:/home/ddq2/realsense_ws/install/detection_visualizer:/home/ddq2/realsense_ws/install/distance_calculation:/home/ddq2/interbotix_ws/install/interbotix_xs_modules:/home/ddq2/interbotix_ws/install/interbotix_perception_modules:/home/ddq2/interbotix_ws/install/interbotix_common_modules:/home/ddq2/interbotix_ws/install/image_projector:/opt/ros/humble _=/usr/bin/env /home/ddq2/.local/bin/cmake --build /home/ddq2/interbotix_ws/build/robopoint_interfaces -- -j16 -l16
[1.472s] [  3%] [34m[1mGenerating C code for ROS interfaces[0m
[1.476s] [  6%] [34m[1mGenerating C++ code for ROS interfaces[0m
[1.478s] [  6%] Built target ament_cmake_python_copy_robopoint_interfaces
[1.639s] running egg_info
[1.640s] creating robopoint_interfaces.egg-info
[1.652s] [  6%] Built target robopoint_interfaces__cpp
[1.654s] writing robopoint_interfaces.egg-info/PKG-INFO
[1.655s] writing dependency_links to robopoint_interfaces.egg-info/dependency_links.txt
[1.655s] writing top-level names to robopoint_interfaces.egg-info/top_level.txt
[1.655s] writing manifest file 'robopoint_interfaces.egg-info/SOURCES.txt'
[1.655s] [  9%] [32mBuilding C object CMakeFiles/robopoint_interfaces__rosidl_generator_c.dir/rosidl_generator_c/robopoint_interfaces/srv/detail/get3_d_coordinates__functions.c.o[0m
[1.656s] [ 12%] [34m[1mGenerating C++ type support dispatch for ROS interfaces[0m
[1.656s] [ 16%] [34m[1mGenerating C++ type support for eProsima Fast-RTPS[0m
[1.656s] [ 19%] [34m[1mGenerating C++ introspection for ROS interfaces[0m
[1.697s] reading manifest file 'robopoint_interfaces.egg-info/SOURCES.txt'
[1.697s] writing manifest file 'robopoint_interfaces.egg-info/SOURCES.txt'
[1.700s] [ 22%] [32m[1mLinking C shared library librobopoint_interfaces__rosidl_generator_c.so[0m
[1.718s] [ 22%] Built target ament_cmake_python_build_robopoint_interfaces_egg
[1.719s] [ 22%] Built target robopoint_interfaces__rosidl_generator_c
[1.723s] [ 25%] [34m[1mGenerating C type support for eProsima Fast-RTPS[0m
[1.723s] [ 32%] [34m[1mGenerating C introspection for ROS interfaces[0m
[1.723s] [ 32%] [34m[1mGenerating C type support dispatch for ROS interfaces[0m
[1.816s] [ 35%] [32mBuilding CXX object CMakeFiles/robopoint_interfaces__rosidl_typesupport_cpp.dir/rosidl_typesupport_cpp/robopoint_interfaces/srv/get3_d_coordinates__type_support.cpp.o[0m
[1.836s] [ 38%] [32mBuilding CXX object CMakeFiles/robopoint_interfaces__rosidl_typesupport_introspection_cpp.dir/rosidl_typesupport_introspection_cpp/robopoint_interfaces/srv/detail/get3_d_coordinates__type_support.cpp.o[0m
[1.858s] [ 41%] [32mBuilding CXX object CMakeFiles/robopoint_interfaces__rosidl_typesupport_fastrtps_cpp.dir/rosidl_typesupport_fastrtps_cpp/robopoint_interfaces/srv/detail/dds_fastrtps/get3_d_coordinates__type_support.cpp.o[0m
[1.881s] [ 45%] [32mBuilding CXX object CMakeFiles/robopoint_interfaces__rosidl_typesupport_c.dir/rosidl_typesupport_c/robopoint_interfaces/srv/get3_d_coordinates__type_support.cpp.o[0m
[1.897s] [ 48%] [32mBuilding C object CMakeFiles/robopoint_interfaces__rosidl_typesupport_introspection_c.dir/rosidl_typesupport_introspection_c/robopoint_interfaces/srv/detail/get3_d_coordinates__type_support.c.o[0m
[1.900s] [ 51%] [32m[1mLinking CXX shared library librobopoint_interfaces__rosidl_typesupport_c.so[0m
[1.918s] [ 54%] [32m[1mLinking C shared library librobopoint_interfaces__rosidl_typesupport_introspection_c.so[0m
[1.921s] [ 54%] Built target robopoint_interfaces__rosidl_typesupport_c
[1.931s] [ 54%] Built target robopoint_interfaces__rosidl_typesupport_introspection_c
[1.947s] [ 58%] [32mBuilding CXX object CMakeFiles/robopoint_interfaces__rosidl_typesupport_fastrtps_c.dir/rosidl_typesupport_fastrtps_c/robopoint_interfaces/srv/detail/get3_d_coordinates__type_support_c.cpp.o[0m
[2.002s] [ 61%] [32m[1mLinking CXX shared library librobopoint_interfaces__rosidl_typesupport_cpp.so[0m
[2.022s] [ 61%] Built target robopoint_interfaces__rosidl_typesupport_cpp
[2.067s] [ 64%] [32m[1mLinking CXX shared library librobopoint_interfaces__rosidl_typesupport_introspection_cpp.so[0m
[2.087s] [ 64%] Built target robopoint_interfaces__rosidl_typesupport_introspection_cpp
[2.098s] [ 67%] [32m[1mLinking CXX shared library librobopoint_interfaces__rosidl_typesupport_fastrtps_cpp.so[0m
[2.136s] [ 67%] Built target robopoint_interfaces__rosidl_typesupport_fastrtps_cpp
[2.145s] [ 70%] [32m[1mLinking CXX shared library librobopoint_interfaces__rosidl_typesupport_fastrtps_c.so[0m
[2.182s] [ 70%] Built target robopoint_interfaces__rosidl_typesupport_fastrtps_c
[2.189s] [ 70%] Built target robopoint_interfaces
[2.196s] [ 74%] [34m[1mGenerating Python code for ROS interfaces[0m
[2.424s] [ 74%] Built target robopoint_interfaces__py
[2.431s] [ 77%] [32mBuilding C object CMakeFiles/robopoint_interfaces__rosidl_generator_py.dir/rosidl_generator_py/robopoint_interfaces/srv/_get3_d_coordinates_s.c.o[0m
[2.506s] [ 80%] [32m[1mLinking C shared library rosidl_generator_py/robopoint_interfaces/librobopoint_interfaces__rosidl_generator_py.so[0m
[2.526s] [ 80%] Built target robopoint_interfaces__rosidl_generator_py
[2.534s] [ 83%] [32mBuilding C object CMakeFiles/robopoint_interfaces__rosidl_typesupport_fastrtps_c__pyext.dir/rosidl_generator_py/robopoint_interfaces/_robopoint_interfaces_s.ep.rosidl_typesupport_fastrtps_c.c.o[0m
[2.534s] [ 87%] [32mBuilding C object CMakeFiles/robopoint_interfaces__rosidl_typesupport_introspection_c__pyext.dir/rosidl_generator_py/robopoint_interfaces/_robopoint_interfaces_s.ep.rosidl_typesupport_introspection_c.c.o[0m
[2.534s] [ 90%] [32mBuilding C object CMakeFiles/robopoint_interfaces__rosidl_typesupport_c__pyext.dir/rosidl_generator_py/robopoint_interfaces/_robopoint_interfaces_s.ep.rosidl_typesupport_c.c.o[0m
[2.590s] [ 96%] [32m[1mLinking C shared library rosidl_generator_py/robopoint_interfaces/robopoint_interfaces_s__rosidl_typesupport_introspection_c.cpython-310-x86_64-linux-gnu.so[0m
[2.590s] [ 96%] [32m[1mLinking C shared library rosidl_generator_py/robopoint_interfaces/robopoint_interfaces_s__rosidl_typesupport_c.cpython-310-x86_64-linux-gnu.so[0m
[2.590s] [100%] [32m[1mLinking C shared library rosidl_generator_py/robopoint_interfaces/robopoint_interfaces_s__rosidl_typesupport_fastrtps_c.cpython-310-x86_64-linux-gnu.so[0m
[2.604s] [100%] Built target robopoint_interfaces__rosidl_typesupport_introspection_c__pyext
[2.605s] [100%] Built target robopoint_interfaces__rosidl_typesupport_c__pyext
[2.605s] [100%] Built target robopoint_interfaces__rosidl_typesupport_fastrtps_c__pyext
[2.617s] Invoked command in '/home/ddq2/interbotix_ws/build/robopoint_interfaces' returned '0': CMAKE_PREFIX_PATH=${CMAKE_PREFIX_PATH}:/home/ddq2/realsense_ws/install/detection_visualizer:/home/ddq2/realsense_ws/install/distance_calculation:/home/ddq2/interbotix_ws/install/interbotix_xs_modules:/home/ddq2/interbotix_ws/install/interbotix_perception_modules:/home/ddq2/interbotix_ws/install/interbotix_common_modules:/home/ddq2/interbotix_ws/install/image_projector:/opt/ros/humble _=/usr/bin/env /home/ddq2/.local/bin/cmake --build /home/ddq2/interbotix_ws/build/robopoint_interfaces -- -j16 -l16
[2.691s] Invoking command in '/home/ddq2/interbotix_ws/build/robopoint_interfaces': CMAKE_PREFIX_PATH=${CMAKE_PREFIX_PATH}:/home/ddq2/realsense_ws/install/detection_visualizer:/home/ddq2/realsense_ws/install/distance_calculation:/home/ddq2/interbotix_ws/install/interbotix_xs_modules:/home/ddq2/interbotix_ws/install/interbotix_perception_modules:/home/ddq2/interbotix_ws/install/interbotix_common_modules:/home/ddq2/interbotix_ws/install/image_projector:/opt/ros/humble _=/usr/bin/env /home/ddq2/.local/bin/cmake --install /home/ddq2/interbotix_ws/build/robopoint_interfaces
[2.745s] -- Install configuration: ""
[2.746s] -- Installing: /home/ddq2/interbotix_ws/install/robopoint_interfaces/share/ament_index/resource_index/rosidl_interfaces/robopoint_interfaces
[2.746s] -- Installing: /home/ddq2/interbotix_ws/install/robopoint_interfaces/include/robopoint_interfaces/robopoint_interfaces
[2.746s] -- Installing: /home/ddq2/interbotix_ws/install/robopoint_interfaces/include/robopoint_interfaces/robopoint_interfaces/msg
[2.746s] -- Installing: /home/ddq2/interbotix_ws/install/robopoint_interfaces/include/robopoint_interfaces/robopoint_interfaces/msg/rosidl_generator_c__visibility_control.h
[2.746s] -- Installing: /home/ddq2/interbotix_ws/install/robopoint_interfaces/include/robopoint_interfaces/robopoint_interfaces/srv
[2.746s] -- Installing: /home/ddq2/interbotix_ws/install/robopoint_interfaces/include/robopoint_interfaces/robopoint_interfaces/srv/get3_d_coordinates.h
[2.746s] -- Installing: /home/ddq2/interbotix_ws/install/robopoint_interfaces/include/robopoint_interfaces/robopoint_interfaces/srv/detail
[2.746s] -- Installing: /home/ddq2/interbotix_ws/install/robopoint_interfaces/include/robopoint_interfaces/robopoint_interfaces/srv/detail/get3_d_coordinates__struct.h
[2.746s] -- Installing: /home/ddq2/interbotix_ws/install/robopoint_interfaces/include/robopoint_interfaces/robopoint_interfaces/srv/detail/get3_d_coordinates__type_support.h
[2.746s] -- Installing: /home/ddq2/interbotix_ws/install/robopoint_interfaces/include/robopoint_interfaces/robopoint_interfaces/srv/detail/get3_d_coordinates__functions.c
[2.746s] -- Installing: /home/ddq2/interbotix_ws/install/robopoint_interfaces/include/robopoint_interfaces/robopoint_interfaces/srv/detail/get3_d_coordinates__functions.h
[2.746s] -- Installing: /home/ddq2/interbotix_ws/install/robopoint_interfaces/share/robopoint_interfaces/environment/library_path.sh
[2.746s] -- Installing: /home/ddq2/interbotix_ws/install/robopoint_interfaces/share/robopoint_interfaces/environment/library_path.dsv
[2.746s] -- Installing: /home/ddq2/interbotix_ws/install/robopoint_interfaces/lib/librobopoint_interfaces__rosidl_generator_c.so
[2.746s] -- Set non-toolchain portion of runtime path of "/home/ddq2/interbotix_ws/install/robopoint_interfaces/lib/librobopoint_interfaces__rosidl_generator_c.so" to ""
[2.746s] -- Up-to-date: /home/ddq2/interbotix_ws/install/robopoint_interfaces/include/robopoint_interfaces/robopoint_interfaces
[2.746s] -- Up-to-date: /home/ddq2/interbotix_ws/install/robopoint_interfaces/include/robopoint_interfaces/robopoint_interfaces/msg
[2.746s] -- Installing: /home/ddq2/interbotix_ws/install/robopoint_interfaces/include/robopoint_interfaces/robopoint_interfaces/msg/rosidl_typesupport_fastrtps_c__visibility_control.h
[2.746s] -- Up-to-date: /home/ddq2/interbotix_ws/install/robopoint_interfaces/include/robopoint_interfaces/robopoint_interfaces/srv
[2.746s] -- Up-to-date: /home/ddq2/interbotix_ws/install/robopoint_interfaces/include/robopoint_interfaces/robopoint_interfaces/srv/detail
[2.746s] -- Installing: /home/ddq2/interbotix_ws/install/robopoint_interfaces/include/robopoint_interfaces/robopoint_interfaces/srv/detail/get3_d_coordinates__rosidl_typesupport_fastrtps_c.h
[2.746s] -- Installing: /home/ddq2/interbotix_ws/install/robopoint_interfaces/lib/librobopoint_interfaces__rosidl_typesupport_fastrtps_c.so
[2.746s] -- Set non-toolchain portion of runtime path of "/home/ddq2/interbotix_ws/install/robopoint_interfaces/lib/librobopoint_interfaces__rosidl_typesupport_fastrtps_c.so" to ""
[2.746s] -- Up-to-date: /home/ddq2/interbotix_ws/install/robopoint_interfaces/include/robopoint_interfaces/robopoint_interfaces
[2.747s] -- Up-to-date: /home/ddq2/interbotix_ws/install/robopoint_interfaces/include/robopoint_interfaces/robopoint_interfaces/msg
[2.747s] -- Installing: /home/ddq2/interbotix_ws/install/robopoint_interfaces/include/robopoint_interfaces/robopoint_interfaces/msg/rosidl_typesupport_introspection_c__visibility_control.h
[2.747s] -- Up-to-date: /home/ddq2/interbotix_ws/install/robopoint_interfaces/include/robopoint_interfaces/robopoint_interfaces/srv
[2.747s] -- Up-to-date: /home/ddq2/interbotix_ws/install/robopoint_interfaces/include/robopoint_interfaces/robopoint_interfaces/srv/detail
[2.747s] -- Installing: /home/ddq2/interbotix_ws/install/robopoint_interfaces/include/robopoint_interfaces/robopoint_interfaces/srv/detail/get3_d_coordinates__type_support.c
[2.747s] -- Installing: /home/ddq2/interbotix_ws/install/robopoint_interfaces/include/robopoint_interfaces/robopoint_interfaces/srv/detail/get3_d_coordinates__rosidl_typesupport_introspection_c.h
[2.747s] -- Installing: /home/ddq2/interbotix_ws/install/robopoint_interfaces/lib/librobopoint_interfaces__rosidl_typesupport_introspection_c.so
[2.747s] -- Set non-toolchain portion of runtime path of "/home/ddq2/interbotix_ws/install/robopoint_interfaces/lib/librobopoint_interfaces__rosidl_typesupport_introspection_c.so" to ""
[2.747s] -- Installing: /home/ddq2/interbotix_ws/install/robopoint_interfaces/lib/librobopoint_interfaces__rosidl_typesupport_c.so
[2.747s] -- Set non-toolchain portion of runtime path of "/home/ddq2/interbotix_ws/install/robopoint_interfaces/lib/librobopoint_interfaces__rosidl_typesupport_c.so" to ""
[2.747s] -- Up-to-date: /home/ddq2/interbotix_ws/install/robopoint_interfaces/include/robopoint_interfaces/robopoint_interfaces
[2.747s] -- Up-to-date: /home/ddq2/interbotix_ws/install/robopoint_interfaces/include/robopoint_interfaces/robopoint_interfaces/msg
[2.747s] -- Installing: /home/ddq2/interbotix_ws/install/robopoint_interfaces/include/robopoint_interfaces/robopoint_interfaces/msg/rosidl_generator_cpp__visibility_control.hpp
[2.747s] -- Up-to-date: /home/ddq2/interbotix_ws/install/robopoint_interfaces/include/robopoint_interfaces/robopoint_interfaces/srv
[2.747s] -- Installing: /home/ddq2/interbotix_ws/install/robopoint_interfaces/include/robopoint_interfaces/robopoint_interfaces/srv/get3_d_coordinates.hpp
[2.747s] -- Up-to-date: /home/ddq2/interbotix_ws/install/robopoint_interfaces/include/robopoint_interfaces/robopoint_interfaces/srv/detail
[2.747s] -- Installing: /home/ddq2/interbotix_ws/install/robopoint_interfaces/include/robopoint_interfaces/robopoint_interfaces/srv/detail/get3_d_coordinates__builder.hpp
[2.747s] -- Installing: /home/ddq2/interbotix_ws/install/robopoint_interfaces/include/robopoint_interfaces/robopoint_interfaces/srv/detail/get3_d_coordinates__struct.hpp
[2.747s] -- Installing: /home/ddq2/interbotix_ws/install/robopoint_interfaces/include/robopoint_interfaces/robopoint_interfaces/srv/detail/get3_d_coordinates__type_support.hpp
[2.747s] -- Installing: /home/ddq2/interbotix_ws/install/robopoint_interfaces/include/robopoint_interfaces/robopoint_interfaces/srv/detail/get3_d_coordinates__traits.hpp
[2.747s] -- Up-to-date: /home/ddq2/interbotix_ws/install/robopoint_interfaces/include/robopoint_interfaces/robopoint_interfaces
[2.747s] -- Up-to-date: /home/ddq2/interbotix_ws/install/robopoint_interfaces/include/robopoint_interfaces/robopoint_interfaces/msg
[2.748s] -- Installing: /home/ddq2/interbotix_ws/install/robopoint_interfaces/include/robopoint_interfaces/robopoint_interfaces/msg/rosidl_typesupport_fastrtps_cpp__visibility_control.h
[2.748s] -- Up-to-date: /home/ddq2/interbotix_ws/install/robopoint_interfaces/include/robopoint_interfaces/robopoint_interfaces/srv
[2.748s] -- Up-to-date: /home/ddq2/interbotix_ws/install/robopoint_interfaces/include/robopoint_interfaces/robopoint_interfaces/srv/detail
[2.748s] -- Installing: /home/ddq2/interbotix_ws/install/robopoint_interfaces/include/robopoint_interfaces/robopoint_interfaces/srv/detail/get3_d_coordinates__rosidl_typesupport_fastrtps_cpp.hpp
[2.748s] -- Installing: /home/ddq2/interbotix_ws/install/robopoint_interfaces/include/robopoint_interfaces/robopoint_interfaces/srv/detail/dds_fastrtps
[2.748s] -- Installing: /home/ddq2/interbotix_ws/install/robopoint_interfaces/lib/librobopoint_interfaces__rosidl_typesupport_fastrtps_cpp.so
[2.748s] -- Set non-toolchain portion of runtime path of "/home/ddq2/interbotix_ws/install/robopoint_interfaces/lib/librobopoint_interfaces__rosidl_typesupport_fastrtps_cpp.so" to ""
[2.748s] -- Up-to-date: /home/ddq2/interbotix_ws/install/robopoint_interfaces/include/robopoint_interfaces/robopoint_interfaces
[2.748s] -- Up-to-date: /home/ddq2/interbotix_ws/install/robopoint_interfaces/include/robopoint_interfaces/robopoint_interfaces/srv
[2.748s] -- Up-to-date: /home/ddq2/interbotix_ws/install/robopoint_interfaces/include/robopoint_interfaces/robopoint_interfaces/srv/detail
[2.748s] -- Installing: /home/ddq2/interbotix_ws/install/robopoint_interfaces/include/robopoint_interfaces/robopoint_interfaces/srv/detail/get3_d_coordinates__type_support.cpp
[2.748s] -- Installing: /home/ddq2/interbotix_ws/install/robopoint_interfaces/include/robopoint_interfaces/robopoint_interfaces/srv/detail/get3_d_coordinates__rosidl_typesupport_introspection_cpp.hpp
[2.748s] -- Installing: /home/ddq2/interbotix_ws/install/robopoint_interfaces/lib/librobopoint_interfaces__rosidl_typesupport_introspection_cpp.so
[2.748s] -- Set non-toolchain portion of runtime path of "/home/ddq2/interbotix_ws/install/robopoint_interfaces/lib/librobopoint_interfaces__rosidl_typesupport_introspection_cpp.so" to ""
[2.748s] -- Installing: /home/ddq2/interbotix_ws/install/robopoint_interfaces/lib/librobopoint_interfaces__rosidl_typesupport_cpp.so
[2.748s] -- Set non-toolchain portion of runtime path of "/home/ddq2/interbotix_ws/install/robopoint_interfaces/lib/librobopoint_interfaces__rosidl_typesupport_cpp.so" to ""
[2.748s] -- Installing: /home/ddq2/interbotix_ws/install/robopoint_interfaces/share/robopoint_interfaces/environment/pythonpath.sh
[2.748s] -- Installing: /home/ddq2/interbotix_ws/install/robopoint_interfaces/share/robopoint_interfaces/environment/pythonpath.dsv
[2.748s] -- Installing: /home/ddq2/interbotix_ws/install/robopoint_interfaces/local/lib/python3.10/dist-packages/robopoint_interfaces-0.0.0-py3.10.egg-info
[2.748s] -- Installing: /home/ddq2/interbotix_ws/install/robopoint_interfaces/local/lib/python3.10/dist-packages/robopoint_interfaces-0.0.0-py3.10.egg-info/PKG-INFO
[2.749s] -- Installing: /home/ddq2/interbotix_ws/install/robopoint_interfaces/local/lib/python3.10/dist-packages/robopoint_interfaces-0.0.0-py3.10.egg-info/top_level.txt
[2.749s] -- Installing: /home/ddq2/interbotix_ws/install/robopoint_interfaces/local/lib/python3.10/dist-packages/robopoint_interfaces-0.0.0-py3.10.egg-info/SOURCES.txt
[2.749s] -- Installing: /home/ddq2/interbotix_ws/install/robopoint_interfaces/local/lib/python3.10/dist-packages/robopoint_interfaces-0.0.0-py3.10.egg-info/dependency_links.txt
[2.749s] -- Installing: /home/ddq2/interbotix_ws/install/robopoint_interfaces/local/lib/python3.10/dist-packages/robopoint_interfaces
[2.749s] -- Installing: /home/ddq2/interbotix_ws/install/robopoint_interfaces/local/lib/python3.10/dist-packages/robopoint_interfaces/__init__.py
[2.749s] -- Installing: /home/ddq2/interbotix_ws/install/robopoint_interfaces/local/lib/python3.10/dist-packages/robopoint_interfaces/robopoint_interfaces_s__rosidl_typesupport_fastrtps_c.cpython-310-x86_64-linux-gnu.so
[2.749s] -- Installing: /home/ddq2/interbotix_ws/install/robopoint_interfaces/local/lib/python3.10/dist-packages/robopoint_interfaces/_robopoint_interfaces_s.ep.rosidl_typesupport_fastrtps_c.c
[2.749s] -- Installing: /home/ddq2/interbotix_ws/install/robopoint_interfaces/local/lib/python3.10/dist-packages/robopoint_interfaces/robopoint_interfaces_s__rosidl_typesupport_introspection_c.cpython-310-x86_64-linux-gnu.so
[2.749s] -- Installing: /home/ddq2/interbotix_ws/install/robopoint_interfaces/local/lib/python3.10/dist-packages/robopoint_interfaces/robopoint_interfaces_s__rosidl_typesupport_c.cpython-310-x86_64-linux-gnu.so
[2.749s] -- Installing: /home/ddq2/interbotix_ws/install/robopoint_interfaces/local/lib/python3.10/dist-packages/robopoint_interfaces/_robopoint_interfaces_s.ep.rosidl_typesupport_c.c
[2.749s] -- Installing: /home/ddq2/interbotix_ws/install/robopoint_interfaces/local/lib/python3.10/dist-packages/robopoint_interfaces/srv
[2.749s] -- Installing: /home/ddq2/interbotix_ws/install/robopoint_interfaces/local/lib/python3.10/dist-packages/robopoint_interfaces/srv/_get3_d_coordinates_s.c
[2.749s] -- Installing: /home/ddq2/interbotix_ws/install/robopoint_interfaces/local/lib/python3.10/dist-packages/robopoint_interfaces/srv/__init__.py
[2.749s] -- Installing: /home/ddq2/interbotix_ws/install/robopoint_interfaces/local/lib/python3.10/dist-packages/robopoint_interfaces/srv/_get3_d_coordinates.py
[2.749s] -- Installing: /home/ddq2/interbotix_ws/install/robopoint_interfaces/local/lib/python3.10/dist-packages/robopoint_interfaces/_robopoint_interfaces_s.ep.rosidl_typesupport_introspection_c.c
[2.749s] -- Installing: /home/ddq2/interbotix_ws/install/robopoint_interfaces/local/lib/python3.10/dist-packages/robopoint_interfaces/librobopoint_interfaces__rosidl_generator_py.so
[2.776s] Listing '/home/ddq2/interbotix_ws/install/robopoint_interfaces/local/lib/python3.10/dist-packages/robopoint_interfaces'...
[2.776s] Compiling '/home/ddq2/interbotix_ws/install/robopoint_interfaces/local/lib/python3.10/dist-packages/robopoint_interfaces/__init__.py'...
[2.776s] Listing '/home/ddq2/interbotix_ws/install/robopoint_interfaces/local/lib/python3.10/dist-packages/robopoint_interfaces/srv'...
[2.776s] Compiling '/home/ddq2/interbotix_ws/install/robopoint_interfaces/local/lib/python3.10/dist-packages/robopoint_interfaces/srv/__init__.py'...
[2.776s] Compiling '/home/ddq2/interbotix_ws/install/robopoint_interfaces/local/lib/python3.10/dist-packages/robopoint_interfaces/srv/_get3_d_coordinates.py'...
[2.780s] -- Installing: /home/ddq2/interbotix_ws/install/robopoint_interfaces/local/lib/python3.10/dist-packages/robopoint_interfaces/robopoint_interfaces_s__rosidl_typesupport_fastrtps_c.cpython-310-x86_64-linux-gnu.so
[2.780s] -- Set non-toolchain portion of runtime path of "/home/ddq2/interbotix_ws/install/robopoint_interfaces/local/lib/python3.10/dist-packages/robopoint_interfaces/robopoint_interfaces_s__rosidl_typesupport_fastrtps_c.cpython-310-x86_64-linux-gnu.so" to ""
[2.780s] -- Installing: /home/ddq2/interbotix_ws/install/robopoint_interfaces/local/lib/python3.10/dist-packages/robopoint_interfaces/robopoint_interfaces_s__rosidl_typesupport_introspection_c.cpython-310-x86_64-linux-gnu.so
[2.780s] -- Set non-toolchain portion of runtime path of "/home/ddq2/interbotix_ws/install/robopoint_interfaces/local/lib/python3.10/dist-packages/robopoint_interfaces/robopoint_interfaces_s__rosidl_typesupport_introspection_c.cpython-310-x86_64-linux-gnu.so" to ""
[2.780s] -- Installing: /home/ddq2/interbotix_ws/install/robopoint_interfaces/local/lib/python3.10/dist-packages/robopoint_interfaces/robopoint_interfaces_s__rosidl_typesupport_c.cpython-310-x86_64-linux-gnu.so
[2.780s] -- Set non-toolchain portion of runtime path of "/home/ddq2/interbotix_ws/install/robopoint_interfaces/local/lib/python3.10/dist-packages/robopoint_interfaces/robopoint_interfaces_s__rosidl_typesupport_c.cpython-310-x86_64-linux-gnu.so" to ""
[2.780s] -- Installing: /home/ddq2/interbotix_ws/install/robopoint_interfaces/lib/librobopoint_interfaces__rosidl_generator_py.so
[2.780s] -- Set non-toolchain portion of runtime path of "/home/ddq2/interbotix_ws/install/robopoint_interfaces/lib/librobopoint_interfaces__rosidl_generator_py.so" to ""
[2.780s] -- Installing: /home/ddq2/interbotix_ws/install/robopoint_interfaces/share/robopoint_interfaces/srv/Get3DCoordinates.idl
[2.781s] -- Installing: /home/ddq2/interbotix_ws/install/robopoint_interfaces/share/robopoint_interfaces/srv/Get3DCoordinates.srv
[2.781s] -- Installing: /home/ddq2/interbotix_ws/install/robopoint_interfaces/share/robopoint_interfaces/srv/Get3DCoordinates_Request.msg
[2.781s] -- Installing: /home/ddq2/interbotix_ws/install/robopoint_interfaces/share/robopoint_interfaces/srv/Get3DCoordinates_Response.msg
[2.781s] -- Installing: /home/ddq2/interbotix_ws/install/robopoint_interfaces/share/ament_index/resource_index/package_run_dependencies/robopoint_interfaces
[2.781s] -- Installing: /home/ddq2/interbotix_ws/install/robopoint_interfaces/share/ament_index/resource_index/parent_prefix_path/robopoint_interfaces
[2.781s] -- Installing: /home/ddq2/interbotix_ws/install/robopoint_interfaces/share/robopoint_interfaces/environment/ament_prefix_path.sh
[2.781s] -- Installing: /home/ddq2/interbotix_ws/install/robopoint_interfaces/share/robopoint_interfaces/environment/ament_prefix_path.dsv
[2.781s] -- Installing: /home/ddq2/interbotix_ws/install/robopoint_interfaces/share/robopoint_interfaces/environment/path.sh
[2.781s] -- Installing: /home/ddq2/interbotix_ws/install/robopoint_interfaces/share/robopoint_interfaces/environment/path.dsv
[2.781s] -- Installing: /home/ddq2/interbotix_ws/install/robopoint_interfaces/share/robopoint_interfaces/local_setup.bash
[2.781s] -- Installing: /home/ddq2/interbotix_ws/install/robopoint_interfaces/share/robopoint_interfaces/local_setup.sh
[2.781s] -- Installing: /home/ddq2/interbotix_ws/install/robopoint_interfaces/share/robopoint_interfaces/local_setup.zsh
[2.781s] -- Installing: /home/ddq2/interbotix_ws/install/robopoint_interfaces/share/robopoint_interfaces/local_setup.dsv
[2.781s] -- Installing: /home/ddq2/interbotix_ws/install/robopoint_interfaces/share/robopoint_interfaces/package.dsv
[2.781s] -- Installing: /home/ddq2/interbotix_ws/install/robopoint_interfaces/share/ament_index/resource_index/packages/robopoint_interfaces
[2.782s] -- Installing: /home/ddq2/interbotix_ws/install/robopoint_interfaces/share/robopoint_interfaces/cmake/export_robopoint_interfaces__rosidl_generator_cExport.cmake
[2.782s] -- Installing: /home/ddq2/interbotix_ws/install/robopoint_interfaces/share/robopoint_interfaces/cmake/export_robopoint_interfaces__rosidl_generator_cExport-noconfig.cmake
[2.782s] -- Installing: /home/ddq2/interbotix_ws/install/robopoint_interfaces/share/robopoint_interfaces/cmake/export_robopoint_interfaces__rosidl_typesupport_fastrtps_cExport.cmake
[2.782s] -- Installing: /home/ddq2/interbotix_ws/install/robopoint_interfaces/share/robopoint_interfaces/cmake/export_robopoint_interfaces__rosidl_typesupport_fastrtps_cExport-noconfig.cmake
[2.782s] -- Installing: /home/ddq2/interbotix_ws/install/robopoint_interfaces/share/robopoint_interfaces/cmake/robopoint_interfaces__rosidl_typesupport_introspection_cExport.cmake
[2.782s] -- Installing: /home/ddq2/interbotix_ws/install/robopoint_interfaces/share/robopoint_interfaces/cmake/robopoint_interfaces__rosidl_typesupport_introspection_cExport-noconfig.cmake
[2.782s] -- Installing: /home/ddq2/interbotix_ws/install/robopoint_interfaces/share/robopoint_interfaces/cmake/robopoint_interfaces__rosidl_typesupport_cExport.cmake
[2.782s] -- Installing: /home/ddq2/interbotix_ws/install/robopoint_interfaces/share/robopoint_interfaces/cmake/robopoint_interfaces__rosidl_typesupport_cExport-noconfig.cmake
[2.782s] -- Installing: /home/ddq2/interbotix_ws/install/robopoint_interfaces/share/robopoint_interfaces/cmake/export_robopoint_interfaces__rosidl_generator_cppExport.cmake
[2.782s] -- Installing: /home/ddq2/interbotix_ws/install/robopoint_interfaces/share/robopoint_interfaces/cmake/export_robopoint_interfaces__rosidl_typesupport_fastrtps_cppExport.cmake
[2.782s] -- Installing: /home/ddq2/interbotix_ws/install/robopoint_interfaces/share/robopoint_interfaces/cmake/export_robopoint_interfaces__rosidl_typesupport_fastrtps_cppExport-noconfig.cmake
[2.782s] -- Installing: /home/ddq2/interbotix_ws/install/robopoint_interfaces/share/robopoint_interfaces/cmake/robopoint_interfaces__rosidl_typesupport_introspection_cppExport.cmake
[2.782s] -- Installing: /home/ddq2/interbotix_ws/install/robopoint_interfaces/share/robopoint_interfaces/cmake/robopoint_interfaces__rosidl_typesupport_introspection_cppExport-noconfig.cmake
[2.782s] -- Installing: /home/ddq2/interbotix_ws/install/robopoint_interfaces/share/robopoint_interfaces/cmake/robopoint_interfaces__rosidl_typesupport_cppExport.cmake
[2.782s] -- Installing: /home/ddq2/interbotix_ws/install/robopoint_interfaces/share/robopoint_interfaces/cmake/robopoint_interfaces__rosidl_typesupport_cppExport-noconfig.cmake
[2.782s] -- Installing: /home/ddq2/interbotix_ws/install/robopoint_interfaces/share/robopoint_interfaces/cmake/export_robopoint_interfaces__rosidl_generator_pyExport.cmake
[2.783s] -- Installing: /home/ddq2/interbotix_ws/install/robopoint_interfaces/share/robopoint_interfaces/cmake/export_robopoint_interfaces__rosidl_generator_pyExport-noconfig.cmake
[2.783s] -- Installing: /home/ddq2/interbotix_ws/install/robopoint_interfaces/share/robopoint_interfaces/cmake/rosidl_cmake-extras.cmake
[2.783s] -- Installing: /home/ddq2/interbotix_ws/install/robopoint_interfaces/share/robopoint_interfaces/cmake/ament_cmake_export_include_directories-extras.cmake
[2.783s] -- Installing: /home/ddq2/interbotix_ws/install/robopoint_interfaces/share/robopoint_interfaces/cmake/ament_cmake_export_libraries-extras.cmake
[2.783s] -- Installing: /home/ddq2/interbotix_ws/install/robopoint_interfaces/share/robopoint_interfaces/cmake/ament_cmake_export_targets-extras.cmake
[2.783s] -- Installing: /home/ddq2/interbotix_ws/install/robopoint_interfaces/share/robopoint_interfaces/cmake/rosidl_cmake_export_typesupport_targets-extras.cmake
[2.783s] -- Installing: /home/ddq2/interbotix_ws/install/robopoint_interfaces/share/robopoint_interfaces/cmake/ament_cmake_export_dependencies-extras.cmake
[2.783s] -- Installing: /home/ddq2/interbotix_ws/install/robopoint_interfaces/share/robopoint_interfaces/cmake/rosidl_cmake_export_typesupport_libraries-extras.cmake
[2.783s] -- Installing: /home/ddq2/interbotix_ws/install/robopoint_interfaces/share/robopoint_interfaces/cmake/robopoint_interfacesConfig.cmake
[2.783s] -- Installing: /home/ddq2/interbotix_ws/install/robopoint_interfaces/share/robopoint_interfaces/cmake/robopoint_interfacesConfig-version.cmake
[2.783s] -- Installing: /home/ddq2/interbotix_ws/install/robopoint_interfaces/share/robopoint_interfaces/package.xml
[2.793s] Invoked command in '/home/ddq2/interbotix_ws/build/robopoint_interfaces' returned '0': CMAKE_PREFIX_PATH=${CMAKE_PREFIX_PATH}:/home/ddq2/realsense_ws/install/detection_visualizer:/home/ddq2/realsense_ws/install/distance_calculation:/home/ddq2/interbotix_ws/install/interbotix_xs_modules:/home/ddq2/interbotix_ws/install/interbotix_perception_modules:/home/ddq2/interbotix_ws/install/interbotix_common_modules:/home/ddq2/interbotix_ws/install/image_projector:/opt/ros/humble _=/usr/bin/env /home/ddq2/.local/bin/cmake --install /home/ddq2/interbotix_ws/build/robopoint_interfaces
