[0.408s] Invoking command in '/home/ddq2/interbotix_ws/build/interbotix_perception_msgs': CMAKE_PREFIX_PATH=${CMAKE_PREFIX_PATH}:/home/ddq2/interbotix_ws/install/image_projector:/home/ddq2/interbotix_ws/install/interbotix_xs_modules:/home/ddq2/interbotix_ws/install/interbotix_xs_sdk:/home/ddq2/interbotix_ws/install/interbotix_perception_modules:/home/ddq2/interbotix_ws/install/interbotix_perception_pipelines:/home/ddq2/interbotix_ws/install/interbotix_common_modules:/home/ddq2/realsense_ws/install/detection_visualizer:/home/ddq2/realsense_ws/install/distance_calculation:/opt/ros/humble _=/usr/bin/env /home/ddq2/.local/bin/cmake --build /home/ddq2/interbotix_ws/build/interbotix_perception_msgs -- -j16 -l16
[0.665s] [  1%] Built target interbotix_perception_msgs__cpp
[0.666s] [ 12%] Built target interbotix_perception_msgs__rosidl_generator_c
[0.682s] [ 12%] Built target ament_cmake_python_copy_interbotix_perception_msgs
[0.718s] [ 14%] [32mBuilding CXX object CMakeFiles/interbotix_perception_msgs__rosidl_typesupport_fastrtps_cpp.dir/rosidl_typesupport_fastrtps_cpp/interbotix_perception_msgs/srv/detail/dds_fastrtps/cluster_info_array__type_support.cpp.o[0m
[0.719s] [ 16%] [32mBuilding CXX object CMakeFiles/interbotix_perception_msgs__rosidl_typesupport_fastrtps_cpp.dir/rosidl_typesupport_fastrtps_cpp/interbotix_perception_msgs/srv/detail/dds_fastrtps/filter_params__type_support.cpp.o[0m
[0.722s] [ 18%] [32mBuilding CXX object CMakeFiles/interbotix_perception_msgs__rosidl_typesupport_fastrtps_cpp.dir/rosidl_typesupport_fastrtps_cpp/interbotix_perception_msgs/msg/detail/dds_fastrtps/cluster_info__type_support.cpp.o[0m
[0.722s] [ 29%] Built target interbotix_perception_msgs__rosidl_typesupport_introspection_c
[0.726s] [ 30%] [32mBuilding CXX object CMakeFiles/interbotix_perception_msgs__rosidl_typesupport_introspection_cpp.dir/rosidl_typesupport_introspection_cpp/interbotix_perception_msgs/msg/detail/cluster_info__type_support.cpp.o[0m
[0.726s] [ 32%] [32mBuilding CXX object CMakeFiles/interbotix_perception_msgs__rosidl_typesupport_introspection_cpp.dir/rosidl_typesupport_introspection_cpp/interbotix_perception_msgs/srv/detail/cluster_info_array__type_support.cpp.o[0m
[0.734s] [ 34%] [32mBuilding CXX object CMakeFiles/interbotix_perception_msgs__rosidl_typesupport_introspection_cpp.dir/rosidl_typesupport_introspection_cpp/interbotix_perception_msgs/srv/detail/filter_params__type_support.cpp.o[0m
[0.736s] [ 45%] Built target interbotix_perception_msgs__rosidl_typesupport_c
[0.742s] [ 47%] [32mBuilding CXX object CMakeFiles/interbotix_perception_msgs__rosidl_typesupport_introspection_cpp.dir/rosidl_typesupport_introspection_cpp/interbotix_perception_msgs/srv/detail/snap_picture__type_support.cpp.o[0m
[0.742s] [ 49%] [32mBuilding CXX object CMakeFiles/interbotix_perception_msgs__rosidl_typesupport_fastrtps_cpp.dir/rosidl_typesupport_fastrtps_cpp/interbotix_perception_msgs/srv/detail/dds_fastrtps/snap_picture__type_support.cpp.o[0m
[0.745s] [ 50%] [32mBuilding CXX object CMakeFiles/interbotix_perception_msgs__rosidl_typesupport_cpp.dir/rosidl_typesupport_cpp/interbotix_perception_msgs/msg/cluster_info__type_support.cpp.o[0m
[0.751s] [ 52%] [32mBuilding CXX object CMakeFiles/interbotix_perception_msgs__rosidl_typesupport_cpp.dir/rosidl_typesupport_cpp/interbotix_perception_msgs/srv/filter_params__type_support.cpp.o[0m
[0.754s] [ 54%] [32mBuilding CXX object CMakeFiles/interbotix_perception_msgs__rosidl_typesupport_fastrtps_c.dir/rosidl_typesupport_fastrtps_c/interbotix_perception_msgs/msg/detail/cluster_info__type_support_c.cpp.o[0m
[0.760s] [ 56%] [32mBuilding CXX object CMakeFiles/interbotix_perception_msgs__rosidl_typesupport_cpp.dir/rosidl_typesupport_cpp/interbotix_perception_msgs/srv/cluster_info_array__type_support.cpp.o[0m
[0.760s] [ 58%] [32mBuilding CXX object CMakeFiles/interbotix_perception_msgs__rosidl_typesupport_cpp.dir/rosidl_typesupport_cpp/interbotix_perception_msgs/srv/snap_picture__type_support.cpp.o[0m
[0.764s] [ 60%] [32mBuilding CXX object CMakeFiles/interbotix_perception_msgs__rosidl_typesupport_fastrtps_c.dir/rosidl_typesupport_fastrtps_c/interbotix_perception_msgs/srv/detail/cluster_info_array__type_support_c.cpp.o[0m
[0.766s] [ 61%] [32mBuilding CXX object CMakeFiles/interbotix_perception_msgs__rosidl_typesupport_fastrtps_c.dir/rosidl_typesupport_fastrtps_c/interbotix_perception_msgs/srv/detail/filter_params__type_support_c.cpp.o[0m
[1.594s] [ 63%] [32mBuilding CXX object CMakeFiles/interbotix_perception_msgs__rosidl_typesupport_fastrtps_c.dir/rosidl_typesupport_fastrtps_c/interbotix_perception_msgs/srv/detail/snap_picture__type_support_c.cpp.o[0m
[1.684s] [ 65%] [32m[1mLinking CXX shared library libinterbotix_perception_msgs__rosidl_typesupport_cpp.so[0m
[1.748s] running egg_info
[1.806s] [ 67%] Built target interbotix_perception_msgs__rosidl_typesupport_cpp
[1.827s] writing interbotix_perception_msgs.egg-info/PKG-INFO
[1.828s] writing dependency_links to interbotix_perception_msgs.egg-info/dependency_links.txt
[1.828s] writing top-level names to interbotix_perception_msgs.egg-info/top_level.txt
[2.065s] reading manifest file 'interbotix_perception_msgs.egg-info/SOURCES.txt'
[2.066s] writing manifest file 'interbotix_perception_msgs.egg-info/SOURCES.txt'
[2.093s] [ 69%] [32m[1mLinking CXX shared library libinterbotix_perception_msgs__rosidl_typesupport_introspection_cpp.so[0m
[2.150s] [ 69%] Built target ament_cmake_python_build_interbotix_perception_msgs_egg
[2.243s] [ 70%] [32m[1mLinking CXX shared library libinterbotix_perception_msgs__rosidl_typesupport_fastrtps_cpp.so[0m
[2.303s] [ 72%] Built target interbotix_perception_msgs__rosidl_typesupport_introspection_cpp
[2.321s] [ 74%] [32m[1mLinking CXX shared library libinterbotix_perception_msgs__rosidl_typesupport_fastrtps_c.so[0m
[2.467s] [ 76%] Built target interbotix_perception_msgs__rosidl_typesupport_fastrtps_cpp
[2.521s] [ 78%] Built target interbotix_perception_msgs__rosidl_typesupport_fastrtps_c
[2.558s] [ 78%] Built target interbotix_perception_msgs
[2.590s] [ 80%] Built target interbotix_perception_msgs__py
[2.638s] [ 81%] [32mBuilding C object CMakeFiles/interbotix_perception_msgs__rosidl_generator_py.dir/rosidl_generator_py/interbotix_perception_msgs/msg/_cluster_info_s.c.o[0m
[2.643s] [ 83%] [32mBuilding C object CMakeFiles/interbotix_perception_msgs__rosidl_generator_py.dir/rosidl_generator_py/interbotix_perception_msgs/srv/_cluster_info_array_s.c.o[0m
[2.645s] [ 85%] [32mBuilding C object CMakeFiles/interbotix_perception_msgs__rosidl_generator_py.dir/rosidl_generator_py/interbotix_perception_msgs/srv/_filter_params_s.c.o[0m
[2.649s] [ 87%] [32mBuilding C object CMakeFiles/interbotix_perception_msgs__rosidl_generator_py.dir/rosidl_generator_py/interbotix_perception_msgs/srv/_snap_picture_s.c.o[0m
[2.951s] [ 89%] [32m[1mLinking C shared library rosidl_generator_py/interbotix_perception_msgs/libinterbotix_perception_msgs__rosidl_generator_py.so[0m
[3.003s] [ 89%] Built target interbotix_perception_msgs__rosidl_generator_py
[3.026s] [ 90%] [32mBuilding C object CMakeFiles/interbotix_perception_msgs__rosidl_typesupport_fastrtps_c__pyext.dir/rosidl_generator_py/interbotix_perception_msgs/_interbotix_perception_msgs_s.ep.rosidl_typesupport_fastrtps_c.c.o[0m
[3.034s] [ 94%] [32mBuilding C object CMakeFiles/interbotix_perception_msgs__rosidl_typesupport_c__pyext.dir/rosidl_generator_py/interbotix_perception_msgs/_interbotix_perception_msgs_s.ep.rosidl_typesupport_c.c.o[0m
[3.034s] [ 94%] [32mBuilding C object CMakeFiles/interbotix_perception_msgs__rosidl_typesupport_introspection_c__pyext.dir/rosidl_generator_py/interbotix_perception_msgs/_interbotix_perception_msgs_s.ep.rosidl_typesupport_introspection_c.c.o[0m
[3.164s] [ 96%] [32m[1mLinking C shared library rosidl_generator_py/interbotix_perception_msgs/interbotix_perception_msgs_s__rosidl_typesupport_fastrtps_c.cpython-310-x86_64-linux-gnu.so[0m
[3.165s] [ 98%] [32m[1mLinking C shared library rosidl_generator_py/interbotix_perception_msgs/interbotix_perception_msgs_s__rosidl_typesupport_introspection_c.cpython-310-x86_64-linux-gnu.so[0m
[3.170s] [100%] [32m[1mLinking C shared library rosidl_generator_py/interbotix_perception_msgs/interbotix_perception_msgs_s__rosidl_typesupport_c.cpython-310-x86_64-linux-gnu.so[0m
[3.188s] [100%] Built target interbotix_perception_msgs__rosidl_typesupport_fastrtps_c__pyext
[3.189s] [100%] Built target interbotix_perception_msgs__rosidl_typesupport_introspection_c__pyext
[3.202s] [100%] Built target interbotix_perception_msgs__rosidl_typesupport_c__pyext
