[0.617s] Invoking command in '/home/ddq2/interbotix_ws/src/image_projector': LD_LIBRARY_PATH=/home/ddq2/interbotix_ws/install/robopoint_interfaces/lib:/home/ddq2/interbotix_ws/install/moveit_visual_tools/lib:/home/ddq2/interbotix_ws/install/interbotix_xs_rviz/lib:/home/ddq2/interbotix_ws/install/interbotix_xs_ros_control/lib:/home/ddq2/interbotix_ws/install/interbotix_xs_msgs/lib:/home/ddq2/interbotix_ws/install/interbotix_xs_driver/lib:/home/ddq2/interbotix_ws/install/interbotix_tf_tools/lib:/home/ddq2/interbotix_ws/install/interbotix_perception_msgs/lib:/home/ddq2/interbotix_ws/install/interbotix_moveit_interface_msgs/lib:/home/ddq2/interbotix_ws/install/dynamixel_workbench_toolbox/lib:/home/ddq2/realsense_ws/install/vision_msgs/lib:/home/ddq2/apriltag_ws/install/apriltag_ros/lib:/usr/local/cuda-12.4/lib64:/opt/ros/humble/opt/rviz_ogre_vendor/lib:/opt/ros/humble/lib/x86_64-linux-gnu:/opt/ros/humble/lib:/usr/lib/x86_64-linux-gnu/gazebo-11/plugins PYTHONPATH=/home/ddq2/interbotix_ws/build/image_projector/prefix_override:/usr/lib/python3/dist-packages/colcon_core/task/python/colcon_distutils_commands:/home/ddq2/interbotix_ws/install/image_projector/lib/python3.10/site-packages:${PYTHONPATH} _=/usr/bin/env /usr/bin/python3 -W ignore:setup.py install is deprecated -W ignore:easy_install command is deprecated setup.py egg_info --egg-base ../../build/image_projector build --build-base /home/ddq2/interbotix_ws/build/image_projector/build install --record /home/ddq2/interbotix_ws/build/image_projector/install.log --single-version-externally-managed install_data
[0.803s] running egg_info
[0.816s] writing ../../build/image_projector/image_projector.egg-info/PKG-INFO
[0.816s] writing dependency_links to ../../build/image_projector/image_projector.egg-info/dependency_links.txt
[0.816s] writing entry points to ../../build/image_projector/image_projector.egg-info/entry_points.txt
[0.816s] writing requirements to ../../build/image_projector/image_projector.egg-info/requires.txt
[0.816s] writing top-level names to ../../build/image_projector/image_projector.egg-info/top_level.txt
[0.842s] reading manifest file '../../build/image_projector/image_projector.egg-info/SOURCES.txt'
[0.843s] writing manifest file '../../build/image_projector/image_projector.egg-info/SOURCES.txt'
[0.843s] running build
[0.843s] running build_py
[0.843s] copying image_projector/__init__.py -> /home/ddq2/interbotix_ws/build/image_projector/build/lib/image_projector
[0.843s] copying image_projector/realsense_projector.py -> /home/ddq2/interbotix_ws/build/image_projector/build/lib/image_projector
[0.843s] copying image_projector/image_projector.py -> /home/ddq2/interbotix_ws/build/image_projector/build/lib/image_projector
[0.843s] running install
[0.847s] running install_lib
[0.859s] copying /home/ddq2/interbotix_ws/build/image_projector/build/lib/image_projector/image_projector.py -> /home/ddq2/interbotix_ws/install/image_projector/lib/python3.10/site-packages/image_projector
[0.860s] byte-compiling /home/ddq2/interbotix_ws/install/image_projector/lib/python3.10/site-packages/image_projector/image_projector.py to image_projector.cpython-310.pyc
[0.860s] running install_data
[0.860s] copying resource/image_projector -> /home/ddq2/interbotix_ws/install/image_projector/share/ament_index/resource_index/packages
[0.860s] running install_egg_info
[0.874s] removing '/home/ddq2/interbotix_ws/install/image_projector/lib/python3.10/site-packages/image_projector-0.0.0-py3.10.egg-info' (and everything under it)
[0.874s] Copying ../../build/image_projector/image_projector.egg-info to /home/ddq2/interbotix_ws/install/image_projector/lib/python3.10/site-packages/image_projector-0.0.0-py3.10.egg-info
[0.874s] running install_scripts
[0.990s] Installing service script to /home/ddq2/interbotix_ws/install/image_projector/lib/image_projector
[0.990s] writing list of installed files to '/home/ddq2/interbotix_ws/build/image_projector/install.log'
[1.007s] Invoked command in '/home/ddq2/interbotix_ws/src/image_projector' returned '0': LD_LIBRARY_PATH=/home/ddq2/interbotix_ws/install/robopoint_interfaces/lib:/home/ddq2/interbotix_ws/install/moveit_visual_tools/lib:/home/ddq2/interbotix_ws/install/interbotix_xs_rviz/lib:/home/ddq2/interbotix_ws/install/interbotix_xs_ros_control/lib:/home/ddq2/interbotix_ws/install/interbotix_xs_msgs/lib:/home/ddq2/interbotix_ws/install/interbotix_xs_driver/lib:/home/ddq2/interbotix_ws/install/interbotix_tf_tools/lib:/home/ddq2/interbotix_ws/install/interbotix_perception_msgs/lib:/home/ddq2/interbotix_ws/install/interbotix_moveit_interface_msgs/lib:/home/ddq2/interbotix_ws/install/dynamixel_workbench_toolbox/lib:/home/ddq2/realsense_ws/install/vision_msgs/lib:/home/ddq2/apriltag_ws/install/apriltag_ros/lib:/usr/local/cuda-12.4/lib64:/opt/ros/humble/opt/rviz_ogre_vendor/lib:/opt/ros/humble/lib/x86_64-linux-gnu:/opt/ros/humble/lib:/usr/lib/x86_64-linux-gnu/gazebo-11/plugins PYTHONPATH=/home/ddq2/interbotix_ws/build/image_projector/prefix_override:/usr/lib/python3/dist-packages/colcon_core/task/python/colcon_distutils_commands:/home/ddq2/interbotix_ws/install/image_projector/lib/python3.10/site-packages:${PYTHONPATH} _=/usr/bin/env /usr/bin/python3 -W ignore:setup.py install is deprecated -W ignore:easy_install command is deprecated setup.py egg_info --egg-base ../../build/image_projector build --build-base /home/ddq2/interbotix_ws/build/image_projector/build install --record /home/ddq2/interbotix_ws/build/image_projector/install.log --single-version-externally-managed install_data
