[0.024s] Invoking command in '/home/ddq2/interbotix_ws/build/interbotix_xsarm_moveit': AMENT_PREFIX_PATH=/home/ddq2/interbotix_ws/install/interbotix_xsarm_ros_control:/home/ddq2/interbotix_ws/install/interbotix_xsarm_sim:/home/ddq2/interbotix_ws/install/interbotix_xsarm_control:/home/ddq2/interbotix_ws/install/interbotix_xsarm_descriptions:/home/ddq2/interbotix_ws/install/interbotix_xs_modules:/home/ddq2/interbotix_ws/install/interbotix_xs_sdk:/home/ddq2/interbotix_ws/install/interbotix_xs_ros_control:/home/ddq2/interbotix_ws/install/interbotix_xs_driver:/home/ddq2/interbotix_ws/install/interbotix_xs_msgs:/home/ddq2/interbotix_ws/install/interbotix_common_sim:/home/ddq2/interbotix_ws/install/interbotix_common_modules:/home/ddq2/interbotix_ws/install/dynamixel_workbench_toolbox:${AMENT_PREFIX_PATH} CMAKE_PREFIX_PATH=/home/ddq2/interbotix_ws/install/interbotix_xsarm_ros_control:/home/ddq2/interbotix_ws/install/interbotix_xsarm_sim:/home/ddq2/interbotix_ws/install/interbotix_xsarm_control:/home/ddq2/interbotix_ws/install/interbotix_xsarm_descriptions:/home/ddq2/interbotix_ws/install/interbotix_xs_sdk:/home/ddq2/interbotix_ws/install/interbotix_xs_ros_control:/home/ddq2/interbotix_ws/install/interbotix_xs_driver:/home/ddq2/interbotix_ws/install/interbotix_xs_msgs:/home/ddq2/interbotix_ws/install/interbotix_common_sim:/home/ddq2/interbotix_ws/install/dynamixel_workbench_toolbox:/home/ddq2/apriltag_ws/install/apriltag_ros:/opt/ros/humble LD_LIBRARY_PATH=/home/ddq2/interbotix_ws/install/interbotix_xs_ros_control/lib:/home/ddq2/interbotix_ws/install/interbotix_xs_driver/lib:/home/ddq2/interbotix_ws/install/interbotix_xs_msgs/lib:/home/ddq2/interbotix_ws/install/dynamixel_workbench_toolbox/lib:/home/ddq2/apriltag_ws/install/apriltag_ros/lib:/usr/local/cuda-12.4/lib64:/usr/local/cuda-12.4/lib64:/opt/ros/humble/opt/rviz_ogre_vendor/lib:/opt/ros/humble/lib/x86_64-linux-gnu:/opt/ros/humble/lib:/usr/lib/x86_64-linux-gnu/gazebo-11/plugins:/usr/lib/x86_64-linux-gnu/gazebo-11/plugins:/usr/lib/x86_64-linux-gnu/gazebo-11/plugins PYTHONPATH=/home/ddq2/interbotix_ws/install/interbotix_xs_modules/lib/python3.10/site-packages:/home/ddq2/interbotix_ws/install/interbotix_xs_msgs/local/lib/python3.10/dist-packages:/home/ddq2/interbotix_ws/install/interbotix_common_modules/lib/python3.10/site-packages:${PYTHONPATH} _=/usr/bin/env /home/ddq2/.local/bin/cmake /home/ddq2/interbotix_ws/src/interbotix_ros_manipulators/interbotix_ros_xsarms/interbotix_xsarm_moveit -DCMAKE_INSTALL_PREFIX=/home/ddq2/interbotix_ws/install/interbotix_xsarm_moveit
[0.108s] -- The C compiler identification is GNU 11.4.0
[0.149s] -- The CXX compiler identification is GNU 11.4.0
[0.156s] -- Detecting C compiler ABI info
[0.197s] -- Detecting C compiler ABI info - done
[0.214s] -- Check for working C compiler: /usr/bin/cc - skipped
[0.214s] -- Detecting C compile features
[0.215s] -- Detecting C compile features - done
[0.219s] -- Detecting CXX compiler ABI info
[0.271s] -- Detecting CXX compiler ABI info - done
[0.282s] -- Check for working CXX compiler: /usr/bin/c++ - skipped
[0.282s] -- Detecting CXX compile features
[0.283s] -- Detecting CXX compile features - done
[0.285s] -- Found ament_cmake: 1.3.11 (/opt/ros/humble/share/ament_cmake/cmake)
[0.393s] -- Found Python3: /usr/bin/python3 (found version "3.10.12") found components: Interpreter
[0.487s] -- Found ament_lint_auto: 0.12.11 (/opt/ros/humble/share/ament_lint_auto/cmake)
[0.560s] -- Added test 'copyright' to check source files copyright and LICENSE
[0.563s] -- Added test 'flake8' to check Python code syntax and style conventions
[0.563s] -- Added test 'lint_cmake' to check CMake code style
[0.564s] -- Added test 'pep257' to check Python code against some of the docstring style conventions in PEP 257
[0.565s] -- Added test 'xmllint' to check XML markup files
[0.566s] -- Configuring done (0.5s)
[0.568s] -- Generating done (0.0s)
[0.570s] -- Build files have been written to: /home/ddq2/interbotix_ws/build/interbotix_xsarm_moveit
[0.587s] Invoked command in '/home/ddq2/interbotix_ws/build/interbotix_xsarm_moveit' returned '0': AMENT_PREFIX_PATH=/home/ddq2/interbotix_ws/install/interbotix_xsarm_ros_control:/home/ddq2/interbotix_ws/install/interbotix_xsarm_sim:/home/ddq2/interbotix_ws/install/interbotix_xsarm_control:/home/ddq2/interbotix_ws/install/interbotix_xsarm_descriptions:/home/ddq2/interbotix_ws/install/interbotix_xs_modules:/home/ddq2/interbotix_ws/install/interbotix_xs_sdk:/home/ddq2/interbotix_ws/install/interbotix_xs_ros_control:/home/ddq2/interbotix_ws/install/interbotix_xs_driver:/home/ddq2/interbotix_ws/install/interbotix_xs_msgs:/home/ddq2/interbotix_ws/install/interbotix_common_sim:/home/ddq2/interbotix_ws/install/interbotix_common_modules:/home/ddq2/interbotix_ws/install/dynamixel_workbench_toolbox:${AMENT_PREFIX_PATH} CMAKE_PREFIX_PATH=/home/ddq2/interbotix_ws/install/interbotix_xsarm_ros_control:/home/ddq2/interbotix_ws/install/interbotix_xsarm_sim:/home/ddq2/interbotix_ws/install/interbotix_xsarm_control:/home/ddq2/interbotix_ws/install/interbotix_xsarm_descriptions:/home/ddq2/interbotix_ws/install/interbotix_xs_sdk:/home/ddq2/interbotix_ws/install/interbotix_xs_ros_control:/home/ddq2/interbotix_ws/install/interbotix_xs_driver:/home/ddq2/interbotix_ws/install/interbotix_xs_msgs:/home/ddq2/interbotix_ws/install/interbotix_common_sim:/home/ddq2/interbotix_ws/install/dynamixel_workbench_toolbox:/home/ddq2/apriltag_ws/install/apriltag_ros:/opt/ros/humble LD_LIBRARY_PATH=/home/ddq2/interbotix_ws/install/interbotix_xs_ros_control/lib:/home/ddq2/interbotix_ws/install/interbotix_xs_driver/lib:/home/ddq2/interbotix_ws/install/interbotix_xs_msgs/lib:/home/ddq2/interbotix_ws/install/dynamixel_workbench_toolbox/lib:/home/ddq2/apriltag_ws/install/apriltag_ros/lib:/usr/local/cuda-12.4/lib64:/usr/local/cuda-12.4/lib64:/opt/ros/humble/opt/rviz_ogre_vendor/lib:/opt/ros/humble/lib/x86_64-linux-gnu:/opt/ros/humble/lib:/usr/lib/x86_64-linux-gnu/gazebo-11/plugins:/usr/lib/x86_64-linux-gnu/gazebo-11/plugins:/usr/lib/x86_64-linux-gnu/gazebo-11/plugins PYTHONPATH=/home/ddq2/interbotix_ws/install/interbotix_xs_modules/lib/python3.10/site-packages:/home/ddq2/interbotix_ws/install/interbotix_xs_msgs/local/lib/python3.10/dist-packages:/home/ddq2/interbotix_ws/install/interbotix_common_modules/lib/python3.10/site-packages:${PYTHONPATH} _=/usr/bin/env /home/ddq2/.local/bin/cmake /home/ddq2/interbotix_ws/src/interbotix_ros_manipulators/interbotix_ros_xsarms/interbotix_xsarm_moveit -DCMAKE_INSTALL_PREFIX=/home/ddq2/interbotix_ws/install/interbotix_xsarm_moveit
[0.588s] Invoking command in '/home/ddq2/interbotix_ws/build/interbotix_xsarm_moveit': AMENT_PREFIX_PATH=/home/ddq2/interbotix_ws/install/interbotix_xsarm_ros_control:/home/ddq2/interbotix_ws/install/interbotix_xsarm_sim:/home/ddq2/interbotix_ws/install/interbotix_xsarm_control:/home/ddq2/interbotix_ws/install/interbotix_xsarm_descriptions:/home/ddq2/interbotix_ws/install/interbotix_xs_modules:/home/ddq2/interbotix_ws/install/interbotix_xs_sdk:/home/ddq2/interbotix_ws/install/interbotix_xs_ros_control:/home/ddq2/interbotix_ws/install/interbotix_xs_driver:/home/ddq2/interbotix_ws/install/interbotix_xs_msgs:/home/ddq2/interbotix_ws/install/interbotix_common_sim:/home/ddq2/interbotix_ws/install/interbotix_common_modules:/home/ddq2/interbotix_ws/install/dynamixel_workbench_toolbox:${AMENT_PREFIX_PATH} CMAKE_PREFIX_PATH=/home/ddq2/interbotix_ws/install/interbotix_xsarm_ros_control:/home/ddq2/interbotix_ws/install/interbotix_xsarm_sim:/home/ddq2/interbotix_ws/install/interbotix_xsarm_control:/home/ddq2/interbotix_ws/install/interbotix_xsarm_descriptions:/home/ddq2/interbotix_ws/install/interbotix_xs_sdk:/home/ddq2/interbotix_ws/install/interbotix_xs_ros_control:/home/ddq2/interbotix_ws/install/interbotix_xs_driver:/home/ddq2/interbotix_ws/install/interbotix_xs_msgs:/home/ddq2/interbotix_ws/install/interbotix_common_sim:/home/ddq2/interbotix_ws/install/dynamixel_workbench_toolbox:/home/ddq2/apriltag_ws/install/apriltag_ros:/opt/ros/humble LD_LIBRARY_PATH=/home/ddq2/interbotix_ws/install/interbotix_xs_ros_control/lib:/home/ddq2/interbotix_ws/install/interbotix_xs_driver/lib:/home/ddq2/interbotix_ws/install/interbotix_xs_msgs/lib:/home/ddq2/interbotix_ws/install/dynamixel_workbench_toolbox/lib:/home/ddq2/apriltag_ws/install/apriltag_ros/lib:/usr/local/cuda-12.4/lib64:/usr/local/cuda-12.4/lib64:/opt/ros/humble/opt/rviz_ogre_vendor/lib:/opt/ros/humble/lib/x86_64-linux-gnu:/opt/ros/humble/lib:/usr/lib/x86_64-linux-gnu/gazebo-11/plugins:/usr/lib/x86_64-linux-gnu/gazebo-11/plugins:/usr/lib/x86_64-linux-gnu/gazebo-11/plugins PYTHONPATH=/home/ddq2/interbotix_ws/install/interbotix_xs_modules/lib/python3.10/site-packages:/home/ddq2/interbotix_ws/install/interbotix_xs_msgs/local/lib/python3.10/dist-packages:/home/ddq2/interbotix_ws/install/interbotix_common_modules/lib/python3.10/site-packages:${PYTHONPATH} _=/usr/bin/env /home/ddq2/.local/bin/cmake --build /home/ddq2/interbotix_ws/build/interbotix_xsarm_moveit -- -j16 -l16
[0.668s] Invoked command in '/home/ddq2/interbotix_ws/build/interbotix_xsarm_moveit' returned '0': AMENT_PREFIX_PATH=/home/ddq2/interbotix_ws/install/interbotix_xsarm_ros_control:/home/ddq2/interbotix_ws/install/interbotix_xsarm_sim:/home/ddq2/interbotix_ws/install/interbotix_xsarm_control:/home/ddq2/interbotix_ws/install/interbotix_xsarm_descriptions:/home/ddq2/interbotix_ws/install/interbotix_xs_modules:/home/ddq2/interbotix_ws/install/interbotix_xs_sdk:/home/ddq2/interbotix_ws/install/interbotix_xs_ros_control:/home/ddq2/interbotix_ws/install/interbotix_xs_driver:/home/ddq2/interbotix_ws/install/interbotix_xs_msgs:/home/ddq2/interbotix_ws/install/interbotix_common_sim:/home/ddq2/interbotix_ws/install/interbotix_common_modules:/home/ddq2/interbotix_ws/install/dynamixel_workbench_toolbox:${AMENT_PREFIX_PATH} CMAKE_PREFIX_PATH=/home/ddq2/interbotix_ws/install/interbotix_xsarm_ros_control:/home/ddq2/interbotix_ws/install/interbotix_xsarm_sim:/home/ddq2/interbotix_ws/install/interbotix_xsarm_control:/home/ddq2/interbotix_ws/install/interbotix_xsarm_descriptions:/home/ddq2/interbotix_ws/install/interbotix_xs_sdk:/home/ddq2/interbotix_ws/install/interbotix_xs_ros_control:/home/ddq2/interbotix_ws/install/interbotix_xs_driver:/home/ddq2/interbotix_ws/install/interbotix_xs_msgs:/home/ddq2/interbotix_ws/install/interbotix_common_sim:/home/ddq2/interbotix_ws/install/dynamixel_workbench_toolbox:/home/ddq2/apriltag_ws/install/apriltag_ros:/opt/ros/humble LD_LIBRARY_PATH=/home/ddq2/interbotix_ws/install/interbotix_xs_ros_control/lib:/home/ddq2/interbotix_ws/install/interbotix_xs_driver/lib:/home/ddq2/interbotix_ws/install/interbotix_xs_msgs/lib:/home/ddq2/interbotix_ws/install/dynamixel_workbench_toolbox/lib:/home/ddq2/apriltag_ws/install/apriltag_ros/lib:/usr/local/cuda-12.4/lib64:/usr/local/cuda-12.4/lib64:/opt/ros/humble/opt/rviz_ogre_vendor/lib:/opt/ros/humble/lib/x86_64-linux-gnu:/opt/ros/humble/lib:/usr/lib/x86_64-linux-gnu/gazebo-11/plugins:/usr/lib/x86_64-linux-gnu/gazebo-11/plugins:/usr/lib/x86_64-linux-gnu/gazebo-11/plugins PYTHONPATH=/home/ddq2/interbotix_ws/install/interbotix_xs_modules/lib/python3.10/site-packages:/home/ddq2/interbotix_ws/install/interbotix_xs_msgs/local/lib/python3.10/dist-packages:/home/ddq2/interbotix_ws/install/interbotix_common_modules/lib/python3.10/site-packages:${PYTHONPATH} _=/usr/bin/env /home/ddq2/.local/bin/cmake --build /home/ddq2/interbotix_ws/build/interbotix_xsarm_moveit -- -j16 -l16
[0.670s] Invoking command in '/home/ddq2/interbotix_ws/build/interbotix_xsarm_moveit': AMENT_PREFIX_PATH=/home/ddq2/interbotix_ws/install/interbotix_xsarm_ros_control:/home/ddq2/interbotix_ws/install/interbotix_xsarm_sim:/home/ddq2/interbotix_ws/install/interbotix_xsarm_control:/home/ddq2/interbotix_ws/install/interbotix_xsarm_descriptions:/home/ddq2/interbotix_ws/install/interbotix_xs_modules:/home/ddq2/interbotix_ws/install/interbotix_xs_sdk:/home/ddq2/interbotix_ws/install/interbotix_xs_ros_control:/home/ddq2/interbotix_ws/install/interbotix_xs_driver:/home/ddq2/interbotix_ws/install/interbotix_xs_msgs:/home/ddq2/interbotix_ws/install/interbotix_common_sim:/home/ddq2/interbotix_ws/install/interbotix_common_modules:/home/ddq2/interbotix_ws/install/dynamixel_workbench_toolbox:${AMENT_PREFIX_PATH} CMAKE_PREFIX_PATH=/home/ddq2/interbotix_ws/install/interbotix_xsarm_ros_control:/home/ddq2/interbotix_ws/install/interbotix_xsarm_sim:/home/ddq2/interbotix_ws/install/interbotix_xsarm_control:/home/ddq2/interbotix_ws/install/interbotix_xsarm_descriptions:/home/ddq2/interbotix_ws/install/interbotix_xs_sdk:/home/ddq2/interbotix_ws/install/interbotix_xs_ros_control:/home/ddq2/interbotix_ws/install/interbotix_xs_driver:/home/ddq2/interbotix_ws/install/interbotix_xs_msgs:/home/ddq2/interbotix_ws/install/interbotix_common_sim:/home/ddq2/interbotix_ws/install/dynamixel_workbench_toolbox:/home/ddq2/apriltag_ws/install/apriltag_ros:/opt/ros/humble LD_LIBRARY_PATH=/home/ddq2/interbotix_ws/install/interbotix_xs_ros_control/lib:/home/ddq2/interbotix_ws/install/interbotix_xs_driver/lib:/home/ddq2/interbotix_ws/install/interbotix_xs_msgs/lib:/home/ddq2/interbotix_ws/install/dynamixel_workbench_toolbox/lib:/home/ddq2/apriltag_ws/install/apriltag_ros/lib:/usr/local/cuda-12.4/lib64:/usr/local/cuda-12.4/lib64:/opt/ros/humble/opt/rviz_ogre_vendor/lib:/opt/ros/humble/lib/x86_64-linux-gnu:/opt/ros/humble/lib:/usr/lib/x86_64-linux-gnu/gazebo-11/plugins:/usr/lib/x86_64-linux-gnu/gazebo-11/plugins:/usr/lib/x86_64-linux-gnu/gazebo-11/plugins PYTHONPATH=/home/ddq2/interbotix_ws/install/interbotix_xs_modules/lib/python3.10/site-packages:/home/ddq2/interbotix_ws/install/interbotix_xs_msgs/local/lib/python3.10/dist-packages:/home/ddq2/interbotix_ws/install/interbotix_common_modules/lib/python3.10/site-packages:${PYTHONPATH} _=/usr/bin/env /home/ddq2/.local/bin/cmake --install /home/ddq2/interbotix_ws/build/interbotix_xsarm_moveit
[0.728s] -- Install configuration: ""
[0.728s] -- Installing: /home/ddq2/interbotix_ws/install/interbotix_xsarm_moveit/share/interbotix_xsarm_moveit//launch
[0.728s] -- Installing: /home/ddq2/interbotix_ws/install/interbotix_xsarm_moveit/share/interbotix_xsarm_moveit//launch/xsarm_moveit.launch.py
[0.728s] -- Installing: /home/ddq2/interbotix_ws/install/interbotix_xsarm_moveit/share/interbotix_xsarm_moveit//config
[0.728s] -- Installing: /home/ddq2/interbotix_ws/install/interbotix_xsarm_moveit/share/interbotix_xsarm_moveit//config/srdf
[0.728s] -- Installing: /home/ddq2/interbotix_ws/install/interbotix_xsarm_moveit/share/interbotix_xsarm_moveit//config/srdf/px150.srdf.xacro
[0.728s] -- Installing: /home/ddq2/interbotix_ws/install/interbotix_xsarm_moveit/share/interbotix_xsarm_moveit//config/srdf/wx200.srdf.xacro
[0.728s] -- Installing: /home/ddq2/interbotix_ws/install/interbotix_xsarm_moveit/share/interbotix_xsarm_moveit//config/srdf/rx150.srdf.xacro
[0.729s] -- Installing: /home/ddq2/interbotix_ws/install/interbotix_xsarm_moveit/share/interbotix_xsarm_moveit//config/srdf/mobile_px100.srdf.xacro
[0.729s] -- Installing: /home/ddq2/interbotix_ws/install/interbotix_xsarm_moveit/share/interbotix_xsarm_moveit//config/srdf/mobile_wx250s.srdf.xacro
[0.729s] -- Installing: /home/ddq2/interbotix_ws/install/interbotix_xsarm_moveit/share/interbotix_xsarm_moveit//config/srdf/vx300.srdf.xacro
[0.729s] -- Installing: /home/ddq2/interbotix_ws/install/interbotix_xsarm_moveit/share/interbotix_xsarm_moveit//config/srdf/vx300s.srdf.xacro
[0.730s] -- Installing: /home/ddq2/interbotix_ws/install/interbotix_xsarm_moveit/share/interbotix_xsarm_moveit//config/srdf/vx250.srdf.xacro
[0.730s] -- Installing: /home/ddq2/interbotix_ws/install/interbotix_xsarm_moveit/share/interbotix_xsarm_moveit//config/srdf/mobile_wx200.srdf.xacro
[0.730s] -- Installing: /home/ddq2/interbotix_ws/install/interbotix_xsarm_moveit/share/interbotix_xsarm_moveit//config/srdf/px100.srdf.xacro
[0.730s] -- Installing: /home/ddq2/interbotix_ws/install/interbotix_xsarm_moveit/share/interbotix_xsarm_moveit//config/srdf/wx250.srdf.xacro
[0.730s] -- Installing: /home/ddq2/interbotix_ws/install/interbotix_xsarm_moveit/share/interbotix_xsarm_moveit//config/srdf/rx200.srdf.xacro
[0.730s] -- Installing: /home/ddq2/interbotix_ws/install/interbotix_xsarm_moveit/share/interbotix_xsarm_moveit//config/srdf/wx250s.srdf.xacro
[0.730s] -- Installing: /home/ddq2/interbotix_ws/install/interbotix_xsarm_moveit/share/interbotix_xsarm_moveit//config/kinematics.yaml
[0.730s] -- Installing: /home/ddq2/interbotix_ws/install/interbotix_xsarm_moveit/share/interbotix_xsarm_moveit//config/controllers
[0.730s] -- Installing: /home/ddq2/interbotix_ws/install/interbotix_xsarm_moveit/share/interbotix_xsarm_moveit//config/controllers/vx300_controllers.yaml
[0.730s] -- Installing: /home/ddq2/interbotix_ws/install/interbotix_xsarm_moveit/share/interbotix_xsarm_moveit//config/controllers/mobile_px100_controllers.yaml
[0.730s] -- Installing: /home/ddq2/interbotix_ws/install/interbotix_xsarm_moveit/share/interbotix_xsarm_moveit//config/controllers/rx200_controllers.yaml
[0.730s] -- Installing: /home/ddq2/interbotix_ws/install/interbotix_xsarm_moveit/share/interbotix_xsarm_moveit//config/controllers/rx150_controllers.yaml
[0.731s] -- Installing: /home/ddq2/interbotix_ws/install/interbotix_xsarm_moveit/share/interbotix_xsarm_moveit//config/controllers/mobile_wx200_controllers.yaml
[0.731s] -- Installing: /home/ddq2/interbotix_ws/install/interbotix_xsarm_moveit/share/interbotix_xsarm_moveit//config/controllers/vx250_controllers.yaml
[0.731s] -- Installing: /home/ddq2/interbotix_ws/install/interbotix_xsarm_moveit/share/interbotix_xsarm_moveit//config/controllers/mobile_wx250s_controllers.yaml
[0.731s] -- Installing: /home/ddq2/interbotix_ws/install/interbotix_xsarm_moveit/share/interbotix_xsarm_moveit//config/controllers/px150_controllers.yaml
[0.731s] -- Installing: /home/ddq2/interbotix_ws/install/interbotix_xsarm_moveit/share/interbotix_xsarm_moveit//config/controllers/wx200_controllers.yaml
[0.731s] -- Installing: /home/ddq2/interbotix_ws/install/interbotix_xsarm_moveit/share/interbotix_xsarm_moveit//config/controllers/wx250_controllers.yaml
[0.731s] -- Installing: /home/ddq2/interbotix_ws/install/interbotix_xsarm_moveit/share/interbotix_xsarm_moveit//config/controllers/vx300s_controllers.yaml
[0.731s] -- Installing: /home/ddq2/interbotix_ws/install/interbotix_xsarm_moveit/share/interbotix_xsarm_moveit//config/controllers/wx250s_controllers.yaml
[0.731s] -- Installing: /home/ddq2/interbotix_ws/install/interbotix_xsarm_moveit/share/interbotix_xsarm_moveit//config/controllers/px100_controllers.yaml
[0.731s] -- Installing: /home/ddq2/interbotix_ws/install/interbotix_xsarm_moveit/share/interbotix_xsarm_moveit//config/modes.yaml
[0.731s] -- Installing: /home/ddq2/interbotix_ws/install/interbotix_xsarm_moveit/share/interbotix_xsarm_moveit//config/ompl_planning.yaml
[0.731s] -- Installing: /home/ddq2/interbotix_ws/install/interbotix_xsarm_moveit/share/interbotix_xsarm_moveit//config/chomp_planning.yaml
[0.732s] -- Installing: /home/ddq2/interbotix_ws/install/interbotix_xsarm_moveit/share/interbotix_xsarm_moveit//config/joint_limits
[0.732s] -- Installing: /home/ddq2/interbotix_ws/install/interbotix_xsarm_moveit/share/interbotix_xsarm_moveit//config/joint_limits/rx150_joint_limits.yaml
[0.732s] -- Installing: /home/ddq2/interbotix_ws/install/interbotix_xsarm_moveit/share/interbotix_xsarm_moveit//config/joint_limits/mobile_px100_joint_limits.yaml
[0.732s] -- Installing: /home/ddq2/interbotix_ws/install/interbotix_xsarm_moveit/share/interbotix_xsarm_moveit//config/joint_limits/wx200_joint_limits.yaml
[0.732s] -- Installing: /home/ddq2/interbotix_ws/install/interbotix_xsarm_moveit/share/interbotix_xsarm_moveit//config/joint_limits/rx200_joint_limits.yaml
[0.732s] -- Installing: /home/ddq2/interbotix_ws/install/interbotix_xsarm_moveit/share/interbotix_xsarm_moveit//config/joint_limits/mobile_wx250s_joint_limits.yaml
[0.732s] -- Installing: /home/ddq2/interbotix_ws/install/interbotix_xsarm_moveit/share/interbotix_xsarm_moveit//config/joint_limits/wx250s_joint_limits.yaml
[0.732s] -- Installing: /home/ddq2/interbotix_ws/install/interbotix_xsarm_moveit/share/interbotix_xsarm_moveit//config/joint_limits/px100_joint_limits.yaml
[0.732s] -- Installing: /home/ddq2/interbotix_ws/install/interbotix_xsarm_moveit/share/interbotix_xsarm_moveit//config/joint_limits/mobile_wx200_joint_limits.yaml
[0.732s] -- Installing: /home/ddq2/interbotix_ws/install/interbotix_xsarm_moveit/share/interbotix_xsarm_moveit//config/joint_limits/px150_joint_limits.yaml
[0.732s] -- Installing: /home/ddq2/interbotix_ws/install/interbotix_xsarm_moveit/share/interbotix_xsarm_moveit//config/joint_limits/wx250_joint_limits.yaml
[0.732s] -- Installing: /home/ddq2/interbotix_ws/install/interbotix_xsarm_moveit/share/interbotix_xsarm_moveit//config/joint_limits/vx250_joint_limits.yaml
[0.733s] -- Installing: /home/ddq2/interbotix_ws/install/interbotix_xsarm_moveit/share/interbotix_xsarm_moveit//config/joint_limits/vx300s_joint_limits.yaml
[0.733s] -- Installing: /home/ddq2/interbotix_ws/install/interbotix_xsarm_moveit/share/interbotix_xsarm_moveit//config/joint_limits/vx300_joint_limits.yaml
[0.733s] -- Installing: /home/ddq2/interbotix_ws/install/interbotix_xsarm_moveit/share/interbotix_xsarm_moveit//rviz
[0.733s] -- Installing: /home/ddq2/interbotix_ws/install/interbotix_xsarm_moveit/share/interbotix_xsarm_moveit//rviz/xsarm_moveit.rviz
[0.733s] -- Installing: /home/ddq2/interbotix_ws/install/interbotix_xsarm_moveit/share/ament_index/resource_index/package_run_dependencies/interbotix_xsarm_moveit
[0.733s] -- Installing: /home/ddq2/interbotix_ws/install/interbotix_xsarm_moveit/share/ament_index/resource_index/parent_prefix_path/interbotix_xsarm_moveit
[0.733s] -- Installing: /home/ddq2/interbotix_ws/install/interbotix_xsarm_moveit/share/interbotix_xsarm_moveit/environment/ament_prefix_path.sh
[0.733s] -- Installing: /home/ddq2/interbotix_ws/install/interbotix_xsarm_moveit/share/interbotix_xsarm_moveit/environment/ament_prefix_path.dsv
[0.733s] -- Installing: /home/ddq2/interbotix_ws/install/interbotix_xsarm_moveit/share/interbotix_xsarm_moveit/environment/path.sh
[0.733s] -- Installing: /home/ddq2/interbotix_ws/install/interbotix_xsarm_moveit/share/interbotix_xsarm_moveit/environment/path.dsv
[0.734s] -- Installing: /home/ddq2/interbotix_ws/install/interbotix_xsarm_moveit/share/interbotix_xsarm_moveit/local_setup.bash
[0.734s] -- Installing: /home/ddq2/interbotix_ws/install/interbotix_xsarm_moveit/share/interbotix_xsarm_moveit/local_setup.sh
[0.734s] -- Installing: /home/ddq2/interbotix_ws/install/interbotix_xsarm_moveit/share/interbotix_xsarm_moveit/local_setup.zsh
[0.734s] -- Installing: /home/ddq2/interbotix_ws/install/interbotix_xsarm_moveit/share/interbotix_xsarm_moveit/local_setup.dsv
[0.734s] -- Installing: /home/ddq2/interbotix_ws/install/interbotix_xsarm_moveit/share/interbotix_xsarm_moveit/package.dsv
[0.734s] -- Installing: /home/ddq2/interbotix_ws/install/interbotix_xsarm_moveit/share/ament_index/resource_index/packages/interbotix_xsarm_moveit
[0.734s] -- Installing: /home/ddq2/interbotix_ws/install/interbotix_xsarm_moveit/share/interbotix_xsarm_moveit/cmake/interbotix_xsarm_moveitConfig.cmake
[0.734s] -- Installing: /home/ddq2/interbotix_ws/install/interbotix_xsarm_moveit/share/interbotix_xsarm_moveit/cmake/interbotix_xsarm_moveitConfig-version.cmake
[0.734s] -- Installing: /home/ddq2/interbotix_ws/install/interbotix_xsarm_moveit/share/interbotix_xsarm_moveit/package.xml
[0.746s] Invoked command in '/home/ddq2/interbotix_ws/build/interbotix_xsarm_moveit' returned '0': AMENT_PREFIX_PATH=/home/ddq2/interbotix_ws/install/interbotix_xsarm_ros_control:/home/ddq2/interbotix_ws/install/interbotix_xsarm_sim:/home/ddq2/interbotix_ws/install/interbotix_xsarm_control:/home/ddq2/interbotix_ws/install/interbotix_xsarm_descriptions:/home/ddq2/interbotix_ws/install/interbotix_xs_modules:/home/ddq2/interbotix_ws/install/interbotix_xs_sdk:/home/ddq2/interbotix_ws/install/interbotix_xs_ros_control:/home/ddq2/interbotix_ws/install/interbotix_xs_driver:/home/ddq2/interbotix_ws/install/interbotix_xs_msgs:/home/ddq2/interbotix_ws/install/interbotix_common_sim:/home/ddq2/interbotix_ws/install/interbotix_common_modules:/home/ddq2/interbotix_ws/install/dynamixel_workbench_toolbox:${AMENT_PREFIX_PATH} CMAKE_PREFIX_PATH=/home/ddq2/interbotix_ws/install/interbotix_xsarm_ros_control:/home/ddq2/interbotix_ws/install/interbotix_xsarm_sim:/home/ddq2/interbotix_ws/install/interbotix_xsarm_control:/home/ddq2/interbotix_ws/install/interbotix_xsarm_descriptions:/home/ddq2/interbotix_ws/install/interbotix_xs_sdk:/home/ddq2/interbotix_ws/install/interbotix_xs_ros_control:/home/ddq2/interbotix_ws/install/interbotix_xs_driver:/home/ddq2/interbotix_ws/install/interbotix_xs_msgs:/home/ddq2/interbotix_ws/install/interbotix_common_sim:/home/ddq2/interbotix_ws/install/dynamixel_workbench_toolbox:/home/ddq2/apriltag_ws/install/apriltag_ros:/opt/ros/humble LD_LIBRARY_PATH=/home/ddq2/interbotix_ws/install/interbotix_xs_ros_control/lib:/home/ddq2/interbotix_ws/install/interbotix_xs_driver/lib:/home/ddq2/interbotix_ws/install/interbotix_xs_msgs/lib:/home/ddq2/interbotix_ws/install/dynamixel_workbench_toolbox/lib:/home/ddq2/apriltag_ws/install/apriltag_ros/lib:/usr/local/cuda-12.4/lib64:/usr/local/cuda-12.4/lib64:/opt/ros/humble/opt/rviz_ogre_vendor/lib:/opt/ros/humble/lib/x86_64-linux-gnu:/opt/ros/humble/lib:/usr/lib/x86_64-linux-gnu/gazebo-11/plugins:/usr/lib/x86_64-linux-gnu/gazebo-11/plugins:/usr/lib/x86_64-linux-gnu/gazebo-11/plugins PYTHONPATH=/home/ddq2/interbotix_ws/install/interbotix_xs_modules/lib/python3.10/site-packages:/home/ddq2/interbotix_ws/install/interbotix_xs_msgs/local/lib/python3.10/dist-packages:/home/ddq2/interbotix_ws/install/interbotix_common_modules/lib/python3.10/site-packages:${PYTHONPATH} _=/usr/bin/env /home/ddq2/.local/bin/cmake --install /home/ddq2/interbotix_ws/build/interbotix_xsarm_moveit
