[0.174s] Invoking command in '/home/ddq2/interbotix_ws/build/moveit_visual_tools': CMAKE_PREFIX_PATH=${CMAKE_PREFIX_PATH}:/opt/ros/humble _=/usr/bin/env /home/ddq2/.local/bin/cmake /home/ddq2/interbotix_ws/src/moveit_visual_tools -DCMAKE_INSTALL_PREFIX=/home/ddq2/interbotix_ws/install/moveit_visual_tools
[0.251s] -- The C compiler identification is GNU 11.4.0
[0.288s] -- The CXX compiler identification is GNU 11.4.0
[0.295s] -- Detecting C compiler ABI info
[0.334s] -- Detecting C compiler ABI info - done
[0.350s] -- Check for working C compiler: /usr/bin/cc - skipped
[0.350s] -- Detecting C compile features
[0.350s] -- Detecting C compile features - done
[0.353s] -- Detecting CXX compiler ABI info
[0.399s] -- Detecting CXX compiler ABI info - done
[0.412s] -- Check for working CXX compiler: /usr/bin/c++ - skipped
[0.412s] -- Detecting CXX compile features
[0.413s] -- Detecting CXX compile features - done
[0.416s] -- Found moveit_common: 2.5.7 (/opt/ros/humble/share/moveit_common/cmake)
[0.417s] -- Found ament_cmake: 1.3.11 (/opt/ros/humble/share/ament_cmake/cmake)
[0.518s] -- Found Python3: /usr/bin/python3 (found version "3.10.12") found components: Interpreter
[0.632s] [0mmoveit_visual_tools: You did not request a specific build type: Choosing 'Release' for maximum performance[0m
[0.650s] -- Found Boost: /usr/lib/x86_64-linux-gnu/cmake/Boost-1.74.0/BoostConfig.cmake (found version "1.74.0") found components: system
[0.659s] -- Found geometry_msgs: 4.2.4 (/opt/ros/humble/share/geometry_msgs/cmake)
[0.691s] -- Found rosidl_generator_c: 3.1.6 (/opt/ros/humble/share/rosidl_generator_c/cmake)
[0.695s] -- Found rosidl_adapter: 3.1.6 (/opt/ros/humble/share/rosidl_adapter/cmake)
[0.703s] -- Found rosidl_generator_cpp: 3.1.6 (/opt/ros/humble/share/rosidl_generator_cpp/cmake)
[0.713s] -- Using all available rosidl_typesupport_c: rosidl_typesupport_fastrtps_c;rosidl_typesupport_introspection_c
[0.728s] -- Using all available rosidl_typesupport_cpp: rosidl_typesupport_fastrtps_cpp;rosidl_typesupport_introspection_cpp
[0.766s] -- Found graph_msgs: 0.2.0 (/opt/ros/humble/share/graph_msgs/cmake)
[0.785s] -- Found moveit_core: 2.5.7 (/opt/ros/humble/share/moveit_core/cmake)
[0.884s] -- Found Boost: /usr/lib/x86_64-linux-gnu/cmake/Boost-1.74.0/BoostConfig.cmake (found version "1.74.0") found components: chrono date_time filesystem iostreams program_options regex serialization system thread
[0.936s] -- Found parameter_traits: 0.4.0 (/opt/ros/humble/share/parameter_traits/cmake)
[0.981s] -- Found rmw_implementation_cmake: 6.1.2 (/opt/ros/humble/share/rmw_implementation_cmake/cmake)
[0.984s] -- Found rmw_fastrtps_cpp: 6.2.7 (/opt/ros/humble/share/rmw_fastrtps_cpp/cmake)
[1.047s] -- Found OpenSSL: /usr/lib/x86_64-linux-gnu/libcrypto.so (found version "3.0.2")
[1.067s] -- Found FastRTPS: /opt/ros/humble/include
[1.100s] -- Using RMW implementation 'rmw_fastrtps_cpp' as default
[1.111s] -- Found Threads: TRUE
[1.167s] -- Found rclcpp_lifecycle: 16.0.11 (/opt/ros/humble/share/rclcpp_lifecycle/cmake)
[1.189s] -- Found Boost: /usr/lib/x86_64-linux-gnu/cmake/Boost-1.74.0/BoostConfig.cmake (found version "1.74.0") found components: filesystem
[1.250s] -- library: /usr/lib/x86_64-linux-gnu/libcurl.so
[1.318s] -- Found Eigen3: TRUE (found version "3.4.0")
[1.318s] -- Ensuring Eigen3 include directory is part of orocos-kdl CMake target
[1.561s] -- Found moveit_ros_planning: 2.5.7 (/opt/ros/humble/share/moveit_ros_planning/cmake)
[1.566s] -- Found Boost: /usr/lib/x86_64-linux-gnu/cmake/Boost-1.74.0/BoostConfig.cmake (found version "1.74.0") found components: system filesystem date_time program_options thread chrono
[1.592s] -- Found rviz_visual_tools: 4.1.4 (/opt/ros/humble/share/rviz_visual_tools/cmake)
[1.629s] -- Setting assimp_DIR to: '/opt/ros/humble/share/rviz_assimp_vendor/cmake/../../../opt/rviz_assimp_vendor/lib/cmake/assimp-4.1'
[1.635s] -- Setting OGRE_DIR to: '/opt/ros/humble/share/rviz_ogre_vendor/cmake/../../../opt/rviz_ogre_vendor/lib/OGRE/cmake'
[1.636s] -- Found OGRE
[1.636s] --   static     : OFF
[1.636s] --   components : HLMS;MeshLodGenerator;Overlay;Paging;Property;RTShaderSystem;Terrain;Volume
[1.636s] --   plugins    : Plugin_BSPSceneManager;Plugin_OctreeSceneManager;Plugin_PCZSceneManager;Plugin_ParticleFX;RenderSystem_GL;RenderSystem_GL3Plus;Codec_STBI
[1.637s] --   media      : /opt/ros/humble/opt/rviz_ogre_vendor/share/OGRE/Media
[1.637s] -- OGRE_LIBRARIES: OgreHLMS;OgreMeshLodGenerator;OgreOverlay;OgrePaging;OgreProperty;OgreRTShaderSystem;OgreTerrain;OgreVolume;OgreMain
[1.637s] -- OGRE_LIBRARY_DIRS: /opt/ros/humble/opt/rviz_ogre_vendor/lib
[1.637s] -- OGRE_PLUGINS: Plugin_BSPSceneManager;Plugin_OctreeSceneManager;Plugin_PCZSceneManager;Plugin_ParticleFX;RenderSystem_GL;RenderSystem_GL3Plus;Codec_STBI
[1.637s] -- OGRE_PLUGIN_DIR: /opt/ros/humble/opt/rviz_ogre_vendor/lib/OGRE
[1.637s] -- rviz_ogre_vendor::OgreOverlay for IMPORTED_LOCATION_RELEASE: /opt/ros/humble/opt/rviz_ogre_vendor/lib/libOgreOverlay.so
[1.637s] -- rviz_ogre_vendor::OgreOverlay for IMPORTED_LOCATION_DEBUG: /opt/ros/humble/opt/rviz_ogre_vendor/lib/libOgreOverlay.so
[1.637s] -- rviz_ogre_vendor::OgreMain for IMPORTED_LOCATION_RELEASE: /opt/ros/humble/opt/rviz_ogre_vendor/lib/libOgreMain.so
[1.637s] -- rviz_ogre_vendor::OgreMain for IMPORTED_LOCATION_DEBUG: /opt/ros/humble/opt/rviz_ogre_vendor/lib/libOgreMain.so
[1.663s] -- Found ZLIB: /usr/lib/x86_64-linux-gnu/libz.so (found version "1.2.11")
[1.671s] -- Found OpenGL: /usr/lib/x86_64-linux-gnu/libOpenGL.so
[1.774s] -- Found X11: /usr/include
[1.774s] -- Looking for XOpenDisplay in /usr/lib/x86_64-linux-gnu/libX11.so;/usr/lib/x86_64-linux-gnu/libXext.so
[1.838s] -- Looking for XOpenDisplay in /usr/lib/x86_64-linux-gnu/libX11.so;/usr/lib/x86_64-linux-gnu/libXext.so - found
[1.838s] -- Looking for gethostbyname
[1.898s] -- Looking for gethostbyname - found
[1.898s] -- Looking for connect
[1.954s] -- Looking for connect - found
[1.954s] -- Looking for remove
[2.011s] -- Looking for remove - found
[2.011s] -- Looking for shmat
[2.069s] -- Looking for shmat - found
[2.069s] -- Looking for IceConnectionNumber in ICE
[2.131s] -- Looking for IceConnectionNumber in ICE - found
[2.235s] -- Found ament_lint_auto: 0.12.11 (/opt/ros/humble/share/ament_lint_auto/cmake)
[2.257s] -- Added test 'copyright' to check source files copyright and LICENSE
[2.258s] -- Added test 'flake8' to check Python code syntax and style conventions
[2.259s] -- Added test 'lint_cmake' to check CMake code style
[2.260s] -- Added test 'pep257' to check Python code against some of the docstring style conventions in PEP 257
[2.261s] -- Added test 'xmllint' to check XML markup files
[2.263s] -- Configuring done (2.0s)
[2.357s] -- Generating done (0.1s)
[2.375s] -- Build files have been written to: /home/ddq2/interbotix_ws/build/moveit_visual_tools
[2.411s] Invoked command in '/home/ddq2/interbotix_ws/build/moveit_visual_tools' returned '0': CMAKE_PREFIX_PATH=${CMAKE_PREFIX_PATH}:/opt/ros/humble _=/usr/bin/env /home/ddq2/.local/bin/cmake /home/ddq2/interbotix_ws/src/moveit_visual_tools -DCMAKE_INSTALL_PREFIX=/home/ddq2/interbotix_ws/install/moveit_visual_tools
[2.413s] Invoking command in '/home/ddq2/interbotix_ws/build/moveit_visual_tools': CMAKE_PREFIX_PATH=${CMAKE_PREFIX_PATH}:/opt/ros/humble _=/usr/bin/env /home/ddq2/.local/bin/cmake --build /home/ddq2/interbotix_ws/build/moveit_visual_tools -- -j16 -l16
[2.535s] [ 16%] [32mBuilding CXX object CMakeFiles/moveit_visual_tools.dir/src/moveit_visual_tools.cpp.o[0m
[2.535s] [ 33%] [32mBuilding CXX object CMakeFiles/moveit_visual_tools.dir/src/imarker_robot_state.cpp.o[0m
[2.535s] [ 50%] [32mBuilding CXX object CMakeFiles/moveit_visual_tools.dir/src/imarker_end_effector.cpp.o[0m
[18.791s] [ 66%] [32m[1mLinking CXX shared library libmoveit_visual_tools.so[0m
[19.034s] [ 66%] Built target moveit_visual_tools
[19.042s] [ 83%] [32mBuilding CXX object CMakeFiles/moveit_visual_tools_demo.dir/src/moveit_visual_tools_demo.cpp.o[0m
[27.126s] [100%] [32m[1mLinking CXX executable moveit_visual_tools_demo[0m
[27.339s] [100%] Built target moveit_visual_tools_demo
[27.350s] Invoked command in '/home/ddq2/interbotix_ws/build/moveit_visual_tools' returned '0': CMAKE_PREFIX_PATH=${CMAKE_PREFIX_PATH}:/opt/ros/humble _=/usr/bin/env /home/ddq2/.local/bin/cmake --build /home/ddq2/interbotix_ws/build/moveit_visual_tools -- -j16 -l16
[27.351s] Invoking command in '/home/ddq2/interbotix_ws/build/moveit_visual_tools': CMAKE_PREFIX_PATH=${CMAKE_PREFIX_PATH}:/opt/ros/humble _=/usr/bin/env /home/ddq2/.local/bin/cmake --install /home/ddq2/interbotix_ws/build/moveit_visual_tools
[27.399s] -- Install configuration: "Release"
[27.399s] -- Installing: /home/ddq2/interbotix_ws/install/moveit_visual_tools/share/moveit_visual_tools/environment/library_path.sh
[27.399s] -- Installing: /home/ddq2/interbotix_ws/install/moveit_visual_tools/share/moveit_visual_tools/environment/library_path.dsv
[27.399s] -- Installing: /home/ddq2/interbotix_ws/install/moveit_visual_tools/lib/libmoveit_visual_tools.so
[27.400s] -- Set non-toolchain portion of runtime path of "/home/ddq2/interbotix_ws/install/moveit_visual_tools/lib/libmoveit_visual_tools.so" to ""
[27.400s] -- Installing: /home/ddq2/interbotix_ws/install/moveit_visual_tools/lib/moveit_visual_tools/moveit_visual_tools_demo
[27.400s] -- Set non-toolchain portion of runtime path of "/home/ddq2/interbotix_ws/install/moveit_visual_tools/lib/moveit_visual_tools/moveit_visual_tools_demo" to ""
[27.400s] -- Installing: /home/ddq2/interbotix_ws/install/moveit_visual_tools/include
[27.400s] -- Installing: /home/ddq2/interbotix_ws/install/moveit_visual_tools/include/moveit_visual_tools
[27.400s] -- Installing: /home/ddq2/interbotix_ws/install/moveit_visual_tools/include/moveit_visual_tools/imarker_end_effector.h
[27.400s] -- Installing: /home/ddq2/interbotix_ws/install/moveit_visual_tools/include/moveit_visual_tools/imarker_robot_state.h
[27.400s] -- Installing: /home/ddq2/interbotix_ws/install/moveit_visual_tools/include/moveit_visual_tools/moveit_visual_tools.h
[27.400s] -- Installing: /home/ddq2/interbotix_ws/install/moveit_visual_tools/share/moveit_visual_tools/launch
[27.401s] -- Installing: /home/ddq2/interbotix_ws/install/moveit_visual_tools/share/moveit_visual_tools/launch/demo_rviz.launch.py
[27.401s] -- Installing: /home/ddq2/interbotix_ws/install/moveit_visual_tools/share/moveit_visual_tools/launch/demo.rviz
[27.401s] -- Installing: /home/ddq2/interbotix_ws/install/moveit_visual_tools/share/moveit_visual_tools/resources
[27.401s] -- Installing: /home/ddq2/interbotix_ws/install/moveit_visual_tools/share/moveit_visual_tools/resources/rrbot.urdf
[27.401s] -- Installing: /home/ddq2/interbotix_ws/install/moveit_visual_tools/share/moveit_visual_tools/resources/rrbot.srdf
[27.401s] -- Installing: /home/ddq2/interbotix_ws/install/moveit_visual_tools/share/moveit_visual_tools/resources/screenshot.png
[27.401s] -- Installing: /home/ddq2/interbotix_ws/install/moveit_visual_tools/share/moveit_visual_tools/resources/demo_mesh.stl
[27.401s] -- Installing: /home/ddq2/interbotix_ws/install/moveit_visual_tools/share/moveit_visual_tools/resources/demo.png
[27.401s] -- Installing: /home/ddq2/interbotix_ws/install/moveit_visual_tools/share/ament_index/resource_index/package_run_dependencies/moveit_visual_tools
[27.401s] -- Installing: /home/ddq2/interbotix_ws/install/moveit_visual_tools/share/ament_index/resource_index/parent_prefix_path/moveit_visual_tools
[27.401s] -- Installing: /home/ddq2/interbotix_ws/install/moveit_visual_tools/share/moveit_visual_tools/environment/ament_prefix_path.sh
[27.401s] -- Installing: /home/ddq2/interbotix_ws/install/moveit_visual_tools/share/moveit_visual_tools/environment/ament_prefix_path.dsv
[27.401s] -- Installing: /home/ddq2/interbotix_ws/install/moveit_visual_tools/share/moveit_visual_tools/environment/path.sh
[27.401s] -- Installing: /home/ddq2/interbotix_ws/install/moveit_visual_tools/share/moveit_visual_tools/environment/path.dsv
[27.401s] -- Installing: /home/ddq2/interbotix_ws/install/moveit_visual_tools/share/moveit_visual_tools/local_setup.bash
[27.401s] -- Installing: /home/ddq2/interbotix_ws/install/moveit_visual_tools/share/moveit_visual_tools/local_setup.sh
[27.401s] -- Installing: /home/ddq2/interbotix_ws/install/moveit_visual_tools/share/moveit_visual_tools/local_setup.zsh
[27.401s] -- Installing: /home/ddq2/interbotix_ws/install/moveit_visual_tools/share/moveit_visual_tools/local_setup.dsv
[27.401s] -- Installing: /home/ddq2/interbotix_ws/install/moveit_visual_tools/share/moveit_visual_tools/package.dsv
[27.401s] -- Installing: /home/ddq2/interbotix_ws/install/moveit_visual_tools/share/ament_index/resource_index/packages/moveit_visual_tools
[27.401s] -- Installing: /home/ddq2/interbotix_ws/install/moveit_visual_tools/share/moveit_visual_tools/cmake/export_moveit_visual_toolsExport.cmake
[27.402s] -- Installing: /home/ddq2/interbotix_ws/install/moveit_visual_tools/share/moveit_visual_tools/cmake/export_moveit_visual_toolsExport-release.cmake
[27.402s] -- Installing: /home/ddq2/interbotix_ws/install/moveit_visual_tools/share/moveit_visual_tools/cmake/ament_cmake_export_targets-extras.cmake
[27.402s] -- Installing: /home/ddq2/interbotix_ws/install/moveit_visual_tools/share/moveit_visual_tools/cmake/ament_cmake_export_dependencies-extras.cmake
[27.402s] -- Installing: /home/ddq2/interbotix_ws/install/moveit_visual_tools/share/moveit_visual_tools/cmake/moveit_visual_toolsConfig.cmake
[27.402s] -- Installing: /home/ddq2/interbotix_ws/install/moveit_visual_tools/share/moveit_visual_tools/cmake/moveit_visual_toolsConfig-version.cmake
[27.402s] -- Installing: /home/ddq2/interbotix_ws/install/moveit_visual_tools/share/moveit_visual_tools/package.xml
[27.411s] Invoked command in '/home/ddq2/interbotix_ws/build/moveit_visual_tools' returned '0': CMAKE_PREFIX_PATH=${CMAKE_PREFIX_PATH}:/opt/ros/humble _=/usr/bin/env /home/ddq2/.local/bin/cmake --install /home/ddq2/interbotix_ws/build/moveit_visual_tools
