[0.595s] Invoking command in '/home/ddq2/interbotix_ws/src/image_projector': PYTHONPATH=/home/ddq2/interbotix_ws/build/image_projector/prefix_override:/usr/lib/python3/dist-packages/colcon_core/task/python/colcon_distutils_commands:/home/ddq2/interbotix_ws/install/image_projector/lib/python3.10/site-packages:${PYTHONPATH} _=/usr/bin/env /usr/bin/python3 -W ignore:setup.py install is deprecated -W ignore:easy_install command is deprecated setup.py egg_info --egg-base ../../build/image_projector build --build-base /home/ddq2/interbotix_ws/build/image_projector/build install --record /home/ddq2/interbotix_ws/build/image_projector/install.log --single-version-externally-managed install_data
[0.776s] running egg_info
[0.788s] writing ../../build/image_projector/image_projector.egg-info/PKG-INFO
[0.788s] writing dependency_links to ../../build/image_projector/image_projector.egg-info/dependency_links.txt
[0.788s] writing entry points to ../../build/image_projector/image_projector.egg-info/entry_points.txt
[0.789s] writing requirements to ../../build/image_projector/image_projector.egg-info/requires.txt
[0.789s] writing top-level names to ../../build/image_projector/image_projector.egg-info/top_level.txt
[0.815s] reading manifest file '../../build/image_projector/image_projector.egg-info/SOURCES.txt'
[0.816s] writing manifest file '../../build/image_projector/image_projector.egg-info/SOURCES.txt'
[0.816s] running build
[0.816s] running build_py
[0.816s] copying image_projector/__init__.py -> /home/ddq2/interbotix_ws/build/image_projector/build/lib/image_projector
[0.816s] copying image_projector/realsense_projector.py -> /home/ddq2/interbotix_ws/build/image_projector/build/lib/image_projector
[0.816s] copying image_projector/image_projector.py -> /home/ddq2/interbotix_ws/build/image_projector/build/lib/image_projector
[0.816s] running install
[0.820s] running install_lib
[0.833s] running install_data
[0.833s] copying resource/image_projector -> /home/ddq2/interbotix_ws/install/image_projector/share/ament_index/resource_index/packages
[0.833s] copying package.xml -> /home/ddq2/interbotix_ws/install/image_projector/share/image_projector
[0.833s] copying srv/Get3DCoordinates.srv -> /home/ddq2/interbotix_ws/install/image_projector/share/image_projector/srv
[0.833s] running install_egg_info
[0.846s] removing '/home/ddq2/interbotix_ws/install/image_projector/lib/python3.10/site-packages/image_projector-0.0.0-py3.10.egg-info' (and everything under it)
[0.847s] Copying ../../build/image_projector/image_projector.egg-info to /home/ddq2/interbotix_ws/install/image_projector/lib/python3.10/site-packages/image_projector-0.0.0-py3.10.egg-info
[0.847s] running install_scripts
[0.961s] Installing service script to /home/ddq2/interbotix_ws/install/image_projector/lib/image_projector
[0.961s] writing list of installed files to '/home/ddq2/interbotix_ws/build/image_projector/install.log'
[0.976s] Invoked command in '/home/ddq2/interbotix_ws/src/image_projector' returned '0': PYTHONPATH=/home/ddq2/interbotix_ws/build/image_projector/prefix_override:/usr/lib/python3/dist-packages/colcon_core/task/python/colcon_distutils_commands:/home/ddq2/interbotix_ws/install/image_projector/lib/python3.10/site-packages:${PYTHONPATH} _=/usr/bin/env /usr/bin/python3 -W ignore:setup.py install is deprecated -W ignore:easy_install command is deprecated setup.py egg_info --egg-base ../../build/image_projector build --build-base /home/ddq2/interbotix_ws/build/image_projector/build install --record /home/ddq2/interbotix_ws/build/image_projector/install.log --single-version-externally-managed install_data
