[0.008s] Invoking command in '/home/ddq2/interbotix_ws/build/robopoint_interfaces': CMAKE_PREFIX_PATH=${CMAKE_PREFIX_PATH}:/home/ddq2/realsense_ws/install/detection_visualizer:/home/ddq2/realsense_ws/install/distance_calculation:/home/ddq2/interbotix_ws/install/interbotix_xs_modules:/home/ddq2/interbotix_ws/install/interbotix_perception_modules:/home/ddq2/interbotix_ws/install/interbotix_common_modules:/home/ddq2/interbotix_ws/install/image_projector:/opt/ros/humble _=/usr/bin/env /home/ddq2/.local/bin/cmake /home/ddq2/interbotix_ws/src/robopoint_interfaces -DCMAKE_INSTALL_PREFIX=/home/ddq2/interbotix_ws/install/robopoint_interfaces
[0.195s] -- The C compiler identification is GNU 11.4.0
[0.254s] -- The CXX compiler identification is GNU 11.4.0
[0.264s] -- Detecting C compiler ABI info
[0.308s] -- Detecting C compiler ABI info - done
[0.318s] -- Check for working C compiler: /usr/bin/cc - skipped
[0.318s] -- Detecting C compile features
[0.319s] -- Detecting C compile features - done
[0.321s] -- Detecting CXX compiler ABI info
[0.371s] -- Detecting CXX compiler ABI info - done
[0.382s] -- Check for working CXX compiler: /usr/bin/c++ - skipped
[0.382s] -- Detecting CXX compile features
[0.383s] -- Detecting CXX compile features - done
[0.386s] -- Found ament_cmake: 1.3.11 (/opt/ros/humble/share/ament_cmake/cmake)
[0.487s] -- Found Python3: /usr/bin/python3 (found version "3.10.12") found components: Interpreter
[0.579s] -- Found ament_lint_auto: 0.12.11 (/opt/ros/humble/share/ament_lint_auto/cmake)
[0.647s] -- Found rosidl_default_generators: 1.2.0 (/opt/ros/humble/share/rosidl_default_generators/cmake)
[0.655s] -- Using all available rosidl_typesupport_c: rosidl_typesupport_fastrtps_c;rosidl_typesupport_introspection_c
[0.665s] -- Found rosidl_adapter: 3.1.6 (/opt/ros/humble/share/rosidl_adapter/cmake)
[0.715s] -- Using all available rosidl_typesupport_cpp: rosidl_typesupport_fastrtps_cpp;rosidl_typesupport_introspection_cpp
[0.751s] [31mCMake Error at /opt/ros/humble/share/rosidl_cmake/cmake/rosidl_generate_interfaces.cmake:93 (message):
[0.751s]   rosidl_generate_interfaces() the passed file 'srv/Get3DCoordinates.srv'
[0.751s]   doesn't exist relative to the CMAKE_CURRENT_SOURCE_DIR
[0.751s]   '/home/ddq2/interbotix_ws/src/robopoint_interfaces'
[0.751s] Call Stack (most recent call first):
[0.751s]   CMakeLists.txt:28 (rosidl_generate_interfaces)
[0.751s] 
[0.751s] [0m
[0.751s] -- Configuring incomplete, errors occurred!
[0.762s] Invoked command in '/home/ddq2/interbotix_ws/build/robopoint_interfaces' returned '1': CMAKE_PREFIX_PATH=${CMAKE_PREFIX_PATH}:/home/ddq2/realsense_ws/install/detection_visualizer:/home/ddq2/realsense_ws/install/distance_calculation:/home/ddq2/interbotix_ws/install/interbotix_xs_modules:/home/ddq2/interbotix_ws/install/interbotix_perception_modules:/home/ddq2/interbotix_ws/install/interbotix_common_modules:/home/ddq2/interbotix_ws/install/image_projector:/opt/ros/humble _=/usr/bin/env /home/ddq2/.local/bin/cmake /home/ddq2/interbotix_ws/src/robopoint_interfaces -DCMAKE_INSTALL_PREFIX=/home/ddq2/interbotix_ws/install/robopoint_interfaces
