[0.398s] Invoking command in '/home/ddq2/interbotix_ws/build/interbotix_common_sim': CMAKE_PREFIX_PATH=${CMAKE_PREFIX_PATH}:/home/ddq2/interbotix_ws/install/image_projector:/home/ddq2/interbotix_ws/install/interbotix_xs_modules:/home/ddq2/interbotix_ws/install/interbotix_xs_sdk:/home/ddq2/interbotix_ws/install/interbotix_perception_modules:/home/ddq2/interbotix_ws/install/interbotix_perception_pipelines:/home/ddq2/interbotix_ws/install/interbotix_common_modules:/home/ddq2/realsense_ws/install/detection_visualizer:/home/ddq2/realsense_ws/install/distance_calculation:/opt/ros/humble _=/usr/bin/env /home/ddq2/.local/bin/cmake --build /home/ddq2/interbotix_ws/build/interbotix_common_sim -- -j16 -l16
[0.682s] Invoked command in '/home/ddq2/interbotix_ws/build/interbotix_common_sim' returned '0': CMAKE_PREFIX_PATH=${CMAKE_PREFIX_PATH}:/home/ddq2/interbotix_ws/install/image_projector:/home/ddq2/interbotix_ws/install/interbotix_xs_modules:/home/ddq2/interbotix_ws/install/interbotix_xs_sdk:/home/ddq2/interbotix_ws/install/interbotix_perception_modules:/home/ddq2/interbotix_ws/install/interbotix_perception_pipelines:/home/ddq2/interbotix_ws/install/interbotix_common_modules:/home/ddq2/realsense_ws/install/detection_visualizer:/home/ddq2/realsense_ws/install/distance_calculation:/opt/ros/humble _=/usr/bin/env /home/ddq2/.local/bin/cmake --build /home/ddq2/interbotix_ws/build/interbotix_common_sim -- -j16 -l16
[1.051s] Invoking command in '/home/ddq2/interbotix_ws/build/interbotix_common_sim': CMAKE_PREFIX_PATH=${CMAKE_PREFIX_PATH}:/home/ddq2/interbotix_ws/install/image_projector:/home/ddq2/interbotix_ws/install/interbotix_xs_modules:/home/ddq2/interbotix_ws/install/interbotix_xs_sdk:/home/ddq2/interbotix_ws/install/interbotix_perception_modules:/home/ddq2/interbotix_ws/install/interbotix_perception_pipelines:/home/ddq2/interbotix_ws/install/interbotix_common_modules:/home/ddq2/realsense_ws/install/detection_visualizer:/home/ddq2/realsense_ws/install/distance_calculation:/opt/ros/humble _=/usr/bin/env /home/ddq2/.local/bin/cmake --install /home/ddq2/interbotix_ws/build/interbotix_common_sim
[1.398s] -- Install configuration: ""
[1.398s] -- Up-to-date: /home/ddq2/interbotix_ws/install/interbotix_common_sim/share/interbotix_common_sim/models
[1.398s] -- Up-to-date: /home/ddq2/interbotix_ws/install/interbotix_common_sim/share/interbotix_common_sim/models/VisionKit
[1.398s] -- Up-to-date: /home/ddq2/interbotix_ws/install/interbotix_common_sim/share/interbotix_common_sim/models/VisionKit/VisionKit.sdf
[1.398s] -- Up-to-date: /home/ddq2/interbotix_ws/install/interbotix_common_sim/share/interbotix_common_sim/models/VisionKit/model.config
[1.399s] -- Up-to-date: /home/ddq2/interbotix_ws/install/interbotix_common_sim/share/interbotix_common_sim/models/VisionKit/stand.stl
[1.399s] -- Up-to-date: /home/ddq2/interbotix_ws/install/interbotix_common_sim/share/interbotix_common_sim/models/TrossenRoboticsOfficeBuilding
[1.399s] -- Up-to-date: /home/ddq2/interbotix_ws/install/interbotix_common_sim/share/interbotix_common_sim/models/TrossenRoboticsOfficeBuilding/model.config
[1.399s] -- Up-to-date: /home/ddq2/interbotix_ws/install/interbotix_common_sim/share/interbotix_common_sim/models/TrossenRoboticsOfficeBuilding/TrossenRoboticsOfficeBuilding.sdf
[1.399s] -- Up-to-date: /home/ddq2/interbotix_ws/install/interbotix_common_sim/share/interbotix_common_sim/models/RealSenseD415
[1.399s] -- Up-to-date: /home/ddq2/interbotix_ws/install/interbotix_common_sim/share/interbotix_common_sim/models/RealSenseD415/model.config
[1.399s] -- Up-to-date: /home/ddq2/interbotix_ws/install/interbotix_common_sim/share/interbotix_common_sim/models/RealSenseD415/RealSenseD415.sdf
[1.399s] -- Up-to-date: /home/ddq2/interbotix_ws/install/interbotix_common_sim/share/interbotix_common_sim/models/RealSenseD415/camera.stl
[1.399s] -- Up-to-date: /home/ddq2/interbotix_ws/install/interbotix_common_sim/share/interbotix_common_sim/worlds
[1.399s] -- Up-to-date: /home/ddq2/interbotix_ws/install/interbotix_common_sim/share/interbotix_common_sim/worlds/vision_kit.world
[1.399s] -- Up-to-date: /home/ddq2/interbotix_ws/install/interbotix_common_sim/share/interbotix_common_sim/worlds/interbotix.world
[1.399s] -- Up-to-date: /home/ddq2/interbotix_ws/install/interbotix_common_sim/share/interbotix_common_sim/media
[1.399s] -- Up-to-date: /home/ddq2/interbotix_ws/install/interbotix_common_sim/share/interbotix_common_sim/media/interbotix_black.png
[1.399s] -- Up-to-date: /home/ddq2/interbotix_ws/install/interbotix_common_sim/share/interbotix_common_sim/media/materials
[1.399s] -- Up-to-date: /home/ddq2/interbotix_ws/install/interbotix_common_sim/share/interbotix_common_sim/media/materials/textures
[1.400s] -- Up-to-date: /home/ddq2/interbotix_ws/install/interbotix_common_sim/share/interbotix_common_sim/media/materials/textures/interbotix_black.png
[1.400s] -- Up-to-date: /home/ddq2/interbotix_ws/install/interbotix_common_sim/share/interbotix_common_sim/media/materials/scripts
[1.400s] -- Up-to-date: /home/ddq2/interbotix_ws/install/interbotix_common_sim/share/interbotix_common_sim/media/materials/scripts/interbotix_black.material
[1.400s] -- Up-to-date: /home/ddq2/interbotix_ws/install/interbotix_common_sim/share/interbotix_common_sim/media/materials/scripts/interbotix_texture.gazebo
[1.400s] -- Up-to-date: /home/ddq2/interbotix_ws/install/interbotix_common_sim/share/ament_index/resource_index/package_run_dependencies/interbotix_common_sim
[1.400s] -- Up-to-date: /home/ddq2/interbotix_ws/install/interbotix_common_sim/share/ament_index/resource_index/parent_prefix_path/interbotix_common_sim
[1.400s] -- Up-to-date: /home/ddq2/interbotix_ws/install/interbotix_common_sim/share/interbotix_common_sim/environment/ament_prefix_path.sh
[1.400s] -- Up-to-date: /home/ddq2/interbotix_ws/install/interbotix_common_sim/share/interbotix_common_sim/environment/ament_prefix_path.dsv
[1.400s] -- Up-to-date: /home/ddq2/interbotix_ws/install/interbotix_common_sim/share/interbotix_common_sim/environment/path.sh
[1.400s] -- Up-to-date: /home/ddq2/interbotix_ws/install/interbotix_common_sim/share/interbotix_common_sim/environment/path.dsv
[1.400s] -- Up-to-date: /home/ddq2/interbotix_ws/install/interbotix_common_sim/share/interbotix_common_sim/local_setup.bash
[1.400s] -- Up-to-date: /home/ddq2/interbotix_ws/install/interbotix_common_sim/share/interbotix_common_sim/local_setup.sh
[1.400s] -- Up-to-date: /home/ddq2/interbotix_ws/install/interbotix_common_sim/share/interbotix_common_sim/local_setup.zsh
[1.400s] -- Up-to-date: /home/ddq2/interbotix_ws/install/interbotix_common_sim/share/interbotix_common_sim/local_setup.dsv
[1.400s] -- Installing: /home/ddq2/interbotix_ws/install/interbotix_common_sim/share/interbotix_common_sim/package.dsv
[1.406s] -- Up-to-date: /home/ddq2/interbotix_ws/install/interbotix_common_sim/share/ament_index/resource_index/packages/interbotix_common_sim
[1.406s] -- Up-to-date: /home/ddq2/interbotix_ws/install/interbotix_common_sim/share/interbotix_common_sim/cmake/interbotix_common_simConfig.cmake
[1.406s] -- Up-to-date: /home/ddq2/interbotix_ws/install/interbotix_common_sim/share/interbotix_common_sim/cmake/interbotix_common_simConfig-version.cmake
[1.407s] -- Up-to-date: /home/ddq2/interbotix_ws/install/interbotix_common_sim/share/interbotix_common_sim/package.xml
[1.473s] Invoked command in '/home/ddq2/interbotix_ws/build/interbotix_common_sim' returned '0': CMAKE_PREFIX_PATH=${CMAKE_PREFIX_PATH}:/home/ddq2/interbotix_ws/install/image_projector:/home/ddq2/interbotix_ws/install/interbotix_xs_modules:/home/ddq2/interbotix_ws/install/interbotix_xs_sdk:/home/ddq2/interbotix_ws/install/interbotix_perception_modules:/home/ddq2/interbotix_ws/install/interbotix_perception_pipelines:/home/ddq2/interbotix_ws/install/interbotix_common_modules:/home/ddq2/realsense_ws/install/detection_visualizer:/home/ddq2/realsense_ws/install/distance_calculation:/opt/ros/humble _=/usr/bin/env /home/ddq2/.local/bin/cmake --install /home/ddq2/interbotix_ws/build/interbotix_common_sim
