[0.618s] Invoking command in '/home/ddq2/interbotix_ws/src/image_projector': LD_LIBRARY_PATH=/home/ddq2/interbotix_ws/install/robopoint_interfaces/lib:/home/ddq2/realsense_ws/install/vision_msgs/lib:/usr/local/cuda-12.4/lib64:/home/ddq2/interbotix_ws/install/moveit_visual_tools/lib:/home/ddq2/interbotix_ws/install/interbotix_xs_rviz/lib:/home/ddq2/interbotix_ws/install/interbotix_xs_ros_control/lib:/home/ddq2/interbotix_ws/install/interbotix_xs_msgs/lib:/home/ddq2/interbotix_ws/install/interbotix_xs_driver/lib:/home/ddq2/interbotix_ws/install/interbotix_tf_tools/lib:/home/ddq2/interbotix_ws/install/interbotix_perception_msgs/lib:/home/ddq2/interbotix_ws/install/interbotix_moveit_interface_msgs/lib:/home/ddq2/interbotix_ws/install/dynamixel_workbench_toolbox/lib:/home/ddq2/apriltag_ws/install/apriltag_ros/lib:/usr/local/cuda-12.4/lib64:/opt/ros/humble/opt/rviz_ogre_vendor/lib:/opt/ros/humble/lib/x86_64-linux-gnu:/opt/ros/humble/lib:/usr/lib/x86_64-linux-gnu/gazebo-11/plugins:/usr/lib/x86_64-linux-gnu/gazebo-11/plugins:/usr/lib/x86_64-linux-gnu/gazebo-11/plugins PYTHONPATH=/home/ddq2/interbotix_ws/build/image_projector/prefix_override:/usr/lib/python3/dist-packages/colcon_core/task/python/colcon_distutils_commands:/home/ddq2/interbotix_ws/install/image_projector/lib/python3.10/site-packages:${PYTHONPATH} _=/usr/bin/env /usr/bin/python3 -W ignore:setup.py install is deprecated -W ignore:easy_install command is deprecated setup.py egg_info --egg-base ../../build/image_projector build --build-base /home/ddq2/interbotix_ws/build/image_projector/build install --record /home/ddq2/interbotix_ws/build/image_projector/install.log --single-version-externally-managed install_data
[0.803s] running egg_info
[0.815s] writing ../../build/image_projector/image_projector.egg-info/PKG-INFO
[0.816s] writing dependency_links to ../../build/image_projector/image_projector.egg-info/dependency_links.txt
[0.816s] writing entry points to ../../build/image_projector/image_projector.egg-info/entry_points.txt
[0.816s] writing requirements to ../../build/image_projector/image_projector.egg-info/requires.txt
[0.816s] writing top-level names to ../../build/image_projector/image_projector.egg-info/top_level.txt
[0.841s] reading manifest file '../../build/image_projector/image_projector.egg-info/SOURCES.txt'
[0.842s] writing manifest file '../../build/image_projector/image_projector.egg-info/SOURCES.txt'
[0.842s] running build
[0.842s] running build_py
[0.842s] copying image_projector/__init__.py -> /home/ddq2/interbotix_ws/build/image_projector/build/lib/image_projector
[0.842s] copying image_projector/realsense_projector.py -> /home/ddq2/interbotix_ws/build/image_projector/build/lib/image_projector
[0.842s] copying image_projector/image_projector.py -> /home/ddq2/interbotix_ws/build/image_projector/build/lib/image_projector
[0.842s] running install
[0.846s] running install_lib
[0.858s] running install_data
[0.859s] copying resource/image_projector -> /home/ddq2/interbotix_ws/install/image_projector/share/ament_index/resource_index/packages
[0.859s] copying package.xml -> /home/ddq2/interbotix_ws/install/image_projector/share/image_projector
[0.859s] error: can't copy 'srv/Get3DCoordinates.srv': doesn't exist or not a regular file
[0.872s] Invoked command in '/home/ddq2/interbotix_ws/src/image_projector' returned '1': LD_LIBRARY_PATH=/home/ddq2/interbotix_ws/install/robopoint_interfaces/lib:/home/ddq2/realsense_ws/install/vision_msgs/lib:/usr/local/cuda-12.4/lib64:/home/ddq2/interbotix_ws/install/moveit_visual_tools/lib:/home/ddq2/interbotix_ws/install/interbotix_xs_rviz/lib:/home/ddq2/interbotix_ws/install/interbotix_xs_ros_control/lib:/home/ddq2/interbotix_ws/install/interbotix_xs_msgs/lib:/home/ddq2/interbotix_ws/install/interbotix_xs_driver/lib:/home/ddq2/interbotix_ws/install/interbotix_tf_tools/lib:/home/ddq2/interbotix_ws/install/interbotix_perception_msgs/lib:/home/ddq2/interbotix_ws/install/interbotix_moveit_interface_msgs/lib:/home/ddq2/interbotix_ws/install/dynamixel_workbench_toolbox/lib:/home/ddq2/apriltag_ws/install/apriltag_ros/lib:/usr/local/cuda-12.4/lib64:/opt/ros/humble/opt/rviz_ogre_vendor/lib:/opt/ros/humble/lib/x86_64-linux-gnu:/opt/ros/humble/lib:/usr/lib/x86_64-linux-gnu/gazebo-11/plugins:/usr/lib/x86_64-linux-gnu/gazebo-11/plugins:/usr/lib/x86_64-linux-gnu/gazebo-11/plugins PYTHONPATH=/home/ddq2/interbotix_ws/build/image_projector/prefix_override:/usr/lib/python3/dist-packages/colcon_core/task/python/colcon_distutils_commands:/home/ddq2/interbotix_ws/install/image_projector/lib/python3.10/site-packages:${PYTHONPATH} _=/usr/bin/env /usr/bin/python3 -W ignore:setup.py install is deprecated -W ignore:easy_install command is deprecated setup.py egg_info --egg-base ../../build/image_projector build --build-base /home/ddq2/interbotix_ws/build/image_projector/build install --record /home/ddq2/interbotix_ws/build/image_projector/install.log --single-version-externally-managed install_data
