[0.009s] Invoking command in '/home/ddq2/interbotix_ws/build/interbotix_xs_ros_control': AMENT_PREFIX_PATH=/home/ddq2/interbotix_ws/install/interbotix_xs_msgs:${AMENT_PREFIX_PATH} CMAKE_PREFIX_PATH=/home/ddq2/interbotix_ws/install/interbotix_xs_msgs:/home/ddq2/apriltag_ws/install/apriltag_ros:/opt/ros/humble LD_LIBRARY_PATH=/home/ddq2/interbotix_ws/install/interbotix_xs_msgs/lib:/home/ddq2/apriltag_ws/install/apriltag_ros/lib:/usr/local/cuda-12.4/lib64:/usr/local/cuda-12.4/lib64:/opt/ros/humble/opt/rviz_ogre_vendor/lib:/opt/ros/humble/lib/x86_64-linux-gnu:/opt/ros/humble/lib:/usr/lib/x86_64-linux-gnu/gazebo-11/plugins:/usr/lib/x86_64-linux-gnu/gazebo-11/plugins:/usr/lib/x86_64-linux-gnu/gazebo-11/plugins PYTHONPATH=/home/ddq2/interbotix_ws/install/interbotix_xs_msgs/local/lib/python3.10/dist-packages:${PYTHONPATH} _=/usr/bin/env /home/ddq2/.local/bin/cmake /home/ddq2/interbotix_ws/src/interbotix_ros_toolboxes/interbotix_xs_toolbox/interbotix_xs_ros_control -DCMAKE_INSTALL_PREFIX=/home/ddq2/interbotix_ws/install/interbotix_xs_ros_control
[0.096s] -- The C compiler identification is GNU 11.4.0
[0.134s] -- The CXX compiler identification is GNU 11.4.0
[0.141s] -- Detecting C compiler ABI info
[0.180s] -- Detecting C compiler ABI info - done
[0.200s] -- Check for working C compiler: /usr/bin/cc - skipped
[0.200s] -- Detecting C compile features
[0.201s] -- Detecting C compile features - done
[0.205s] -- Detecting CXX compiler ABI info
[0.253s] -- Detecting CXX compiler ABI info - done
[0.265s] -- Check for working CXX compiler: /usr/bin/c++ - skipped
[0.265s] -- Detecting CXX compile features
[0.266s] -- Detecting CXX compile features - done
[0.268s] -- Found ament_cmake: 1.3.11 (/opt/ros/humble/share/ament_cmake/cmake)
[0.372s] -- Found Python3: /usr/bin/python3 (found version "3.10.12") found components: Interpreter
[0.442s] -- Found hardware_interface: 2.47.0 (/opt/ros/humble/share/hardware_interface/cmake)
[0.479s] -- Found rosidl_generator_c: 3.1.6 (/opt/ros/humble/share/rosidl_generator_c/cmake)
[0.483s] -- Found rosidl_adapter: 3.1.6 (/opt/ros/humble/share/rosidl_adapter/cmake)
[0.491s] -- Found rosidl_generator_cpp: 3.1.6 (/opt/ros/humble/share/rosidl_generator_cpp/cmake)
[0.501s] -- Using all available rosidl_typesupport_c: rosidl_typesupport_fastrtps_c;rosidl_typesupport_introspection_c
[0.515s] -- Using all available rosidl_typesupport_cpp: rosidl_typesupport_fastrtps_cpp;rosidl_typesupport_introspection_cpp
[0.711s] -- Found rmw_implementation_cmake: 6.1.2 (/opt/ros/humble/share/rmw_implementation_cmake/cmake)
[0.713s] -- Found rmw_fastrtps_cpp: 6.2.7 (/opt/ros/humble/share/rmw_fastrtps_cpp/cmake)
[0.735s] -- Found TinyXML2 via Config file: TinyXML2_DIR-NOTFOUND
[0.766s] -- Found OpenSSL: /usr/lib/x86_64-linux-gnu/libcrypto.so (found version "3.0.2")
[0.768s] -- Found TinyXML2 via Config file: TinyXML2_DIR-NOTFOUND
[0.780s] -- Found FastRTPS: /opt/ros/humble/include
[0.783s] -- Found TinyXML2 via Config file: TinyXML2_DIR-NOTFOUND
[0.790s] -- Found TinyXML2 via Config file: TinyXML2_DIR-NOTFOUND
[0.800s] -- Using RMW implementation 'rmw_fastrtps_cpp' as default
[0.807s] -- Performing Test CMAKE_HAVE_LIBC_PTHREAD
[0.849s] -- Performing Test CMAKE_HAVE_LIBC_PTHREAD - Success
[0.850s] -- Found Threads: TRUE
[0.895s] -- Found interbotix_xs_msgs: 0.0.0 (/home/ddq2/interbotix_ws/install/interbotix_xs_msgs/share/interbotix_xs_msgs/cmake)
[0.918s] -- Found ament_lint_auto: 0.12.11 (/opt/ros/humble/share/ament_lint_auto/cmake)
[0.977s] -- Found ros2_control_test_assets: 2.47.0 (/opt/ros/humble/share/ros2_control_test_assets/cmake)
[0.979s] -- Found gmock sources under '/opt/ros/humble/src/gmock_vendor': C++ tests using 'Google Mock' will be built
[0.984s] -- Found ament_cmake_gtest: 1.3.11 (/opt/ros/humble/share/ament_cmake_gtest/cmake)
[0.984s] -- Found gtest sources under '/opt/ros/humble/src/gtest_vendor': C++ tests using 'Google Test' will be built
[0.993s] -- Added test 'copyright' to check source files copyright and LICENSE
[0.994s] -- Added test 'cppcheck' to perform static code analysis on C / C++ code
[0.994s] -- Configured cppcheck include dirs: $<BUILD_INTERFACE:/home/ddq2/interbotix_ws/src/interbotix_ros_toolboxes/interbotix_xs_toolbox/interbotix_xs_ros_control/include>;/home/ddq2/interbotix_ws/src/interbotix_ros_toolboxes/interbotix_xs_toolbox/interbotix_xs_ros_control/include
[0.994s] -- Configured cppcheck exclude dirs and/or files: 
[0.995s] -- Added test 'cpplint' to check C / C++ code against the Google style
[0.995s] -- Configured cpplint exclude dirs and/or files: 
[0.995s] -- Added test 'lint_cmake' to check CMake code style
[0.996s] -- Added test 'uncrustify' to check C / C++ code style
[0.996s] -- Configured uncrustify additional arguments: 
[0.997s] -- Added test 'xmllint' to check XML markup files
[0.998s] -- Configuring done (0.9s)
[1.036s] -- Generating done (0.0s)
[1.042s] -- Build files have been written to: /home/ddq2/interbotix_ws/build/interbotix_xs_ros_control
[1.064s] Invoked command in '/home/ddq2/interbotix_ws/build/interbotix_xs_ros_control' returned '0': AMENT_PREFIX_PATH=/home/ddq2/interbotix_ws/install/interbotix_xs_msgs:${AMENT_PREFIX_PATH} CMAKE_PREFIX_PATH=/home/ddq2/interbotix_ws/install/interbotix_xs_msgs:/home/ddq2/apriltag_ws/install/apriltag_ros:/opt/ros/humble LD_LIBRARY_PATH=/home/ddq2/interbotix_ws/install/interbotix_xs_msgs/lib:/home/ddq2/apriltag_ws/install/apriltag_ros/lib:/usr/local/cuda-12.4/lib64:/usr/local/cuda-12.4/lib64:/opt/ros/humble/opt/rviz_ogre_vendor/lib:/opt/ros/humble/lib/x86_64-linux-gnu:/opt/ros/humble/lib:/usr/lib/x86_64-linux-gnu/gazebo-11/plugins:/usr/lib/x86_64-linux-gnu/gazebo-11/plugins:/usr/lib/x86_64-linux-gnu/gazebo-11/plugins PYTHONPATH=/home/ddq2/interbotix_ws/install/interbotix_xs_msgs/local/lib/python3.10/dist-packages:${PYTHONPATH} _=/usr/bin/env /home/ddq2/.local/bin/cmake /home/ddq2/interbotix_ws/src/interbotix_ros_toolboxes/interbotix_xs_toolbox/interbotix_xs_ros_control -DCMAKE_INSTALL_PREFIX=/home/ddq2/interbotix_ws/install/interbotix_xs_ros_control
[1.065s] Invoking command in '/home/ddq2/interbotix_ws/build/interbotix_xs_ros_control': AMENT_PREFIX_PATH=/home/ddq2/interbotix_ws/install/interbotix_xs_msgs:${AMENT_PREFIX_PATH} CMAKE_PREFIX_PATH=/home/ddq2/interbotix_ws/install/interbotix_xs_msgs:/home/ddq2/apriltag_ws/install/apriltag_ros:/opt/ros/humble LD_LIBRARY_PATH=/home/ddq2/interbotix_ws/install/interbotix_xs_msgs/lib:/home/ddq2/apriltag_ws/install/apriltag_ros/lib:/usr/local/cuda-12.4/lib64:/usr/local/cuda-12.4/lib64:/opt/ros/humble/opt/rviz_ogre_vendor/lib:/opt/ros/humble/lib/x86_64-linux-gnu:/opt/ros/humble/lib:/usr/lib/x86_64-linux-gnu/gazebo-11/plugins:/usr/lib/x86_64-linux-gnu/gazebo-11/plugins:/usr/lib/x86_64-linux-gnu/gazebo-11/plugins PYTHONPATH=/home/ddq2/interbotix_ws/install/interbotix_xs_msgs/local/lib/python3.10/dist-packages:${PYTHONPATH} _=/usr/bin/env /home/ddq2/.local/bin/cmake --build /home/ddq2/interbotix_ws/build/interbotix_xs_ros_control -- -j16 -l16
[1.132s] [ 11%] [32mBuilding CXX object CMakeFiles/interbotix_xs_ros_control.dir/src/xs_hardware_interface.cpp.o[0m
[1.132s] [ 22%] [32mBuilding CXX object gmock/CMakeFiles/gmock_main.dir/src/gmock_main.cc.o[0m
[1.134s] [ 33%] [32mBuilding CXX object gmock/CMakeFiles/gmock.dir/opt/ros/humble/src/gtest_vendor/src/gtest-all.cc.o[0m
[1.135s] [ 44%] [32mBuilding CXX object gmock/CMakeFiles/gmock.dir/src/gmock-all.cc.o[0m
[2.023s] [ 55%] [32m[1mLinking CXX static library libgmock_main.a[0m
[2.043s] [ 55%] Built target gmock_main
[3.636s] [ 66%] [32m[1mLinking CXX static library libgmock.a[0m
[3.669s] [ 66%] Built target gmock
[3.677s] [ 77%] [32mBuilding CXX object CMakeFiles/test_load_xs_hardware_interface.dir/test/test_load_xs_hardware_interface.cpp.o[0m
[6.498s] [ 88%] [32m[1mLinking CXX executable test_load_xs_hardware_interface[0m
[6.689s] [ 88%] Built target test_load_xs_hardware_interface
[8.595s] [100%] [32m[1mLinking CXX shared library libinterbotix_xs_ros_control.so[0m
[9.016s] [100%] Built target interbotix_xs_ros_control
[9.028s] Invoked command in '/home/ddq2/interbotix_ws/build/interbotix_xs_ros_control' returned '0': AMENT_PREFIX_PATH=/home/ddq2/interbotix_ws/install/interbotix_xs_msgs:${AMENT_PREFIX_PATH} CMAKE_PREFIX_PATH=/home/ddq2/interbotix_ws/install/interbotix_xs_msgs:/home/ddq2/apriltag_ws/install/apriltag_ros:/opt/ros/humble LD_LIBRARY_PATH=/home/ddq2/interbotix_ws/install/interbotix_xs_msgs/lib:/home/ddq2/apriltag_ws/install/apriltag_ros/lib:/usr/local/cuda-12.4/lib64:/usr/local/cuda-12.4/lib64:/opt/ros/humble/opt/rviz_ogre_vendor/lib:/opt/ros/humble/lib/x86_64-linux-gnu:/opt/ros/humble/lib:/usr/lib/x86_64-linux-gnu/gazebo-11/plugins:/usr/lib/x86_64-linux-gnu/gazebo-11/plugins:/usr/lib/x86_64-linux-gnu/gazebo-11/plugins PYTHONPATH=/home/ddq2/interbotix_ws/install/interbotix_xs_msgs/local/lib/python3.10/dist-packages:${PYTHONPATH} _=/usr/bin/env /home/ddq2/.local/bin/cmake --build /home/ddq2/interbotix_ws/build/interbotix_xs_ros_control -- -j16 -l16
[9.030s] Invoking command in '/home/ddq2/interbotix_ws/build/interbotix_xs_ros_control': AMENT_PREFIX_PATH=/home/ddq2/interbotix_ws/install/interbotix_xs_msgs:${AMENT_PREFIX_PATH} CMAKE_PREFIX_PATH=/home/ddq2/interbotix_ws/install/interbotix_xs_msgs:/home/ddq2/apriltag_ws/install/apriltag_ros:/opt/ros/humble LD_LIBRARY_PATH=/home/ddq2/interbotix_ws/install/interbotix_xs_msgs/lib:/home/ddq2/apriltag_ws/install/apriltag_ros/lib:/usr/local/cuda-12.4/lib64:/usr/local/cuda-12.4/lib64:/opt/ros/humble/opt/rviz_ogre_vendor/lib:/opt/ros/humble/lib/x86_64-linux-gnu:/opt/ros/humble/lib:/usr/lib/x86_64-linux-gnu/gazebo-11/plugins:/usr/lib/x86_64-linux-gnu/gazebo-11/plugins:/usr/lib/x86_64-linux-gnu/gazebo-11/plugins PYTHONPATH=/home/ddq2/interbotix_ws/install/interbotix_xs_msgs/local/lib/python3.10/dist-packages:${PYTHONPATH} _=/usr/bin/env /home/ddq2/.local/bin/cmake --install /home/ddq2/interbotix_ws/build/interbotix_xs_ros_control
[9.087s] -- Install configuration: ""
[9.087s] -- Installing: /home/ddq2/interbotix_ws/install/interbotix_xs_ros_control/share/interbotix_xs_ros_control/interbotix_xs_ros_control.xml
[9.087s] -- Installing: /home/ddq2/interbotix_ws/install/interbotix_xs_ros_control/include
[9.087s] -- Installing: /home/ddq2/interbotix_ws/install/interbotix_xs_ros_control/include/interbotix_xs_ros_control
[9.087s] -- Installing: /home/ddq2/interbotix_ws/install/interbotix_xs_ros_control/include/interbotix_xs_ros_control/xs_hardware_interface.hpp
[9.087s] -- Installing: /home/ddq2/interbotix_ws/install/interbotix_xs_ros_control/lib/libinterbotix_xs_ros_control.so
[9.091s] -- Set non-toolchain portion of runtime path of "/home/ddq2/interbotix_ws/install/interbotix_xs_ros_control/lib/libinterbotix_xs_ros_control.so" to ""
[9.091s] -- Installing: /home/ddq2/interbotix_ws/install/interbotix_xs_ros_control/share/interbotix_xs_ros_control/environment/library_path.sh
[9.091s] -- Installing: /home/ddq2/interbotix_ws/install/interbotix_xs_ros_control/share/interbotix_xs_ros_control/environment/library_path.dsv
[9.091s] -- Installing: /home/ddq2/interbotix_ws/install/interbotix_xs_ros_control/share/ament_index/resource_index/package_run_dependencies/interbotix_xs_ros_control
[9.092s] -- Installing: /home/ddq2/interbotix_ws/install/interbotix_xs_ros_control/share/ament_index/resource_index/parent_prefix_path/interbotix_xs_ros_control
[9.092s] -- Installing: /home/ddq2/interbotix_ws/install/interbotix_xs_ros_control/share/interbotix_xs_ros_control/environment/ament_prefix_path.sh
[9.092s] -- Installing: /home/ddq2/interbotix_ws/install/interbotix_xs_ros_control/share/interbotix_xs_ros_control/environment/ament_prefix_path.dsv
[9.092s] -- Installing: /home/ddq2/interbotix_ws/install/interbotix_xs_ros_control/share/interbotix_xs_ros_control/environment/path.sh
[9.092s] -- Installing: /home/ddq2/interbotix_ws/install/interbotix_xs_ros_control/share/interbotix_xs_ros_control/environment/path.dsv
[9.092s] -- Installing: /home/ddq2/interbotix_ws/install/interbotix_xs_ros_control/share/interbotix_xs_ros_control/local_setup.bash
[9.092s] -- Installing: /home/ddq2/interbotix_ws/install/interbotix_xs_ros_control/share/interbotix_xs_ros_control/local_setup.sh
[9.092s] -- Installing: /home/ddq2/interbotix_ws/install/interbotix_xs_ros_control/share/interbotix_xs_ros_control/local_setup.zsh
[9.092s] -- Installing: /home/ddq2/interbotix_ws/install/interbotix_xs_ros_control/share/interbotix_xs_ros_control/local_setup.dsv
[9.092s] -- Installing: /home/ddq2/interbotix_ws/install/interbotix_xs_ros_control/share/interbotix_xs_ros_control/package.dsv
[9.092s] -- Installing: /home/ddq2/interbotix_ws/install/interbotix_xs_ros_control/share/ament_index/resource_index/packages/interbotix_xs_ros_control
[9.092s] -- Installing: /home/ddq2/interbotix_ws/install/interbotix_xs_ros_control/share/ament_index/resource_index/hardware_interface__pluginlib__plugin/interbotix_xs_ros_control
[9.092s] -- Installing: /home/ddq2/interbotix_ws/install/interbotix_xs_ros_control/share/interbotix_xs_ros_control/cmake/export_interbotix_xs_ros_controlExport.cmake
[9.093s] -- Installing: /home/ddq2/interbotix_ws/install/interbotix_xs_ros_control/share/interbotix_xs_ros_control/cmake/export_interbotix_xs_ros_controlExport-noconfig.cmake
[9.093s] -- Installing: /home/ddq2/interbotix_ws/install/interbotix_xs_ros_control/share/interbotix_xs_ros_control/cmake/ament_cmake_export_include_directories-extras.cmake
[9.093s] -- Installing: /home/ddq2/interbotix_ws/install/interbotix_xs_ros_control/share/interbotix_xs_ros_control/cmake/ament_cmake_export_libraries-extras.cmake
[9.093s] -- Installing: /home/ddq2/interbotix_ws/install/interbotix_xs_ros_control/share/interbotix_xs_ros_control/cmake/ament_cmake_export_targets-extras.cmake
[9.093s] -- Installing: /home/ddq2/interbotix_ws/install/interbotix_xs_ros_control/share/interbotix_xs_ros_control/cmake/ament_cmake_export_dependencies-extras.cmake
[9.093s] -- Installing: /home/ddq2/interbotix_ws/install/interbotix_xs_ros_control/share/interbotix_xs_ros_control/cmake/interbotix_xs_ros_controlConfig.cmake
[9.093s] -- Installing: /home/ddq2/interbotix_ws/install/interbotix_xs_ros_control/share/interbotix_xs_ros_control/cmake/interbotix_xs_ros_controlConfig-version.cmake
[9.093s] -- Installing: /home/ddq2/interbotix_ws/install/interbotix_xs_ros_control/share/interbotix_xs_ros_control/package.xml
[9.104s] Invoked command in '/home/ddq2/interbotix_ws/build/interbotix_xs_ros_control' returned '0': AMENT_PREFIX_PATH=/home/ddq2/interbotix_ws/install/interbotix_xs_msgs:${AMENT_PREFIX_PATH} CMAKE_PREFIX_PATH=/home/ddq2/interbotix_ws/install/interbotix_xs_msgs:/home/ddq2/apriltag_ws/install/apriltag_ros:/opt/ros/humble LD_LIBRARY_PATH=/home/ddq2/interbotix_ws/install/interbotix_xs_msgs/lib:/home/ddq2/apriltag_ws/install/apriltag_ros/lib:/usr/local/cuda-12.4/lib64:/usr/local/cuda-12.4/lib64:/opt/ros/humble/opt/rviz_ogre_vendor/lib:/opt/ros/humble/lib/x86_64-linux-gnu:/opt/ros/humble/lib:/usr/lib/x86_64-linux-gnu/gazebo-11/plugins:/usr/lib/x86_64-linux-gnu/gazebo-11/plugins:/usr/lib/x86_64-linux-gnu/gazebo-11/plugins PYTHONPATH=/home/ddq2/interbotix_ws/install/interbotix_xs_msgs/local/lib/python3.10/dist-packages:${PYTHONPATH} _=/usr/bin/env /home/ddq2/.local/bin/cmake --install /home/ddq2/interbotix_ws/build/interbotix_xs_ros_control
