running egg_info
creating ../../build/py_movearm/py_movearm.egg-info
writing ../../build/py_movearm/py_movearm.egg-info/PKG-INFO
writing dependency_links to ../../build/py_movearm/py_movearm.egg-info/dependency_links.txt
writing requirements to ../../build/py_movearm/py_movearm.egg-info/requires.txt
writing top-level names to ../../build/py_movearm/py_movearm.egg-info/top_level.txt
writing manifest file '../../build/py_movearm/py_movearm.egg-info/SOURCES.txt'
reading manifest file '../../build/py_movearm/py_movearm.egg-info/SOURCES.txt'
writing manifest file '../../build/py_movearm/py_movearm.egg-info/SOURCES.txt'
running build
running build_py
creating /home/ddq2/interbotix_ws/build/py_movearm/build
creating /home/ddq2/interbotix_ws/build/py_movearm/build/lib
creating /home/ddq2/interbotix_ws/build/py_movearm/build/lib/py_movearm
copying py_movearm/__init__.py -> /home/ddq2/interbotix_ws/build/py_movearm/build/lib/py_movearm
copying py_movearm/move_arm.py -> /home/ddq2/interbotix_ws/build/py_movearm/build/lib/py_movearm
running install
running install_lib
creating /home/ddq2/interbotix_ws/install/py_movearm/lib/python3.10/site-packages/py_movearm
copying /home/ddq2/interbotix_ws/build/py_movearm/build/lib/py_movearm/__init__.py -> /home/ddq2/interbotix_ws/install/py_movearm/lib/python3.10/site-packages/py_movearm
copying /home/ddq2/interbotix_ws/build/py_movearm/build/lib/py_movearm/move_arm.py -> /home/ddq2/interbotix_ws/install/py_movearm/lib/python3.10/site-packages/py_movearm
byte-compiling /home/ddq2/interbotix_ws/install/py_movearm/lib/python3.10/site-packages/py_movearm/__init__.py to __init__.cpython-310.pyc
byte-compiling /home/ddq2/interbotix_ws/install/py_movearm/lib/python3.10/site-packages/py_movearm/move_arm.py to move_arm.cpython-310.pyc
running install_data
creating /home/ddq2/interbotix_ws/install/py_movearm/share/ament_index
creating /home/ddq2/interbotix_ws/install/py_movearm/share/ament_index/resource_index
creating /home/ddq2/interbotix_ws/install/py_movearm/share/ament_index/resource_index/packages
copying resource/py_movearm -> /home/ddq2/interbotix_ws/install/py_movearm/share/ament_index/resource_index/packages
copying package.xml -> /home/ddq2/interbotix_ws/install/py_movearm/share/py_movearm
running install_egg_info
Copying ../../build/py_movearm/py_movearm.egg-info to /home/ddq2/interbotix_ws/install/py_movearm/lib/python3.10/site-packages/py_movearm-0.0.0-py3.10.egg-info
running install_scripts
writing list of installed files to '/home/ddq2/interbotix_ws/build/py_movearm/install.log'
