[0.397s] Invoking command in '/home/ddq2/interbotix_ws/build/robopoint_interfaces': CMAKE_PREFIX_PATH=${CMAKE_PREFIX_PATH}:/home/ddq2/interbotix_ws/install/image_projector:/home/ddq2/interbotix_ws/install/interbotix_xs_modules:/home/ddq2/interbotix_ws/install/interbotix_xs_sdk:/home/ddq2/interbotix_ws/install/interbotix_perception_modules:/home/ddq2/interbotix_ws/install/interbotix_perception_pipelines:/home/ddq2/interbotix_ws/install/interbotix_common_modules:/home/ddq2/realsense_ws/install/detection_visualizer:/home/ddq2/realsense_ws/install/distance_calculation:/opt/ros/humble _=/usr/bin/env /home/ddq2/.local/bin/cmake --build /home/ddq2/interbotix_ws/build/robopoint_interfaces -- -j16 -l16
[0.637s] [  2%] Built target robopoint_interfaces__cpp
[0.660s] [  2%] Built target ament_cmake_python_copy_robopoint_interfaces
[0.665s] [ 12%] Built target robopoint_interfaces__rosidl_generator_c
[0.682s] [ 23%] Built target robopoint_interfaces__rosidl_typesupport_fastrtps_cpp
[0.697s] [ 34%] Built target robopoint_interfaces__rosidl_typesupport_cpp
[0.697s] [ 44%] Built target robopoint_interfaces__rosidl_typesupport_introspection_cpp
[0.728s] [ 55%] Built target robopoint_interfaces__rosidl_typesupport_introspection_c
[0.733s] [ 65%] Built target robopoint_interfaces__rosidl_typesupport_c
[0.736s] [ 76%] Built target robopoint_interfaces__rosidl_typesupport_fastrtps_c
[0.781s] [ 76%] Built target robopoint_interfaces
[0.816s] [ 78%] Built target robopoint_interfaces__py
[0.872s] [ 87%] Built target robopoint_interfaces__rosidl_generator_py
[0.924s] [ 91%] Built target robopoint_interfaces__rosidl_typesupport_fastrtps_c__pyext
[0.931s] [ 95%] Built target robopoint_interfaces__rosidl_typesupport_introspection_c__pyext
[0.933s] [100%] Built target robopoint_interfaces__rosidl_typesupport_c__pyext
[1.742s] running egg_info
[1.777s] writing robopoint_interfaces.egg-info/PKG-INFO
[1.778s] writing dependency_links to robopoint_interfaces.egg-info/dependency_links.txt
[1.778s] writing top-level names to robopoint_interfaces.egg-info/top_level.txt
[1.875s] reading manifest file 'robopoint_interfaces.egg-info/SOURCES.txt'
[1.876s] writing manifest file 'robopoint_interfaces.egg-info/SOURCES.txt'
[1.913s] [100%] Built target ament_cmake_python_build_robopoint_interfaces_egg
[1.980s] Invoked command in '/home/ddq2/interbotix_ws/build/robopoint_interfaces' returned '0': CMAKE_PREFIX_PATH=${CMAKE_PREFIX_PATH}:/home/ddq2/interbotix_ws/install/image_projector:/home/ddq2/interbotix_ws/install/interbotix_xs_modules:/home/ddq2/interbotix_ws/install/interbotix_xs_sdk:/home/ddq2/interbotix_ws/install/interbotix_perception_modules:/home/ddq2/interbotix_ws/install/interbotix_perception_pipelines:/home/ddq2/interbotix_ws/install/interbotix_common_modules:/home/ddq2/realsense_ws/install/detection_visualizer:/home/ddq2/realsense_ws/install/distance_calculation:/opt/ros/humble _=/usr/bin/env /home/ddq2/.local/bin/cmake --build /home/ddq2/interbotix_ws/build/robopoint_interfaces -- -j16 -l16
[1.981s] Invoking command in '/home/ddq2/interbotix_ws/build/robopoint_interfaces': CMAKE_PREFIX_PATH=${CMAKE_PREFIX_PATH}:/home/ddq2/interbotix_ws/install/image_projector:/home/ddq2/interbotix_ws/install/interbotix_xs_modules:/home/ddq2/interbotix_ws/install/interbotix_xs_sdk:/home/ddq2/interbotix_ws/install/interbotix_perception_modules:/home/ddq2/interbotix_ws/install/interbotix_perception_pipelines:/home/ddq2/interbotix_ws/install/interbotix_common_modules:/home/ddq2/realsense_ws/install/detection_visualizer:/home/ddq2/realsense_ws/install/distance_calculation:/opt/ros/humble _=/usr/bin/env /home/ddq2/.local/bin/cmake --install /home/ddq2/interbotix_ws/build/robopoint_interfaces
[2.156s] -- Install configuration: ""
[2.156s] -- Up-to-date: /home/ddq2/interbotix_ws/install/robopoint_interfaces/share/ament_index/resource_index/rosidl_interfaces/robopoint_interfaces
[2.156s] -- Up-to-date: /home/ddq2/interbotix_ws/install/robopoint_interfaces/include/robopoint_interfaces/robopoint_interfaces
[2.156s] -- Up-to-date: /home/ddq2/interbotix_ws/install/robopoint_interfaces/include/robopoint_interfaces/robopoint_interfaces/msg
[2.156s] -- Up-to-date: /home/ddq2/interbotix_ws/install/robopoint_interfaces/include/robopoint_interfaces/robopoint_interfaces/msg/rosidl_generator_c__visibility_control.h
[2.156s] -- Up-to-date: /home/ddq2/interbotix_ws/install/robopoint_interfaces/include/robopoint_interfaces/robopoint_interfaces/srv
[2.156s] -- Up-to-date: /home/ddq2/interbotix_ws/install/robopoint_interfaces/include/robopoint_interfaces/robopoint_interfaces/srv/query.h
[2.156s] -- Up-to-date: /home/ddq2/interbotix_ws/install/robopoint_interfaces/include/robopoint_interfaces/robopoint_interfaces/srv/get3_d_coordinates.h
[2.156s] -- Up-to-date: /home/ddq2/interbotix_ws/install/robopoint_interfaces/include/robopoint_interfaces/robopoint_interfaces/srv/move_to_point.h
[2.157s] -- Up-to-date: /home/ddq2/interbotix_ws/install/robopoint_interfaces/include/robopoint_interfaces/robopoint_interfaces/srv/detail
[2.157s] -- Up-to-date: /home/ddq2/interbotix_ws/install/robopoint_interfaces/include/robopoint_interfaces/robopoint_interfaces/srv/detail/get3_d_coordinates__struct.h
[2.157s] -- Up-to-date: /home/ddq2/interbotix_ws/install/robopoint_interfaces/include/robopoint_interfaces/robopoint_interfaces/srv/detail/get3_d_coordinates__type_support.h
[2.157s] -- Up-to-date: /home/ddq2/interbotix_ws/install/robopoint_interfaces/include/robopoint_interfaces/robopoint_interfaces/srv/detail/move_to_point__functions.c
[2.157s] -- Up-to-date: /home/ddq2/interbotix_ws/install/robopoint_interfaces/include/robopoint_interfaces/robopoint_interfaces/srv/detail/query__type_support.h
[2.157s] -- Up-to-date: /home/ddq2/interbotix_ws/install/robopoint_interfaces/include/robopoint_interfaces/robopoint_interfaces/srv/detail/move_to_point__struct.h
[2.157s] -- Up-to-date: /home/ddq2/interbotix_ws/install/robopoint_interfaces/include/robopoint_interfaces/robopoint_interfaces/srv/detail/query__functions.h
[2.157s] -- Up-to-date: /home/ddq2/interbotix_ws/install/robopoint_interfaces/include/robopoint_interfaces/robopoint_interfaces/srv/detail/move_to_point__functions.h
[2.157s] -- Up-to-date: /home/ddq2/interbotix_ws/install/robopoint_interfaces/include/robopoint_interfaces/robopoint_interfaces/srv/detail/query__struct.h
[2.157s] -- Up-to-date: /home/ddq2/interbotix_ws/install/robopoint_interfaces/include/robopoint_interfaces/robopoint_interfaces/srv/detail/move_to_point__type_support.h
[2.157s] -- Up-to-date: /home/ddq2/interbotix_ws/install/robopoint_interfaces/include/robopoint_interfaces/robopoint_interfaces/srv/detail/get3_d_coordinates__functions.c
[2.157s] -- Up-to-date: /home/ddq2/interbotix_ws/install/robopoint_interfaces/include/robopoint_interfaces/robopoint_interfaces/srv/detail/query__functions.c
[2.157s] -- Up-to-date: /home/ddq2/interbotix_ws/install/robopoint_interfaces/include/robopoint_interfaces/robopoint_interfaces/srv/detail/get3_d_coordinates__functions.h
[2.157s] -- Up-to-date: /home/ddq2/interbotix_ws/install/robopoint_interfaces/share/robopoint_interfaces/environment/library_path.sh
[2.157s] -- Up-to-date: /home/ddq2/interbotix_ws/install/robopoint_interfaces/share/robopoint_interfaces/environment/library_path.dsv
[2.158s] -- Up-to-date: /home/ddq2/interbotix_ws/install/robopoint_interfaces/lib/librobopoint_interfaces__rosidl_generator_c.so
[2.158s] -- Up-to-date: /home/ddq2/interbotix_ws/install/robopoint_interfaces/include/robopoint_interfaces/robopoint_interfaces
[2.158s] -- Up-to-date: /home/ddq2/interbotix_ws/install/robopoint_interfaces/include/robopoint_interfaces/robopoint_interfaces/msg
[2.158s] -- Up-to-date: /home/ddq2/interbotix_ws/install/robopoint_interfaces/include/robopoint_interfaces/robopoint_interfaces/msg/rosidl_typesupport_fastrtps_c__visibility_control.h
[2.158s] -- Up-to-date: /home/ddq2/interbotix_ws/install/robopoint_interfaces/include/robopoint_interfaces/robopoint_interfaces/srv
[2.158s] -- Up-to-date: /home/ddq2/interbotix_ws/install/robopoint_interfaces/include/robopoint_interfaces/robopoint_interfaces/srv/detail
[2.158s] -- Up-to-date: /home/ddq2/interbotix_ws/install/robopoint_interfaces/include/robopoint_interfaces/robopoint_interfaces/srv/detail/get3_d_coordinates__rosidl_typesupport_fastrtps_c.h
[2.158s] -- Up-to-date: /home/ddq2/interbotix_ws/install/robopoint_interfaces/include/robopoint_interfaces/robopoint_interfaces/srv/detail/move_to_point__rosidl_typesupport_fastrtps_c.h
[2.158s] -- Up-to-date: /home/ddq2/interbotix_ws/install/robopoint_interfaces/include/robopoint_interfaces/robopoint_interfaces/srv/detail/query__rosidl_typesupport_fastrtps_c.h
[2.158s] -- Up-to-date: /home/ddq2/interbotix_ws/install/robopoint_interfaces/lib/librobopoint_interfaces__rosidl_typesupport_fastrtps_c.so
[2.159s] -- Up-to-date: /home/ddq2/interbotix_ws/install/robopoint_interfaces/include/robopoint_interfaces/robopoint_interfaces
[2.159s] -- Up-to-date: /home/ddq2/interbotix_ws/install/robopoint_interfaces/include/robopoint_interfaces/robopoint_interfaces/msg
[2.159s] -- Up-to-date: /home/ddq2/interbotix_ws/install/robopoint_interfaces/include/robopoint_interfaces/robopoint_interfaces/msg/rosidl_typesupport_introspection_c__visibility_control.h
[2.159s] -- Up-to-date: /home/ddq2/interbotix_ws/install/robopoint_interfaces/include/robopoint_interfaces/robopoint_interfaces/srv
[2.159s] -- Up-to-date: /home/ddq2/interbotix_ws/install/robopoint_interfaces/include/robopoint_interfaces/robopoint_interfaces/srv/detail
[2.159s] -- Up-to-date: /home/ddq2/interbotix_ws/install/robopoint_interfaces/include/robopoint_interfaces/robopoint_interfaces/srv/detail/move_to_point__type_support.c
[2.161s] -- Up-to-date: /home/ddq2/interbotix_ws/install/robopoint_interfaces/include/robopoint_interfaces/robopoint_interfaces/srv/detail/query__rosidl_typesupport_introspection_c.h
[2.161s] -- Up-to-date: /home/ddq2/interbotix_ws/install/robopoint_interfaces/include/robopoint_interfaces/robopoint_interfaces/srv/detail/move_to_point__rosidl_typesupport_introspection_c.h
[2.161s] -- Up-to-date: /home/ddq2/interbotix_ws/install/robopoint_interfaces/include/robopoint_interfaces/robopoint_interfaces/srv/detail/get3_d_coordinates__type_support.c
[2.162s] -- Up-to-date: /home/ddq2/interbotix_ws/install/robopoint_interfaces/include/robopoint_interfaces/robopoint_interfaces/srv/detail/get3_d_coordinates__rosidl_typesupport_introspection_c.h
[2.162s] -- Up-to-date: /home/ddq2/interbotix_ws/install/robopoint_interfaces/include/robopoint_interfaces/robopoint_interfaces/srv/detail/query__type_support.c
[2.162s] -- Up-to-date: /home/ddq2/interbotix_ws/install/robopoint_interfaces/lib/librobopoint_interfaces__rosidl_typesupport_introspection_c.so
[2.162s] -- Up-to-date: /home/ddq2/interbotix_ws/install/robopoint_interfaces/lib/librobopoint_interfaces__rosidl_typesupport_c.so
[2.162s] -- Up-to-date: /home/ddq2/interbotix_ws/install/robopoint_interfaces/include/robopoint_interfaces/robopoint_interfaces
[2.162s] -- Up-to-date: /home/ddq2/interbotix_ws/install/robopoint_interfaces/include/robopoint_interfaces/robopoint_interfaces/msg
[2.166s] -- Up-to-date: /home/ddq2/interbotix_ws/install/robopoint_interfaces/include/robopoint_interfaces/robopoint_interfaces/msg/rosidl_generator_cpp__visibility_control.hpp
[2.167s] -- Up-to-date: /home/ddq2/interbotix_ws/install/robopoint_interfaces/include/robopoint_interfaces/robopoint_interfaces/srv
[2.167s] -- Up-to-date: /home/ddq2/interbotix_ws/install/robopoint_interfaces/include/robopoint_interfaces/robopoint_interfaces/srv/query.hpp
[2.167s] -- Up-to-date: /home/ddq2/interbotix_ws/install/robopoint_interfaces/include/robopoint_interfaces/robopoint_interfaces/srv/get3_d_coordinates.hpp
[2.167s] -- Up-to-date: /home/ddq2/interbotix_ws/install/robopoint_interfaces/include/robopoint_interfaces/robopoint_interfaces/srv/move_to_point.hpp
[2.167s] -- Up-to-date: /home/ddq2/interbotix_ws/install/robopoint_interfaces/include/robopoint_interfaces/robopoint_interfaces/srv/detail
[2.167s] -- Up-to-date: /home/ddq2/interbotix_ws/install/robopoint_interfaces/include/robopoint_interfaces/robopoint_interfaces/srv/detail/get3_d_coordinates__builder.hpp
[2.167s] -- Up-to-date: /home/ddq2/interbotix_ws/install/robopoint_interfaces/include/robopoint_interfaces/robopoint_interfaces/srv/detail/move_to_point__type_support.hpp
[2.167s] -- Up-to-date: /home/ddq2/interbotix_ws/install/robopoint_interfaces/include/robopoint_interfaces/robopoint_interfaces/srv/detail/move_to_point__builder.hpp
[2.167s] -- Up-to-date: /home/ddq2/interbotix_ws/install/robopoint_interfaces/include/robopoint_interfaces/robopoint_interfaces/srv/detail/query__traits.hpp
[2.167s] -- Up-to-date: /home/ddq2/interbotix_ws/install/robopoint_interfaces/include/robopoint_interfaces/robopoint_interfaces/srv/detail/get3_d_coordinates__struct.hpp
[2.168s] -- Up-to-date: /home/ddq2/interbotix_ws/install/robopoint_interfaces/include/robopoint_interfaces/robopoint_interfaces/srv/detail/move_to_point__traits.hpp
[2.168s] -- Up-to-date: /home/ddq2/interbotix_ws/install/robopoint_interfaces/include/robopoint_interfaces/robopoint_interfaces/srv/detail/query__builder.hpp
[2.168s] -- Up-to-date: /home/ddq2/interbotix_ws/install/robopoint_interfaces/include/robopoint_interfaces/robopoint_interfaces/srv/detail/get3_d_coordinates__type_support.hpp
[2.168s] -- Up-to-date: /home/ddq2/interbotix_ws/install/robopoint_interfaces/include/robopoint_interfaces/robopoint_interfaces/srv/detail/query__struct.hpp
[2.168s] -- Up-to-date: /home/ddq2/interbotix_ws/install/robopoint_interfaces/include/robopoint_interfaces/robopoint_interfaces/srv/detail/move_to_point__struct.hpp
[2.168s] -- Up-to-date: /home/ddq2/interbotix_ws/install/robopoint_interfaces/include/robopoint_interfaces/robopoint_interfaces/srv/detail/query__type_support.hpp
[2.169s] -- Up-to-date: /home/ddq2/interbotix_ws/install/robopoint_interfaces/include/robopoint_interfaces/robopoint_interfaces/srv/detail/get3_d_coordinates__traits.hpp
[2.169s] -- Up-to-date: /home/ddq2/interbotix_ws/install/robopoint_interfaces/include/robopoint_interfaces/robopoint_interfaces
[2.169s] -- Up-to-date: /home/ddq2/interbotix_ws/install/robopoint_interfaces/include/robopoint_interfaces/robopoint_interfaces/msg
[2.169s] -- Up-to-date: /home/ddq2/interbotix_ws/install/robopoint_interfaces/include/robopoint_interfaces/robopoint_interfaces/msg/rosidl_typesupport_fastrtps_cpp__visibility_control.h
[2.169s] -- Up-to-date: /home/ddq2/interbotix_ws/install/robopoint_interfaces/include/robopoint_interfaces/robopoint_interfaces/srv
[2.169s] -- Up-to-date: /home/ddq2/interbotix_ws/install/robopoint_interfaces/include/robopoint_interfaces/robopoint_interfaces/srv/detail
[2.169s] -- Up-to-date: /home/ddq2/interbotix_ws/install/robopoint_interfaces/include/robopoint_interfaces/robopoint_interfaces/srv/detail/move_to_point__rosidl_typesupport_fastrtps_cpp.hpp
[2.169s] -- Up-to-date: /home/ddq2/interbotix_ws/install/robopoint_interfaces/include/robopoint_interfaces/robopoint_interfaces/srv/detail/get3_d_coordinates__rosidl_typesupport_fastrtps_cpp.hpp
[2.169s] -- Up-to-date: /home/ddq2/interbotix_ws/install/robopoint_interfaces/include/robopoint_interfaces/robopoint_interfaces/srv/detail/dds_fastrtps
[2.169s] -- Up-to-date: /home/ddq2/interbotix_ws/install/robopoint_interfaces/include/robopoint_interfaces/robopoint_interfaces/srv/detail/query__rosidl_typesupport_fastrtps_cpp.hpp
[2.169s] -- Up-to-date: /home/ddq2/interbotix_ws/install/robopoint_interfaces/lib/librobopoint_interfaces__rosidl_typesupport_fastrtps_cpp.so
[2.169s] -- Up-to-date: /home/ddq2/interbotix_ws/install/robopoint_interfaces/include/robopoint_interfaces/robopoint_interfaces
[2.169s] -- Up-to-date: /home/ddq2/interbotix_ws/install/robopoint_interfaces/include/robopoint_interfaces/robopoint_interfaces/srv
[2.169s] -- Up-to-date: /home/ddq2/interbotix_ws/install/robopoint_interfaces/include/robopoint_interfaces/robopoint_interfaces/srv/detail
[2.169s] -- Up-to-date: /home/ddq2/interbotix_ws/install/robopoint_interfaces/include/robopoint_interfaces/robopoint_interfaces/srv/detail/query__rosidl_typesupport_introspection_cpp.hpp
[2.170s] -- Up-to-date: /home/ddq2/interbotix_ws/install/robopoint_interfaces/include/robopoint_interfaces/robopoint_interfaces/srv/detail/query__type_support.cpp
[2.170s] -- Up-to-date: /home/ddq2/interbotix_ws/install/robopoint_interfaces/include/robopoint_interfaces/robopoint_interfaces/srv/detail/get3_d_coordinates__type_support.cpp
[2.170s] -- Up-to-date: /home/ddq2/interbotix_ws/install/robopoint_interfaces/include/robopoint_interfaces/robopoint_interfaces/srv/detail/move_to_point__rosidl_typesupport_introspection_cpp.hpp
[2.170s] -- Up-to-date: /home/ddq2/interbotix_ws/install/robopoint_interfaces/include/robopoint_interfaces/robopoint_interfaces/srv/detail/move_to_point__type_support.cpp
[2.170s] -- Up-to-date: /home/ddq2/interbotix_ws/install/robopoint_interfaces/include/robopoint_interfaces/robopoint_interfaces/srv/detail/get3_d_coordinates__rosidl_typesupport_introspection_cpp.hpp
[2.170s] -- Up-to-date: /home/ddq2/interbotix_ws/install/robopoint_interfaces/lib/librobopoint_interfaces__rosidl_typesupport_introspection_cpp.so
[2.170s] -- Up-to-date: /home/ddq2/interbotix_ws/install/robopoint_interfaces/lib/librobopoint_interfaces__rosidl_typesupport_cpp.so
[2.170s] -- Up-to-date: /home/ddq2/interbotix_ws/install/robopoint_interfaces/share/robopoint_interfaces/environment/pythonpath.sh
[2.170s] -- Up-to-date: /home/ddq2/interbotix_ws/install/robopoint_interfaces/share/robopoint_interfaces/environment/pythonpath.dsv
[2.170s] -- Up-to-date: /home/ddq2/interbotix_ws/install/robopoint_interfaces/local/lib/python3.10/dist-packages/robopoint_interfaces-0.0.0-py3.10.egg-info
[2.170s] -- Installing: /home/ddq2/interbotix_ws/install/robopoint_interfaces/local/lib/python3.10/dist-packages/robopoint_interfaces-0.0.0-py3.10.egg-info/PKG-INFO
[2.170s] -- Installing: /home/ddq2/interbotix_ws/install/robopoint_interfaces/local/lib/python3.10/dist-packages/robopoint_interfaces-0.0.0-py3.10.egg-info/top_level.txt
[2.170s] -- Installing: /home/ddq2/interbotix_ws/install/robopoint_interfaces/local/lib/python3.10/dist-packages/robopoint_interfaces-0.0.0-py3.10.egg-info/SOURCES.txt
[2.170s] -- Installing: /home/ddq2/interbotix_ws/install/robopoint_interfaces/local/lib/python3.10/dist-packages/robopoint_interfaces-0.0.0-py3.10.egg-info/dependency_links.txt
[2.171s] -- Up-to-date: /home/ddq2/interbotix_ws/install/robopoint_interfaces/local/lib/python3.10/dist-packages/robopoint_interfaces
[2.171s] -- Up-to-date: /home/ddq2/interbotix_ws/install/robopoint_interfaces/local/lib/python3.10/dist-packages/robopoint_interfaces/__init__.py
[2.171s] -- Up-to-date: /home/ddq2/interbotix_ws/install/robopoint_interfaces/local/lib/python3.10/dist-packages/robopoint_interfaces/robopoint_interfaces_s__rosidl_typesupport_fastrtps_c.cpython-310-x86_64-linux-gnu.so
[2.171s] -- Up-to-date: /home/ddq2/interbotix_ws/install/robopoint_interfaces/local/lib/python3.10/dist-packages/robopoint_interfaces/_robopoint_interfaces_s.ep.rosidl_typesupport_fastrtps_c.c
[2.171s] -- Up-to-date: /home/ddq2/interbotix_ws/install/robopoint_interfaces/local/lib/python3.10/dist-packages/robopoint_interfaces/robopoint_interfaces_s__rosidl_typesupport_introspection_c.cpython-310-x86_64-linux-gnu.so
[2.171s] -- Up-to-date: /home/ddq2/interbotix_ws/install/robopoint_interfaces/local/lib/python3.10/dist-packages/robopoint_interfaces/robopoint_interfaces_s__rosidl_typesupport_c.cpython-310-x86_64-linux-gnu.so
[2.171s] -- Up-to-date: /home/ddq2/interbotix_ws/install/robopoint_interfaces/local/lib/python3.10/dist-packages/robopoint_interfaces/_robopoint_interfaces_s.ep.rosidl_typesupport_c.c
[2.171s] -- Up-to-date: /home/ddq2/interbotix_ws/install/robopoint_interfaces/local/lib/python3.10/dist-packages/robopoint_interfaces/srv
[2.171s] -- Up-to-date: /home/ddq2/interbotix_ws/install/robopoint_interfaces/local/lib/python3.10/dist-packages/robopoint_interfaces/srv/_get3_d_coordinates_s.c
[2.171s] -- Up-to-date: /home/ddq2/interbotix_ws/install/robopoint_interfaces/local/lib/python3.10/dist-packages/robopoint_interfaces/srv/_move_to_point.py
[2.171s] -- Up-to-date: /home/ddq2/interbotix_ws/install/robopoint_interfaces/local/lib/python3.10/dist-packages/robopoint_interfaces/srv/__init__.py
[2.171s] -- Up-to-date: /home/ddq2/interbotix_ws/install/robopoint_interfaces/local/lib/python3.10/dist-packages/robopoint_interfaces/srv/_get3_d_coordinates.py
[2.171s] -- Up-to-date: /home/ddq2/interbotix_ws/install/robopoint_interfaces/local/lib/python3.10/dist-packages/robopoint_interfaces/srv/_query_s.c
[2.171s] -- Up-to-date: /home/ddq2/interbotix_ws/install/robopoint_interfaces/local/lib/python3.10/dist-packages/robopoint_interfaces/srv/_query.py
[2.172s] -- Up-to-date: /home/ddq2/interbotix_ws/install/robopoint_interfaces/local/lib/python3.10/dist-packages/robopoint_interfaces/srv/_move_to_point_s.c
[2.172s] -- Up-to-date: /home/ddq2/interbotix_ws/install/robopoint_interfaces/local/lib/python3.10/dist-packages/robopoint_interfaces/_robopoint_interfaces_s.ep.rosidl_typesupport_introspection_c.c
[2.172s] -- Up-to-date: /home/ddq2/interbotix_ws/install/robopoint_interfaces/local/lib/python3.10/dist-packages/robopoint_interfaces/librobopoint_interfaces__rosidl_generator_py.so
[2.264s] Listing '/home/ddq2/interbotix_ws/install/robopoint_interfaces/local/lib/python3.10/dist-packages/robopoint_interfaces'...
[2.264s] Listing '/home/ddq2/interbotix_ws/install/robopoint_interfaces/local/lib/python3.10/dist-packages/robopoint_interfaces/srv'...
[2.279s] -- Up-to-date: /home/ddq2/interbotix_ws/install/robopoint_interfaces/local/lib/python3.10/dist-packages/robopoint_interfaces/robopoint_interfaces_s__rosidl_typesupport_fastrtps_c.cpython-310-x86_64-linux-gnu.so
[2.279s] -- Up-to-date: /home/ddq2/interbotix_ws/install/robopoint_interfaces/local/lib/python3.10/dist-packages/robopoint_interfaces/robopoint_interfaces_s__rosidl_typesupport_introspection_c.cpython-310-x86_64-linux-gnu.so
[2.279s] -- Up-to-date: /home/ddq2/interbotix_ws/install/robopoint_interfaces/local/lib/python3.10/dist-packages/robopoint_interfaces/robopoint_interfaces_s__rosidl_typesupport_c.cpython-310-x86_64-linux-gnu.so
[2.279s] -- Up-to-date: /home/ddq2/interbotix_ws/install/robopoint_interfaces/lib/librobopoint_interfaces__rosidl_generator_py.so
[2.279s] -- Up-to-date: /home/ddq2/interbotix_ws/install/robopoint_interfaces/share/robopoint_interfaces/srv/Get3DCoordinates.idl
[2.279s] -- Up-to-date: /home/ddq2/interbotix_ws/install/robopoint_interfaces/share/robopoint_interfaces/srv/MoveToPoint.idl
[2.279s] -- Up-to-date: /home/ddq2/interbotix_ws/install/robopoint_interfaces/share/robopoint_interfaces/srv/Query.idl
[2.280s] -- Up-to-date: /home/ddq2/interbotix_ws/install/robopoint_interfaces/share/robopoint_interfaces/srv/Get3DCoordinates.srv
[2.280s] -- Up-to-date: /home/ddq2/interbotix_ws/install/robopoint_interfaces/share/robopoint_interfaces/srv/Get3DCoordinates_Request.msg
[2.280s] -- Up-to-date: /home/ddq2/interbotix_ws/install/robopoint_interfaces/share/robopoint_interfaces/srv/Get3DCoordinates_Response.msg
[2.280s] -- Up-to-date: /home/ddq2/interbotix_ws/install/robopoint_interfaces/share/robopoint_interfaces/srv/MoveToPoint.srv
[2.280s] -- Up-to-date: /home/ddq2/interbotix_ws/install/robopoint_interfaces/share/robopoint_interfaces/srv/MoveToPoint_Request.msg
[2.280s] -- Up-to-date: /home/ddq2/interbotix_ws/install/robopoint_interfaces/share/robopoint_interfaces/srv/MoveToPoint_Response.msg
[2.280s] -- Up-to-date: /home/ddq2/interbotix_ws/install/robopoint_interfaces/share/robopoint_interfaces/srv/Query.srv
[2.280s] -- Up-to-date: /home/ddq2/interbotix_ws/install/robopoint_interfaces/share/robopoint_interfaces/srv/Query_Request.msg
[2.280s] -- Up-to-date: /home/ddq2/interbotix_ws/install/robopoint_interfaces/share/robopoint_interfaces/srv/Query_Response.msg
[2.280s] -- Up-to-date: /home/ddq2/interbotix_ws/install/robopoint_interfaces/share/ament_index/resource_index/package_run_dependencies/robopoint_interfaces
[2.280s] -- Up-to-date: /home/ddq2/interbotix_ws/install/robopoint_interfaces/share/ament_index/resource_index/parent_prefix_path/robopoint_interfaces
[2.281s] -- Up-to-date: /home/ddq2/interbotix_ws/install/robopoint_interfaces/share/robopoint_interfaces/environment/ament_prefix_path.sh
[2.281s] -- Up-to-date: /home/ddq2/interbotix_ws/install/robopoint_interfaces/share/robopoint_interfaces/environment/ament_prefix_path.dsv
[2.281s] -- Up-to-date: /home/ddq2/interbotix_ws/install/robopoint_interfaces/share/robopoint_interfaces/environment/path.sh
[2.281s] -- Up-to-date: /home/ddq2/interbotix_ws/install/robopoint_interfaces/share/robopoint_interfaces/environment/path.dsv
[2.281s] -- Up-to-date: /home/ddq2/interbotix_ws/install/robopoint_interfaces/share/robopoint_interfaces/local_setup.bash
[2.281s] -- Up-to-date: /home/ddq2/interbotix_ws/install/robopoint_interfaces/share/robopoint_interfaces/local_setup.sh
[2.281s] -- Up-to-date: /home/ddq2/interbotix_ws/install/robopoint_interfaces/share/robopoint_interfaces/local_setup.zsh
[2.281s] -- Up-to-date: /home/ddq2/interbotix_ws/install/robopoint_interfaces/share/robopoint_interfaces/local_setup.dsv
[2.281s] -- Installing: /home/ddq2/interbotix_ws/install/robopoint_interfaces/share/robopoint_interfaces/package.dsv
[2.281s] -- Up-to-date: /home/ddq2/interbotix_ws/install/robopoint_interfaces/share/ament_index/resource_index/packages/robopoint_interfaces
[2.281s] -- Up-to-date: /home/ddq2/interbotix_ws/install/robopoint_interfaces/share/robopoint_interfaces/cmake/export_robopoint_interfaces__rosidl_generator_cExport.cmake
[2.281s] -- Up-to-date: /home/ddq2/interbotix_ws/install/robopoint_interfaces/share/robopoint_interfaces/cmake/export_robopoint_interfaces__rosidl_generator_cExport-noconfig.cmake
[2.281s] -- Up-to-date: /home/ddq2/interbotix_ws/install/robopoint_interfaces/share/robopoint_interfaces/cmake/export_robopoint_interfaces__rosidl_typesupport_fastrtps_cExport.cmake
[2.282s] -- Up-to-date: /home/ddq2/interbotix_ws/install/robopoint_interfaces/share/robopoint_interfaces/cmake/export_robopoint_interfaces__rosidl_typesupport_fastrtps_cExport-noconfig.cmake
[2.282s] -- Up-to-date: /home/ddq2/interbotix_ws/install/robopoint_interfaces/share/robopoint_interfaces/cmake/robopoint_interfaces__rosidl_typesupport_introspection_cExport.cmake
[2.282s] -- Up-to-date: /home/ddq2/interbotix_ws/install/robopoint_interfaces/share/robopoint_interfaces/cmake/robopoint_interfaces__rosidl_typesupport_introspection_cExport-noconfig.cmake
[2.282s] -- Up-to-date: /home/ddq2/interbotix_ws/install/robopoint_interfaces/share/robopoint_interfaces/cmake/robopoint_interfaces__rosidl_typesupport_cExport.cmake
[2.282s] -- Up-to-date: /home/ddq2/interbotix_ws/install/robopoint_interfaces/share/robopoint_interfaces/cmake/robopoint_interfaces__rosidl_typesupport_cExport-noconfig.cmake
[2.282s] -- Up-to-date: /home/ddq2/interbotix_ws/install/robopoint_interfaces/share/robopoint_interfaces/cmake/export_robopoint_interfaces__rosidl_generator_cppExport.cmake
[2.282s] -- Up-to-date: /home/ddq2/interbotix_ws/install/robopoint_interfaces/share/robopoint_interfaces/cmake/export_robopoint_interfaces__rosidl_typesupport_fastrtps_cppExport.cmake
[2.282s] -- Up-to-date: /home/ddq2/interbotix_ws/install/robopoint_interfaces/share/robopoint_interfaces/cmake/export_robopoint_interfaces__rosidl_typesupport_fastrtps_cppExport-noconfig.cmake
[2.282s] -- Up-to-date: /home/ddq2/interbotix_ws/install/robopoint_interfaces/share/robopoint_interfaces/cmake/robopoint_interfaces__rosidl_typesupport_introspection_cppExport.cmake
[2.282s] -- Up-to-date: /home/ddq2/interbotix_ws/install/robopoint_interfaces/share/robopoint_interfaces/cmake/robopoint_interfaces__rosidl_typesupport_introspection_cppExport-noconfig.cmake
[2.282s] -- Up-to-date: /home/ddq2/interbotix_ws/install/robopoint_interfaces/share/robopoint_interfaces/cmake/robopoint_interfaces__rosidl_typesupport_cppExport.cmake
[2.282s] -- Up-to-date: /home/ddq2/interbotix_ws/install/robopoint_interfaces/share/robopoint_interfaces/cmake/robopoint_interfaces__rosidl_typesupport_cppExport-noconfig.cmake
[2.283s] -- Up-to-date: /home/ddq2/interbotix_ws/install/robopoint_interfaces/share/robopoint_interfaces/cmake/export_robopoint_interfaces__rosidl_generator_pyExport.cmake
[2.284s] -- Up-to-date: /home/ddq2/interbotix_ws/install/robopoint_interfaces/share/robopoint_interfaces/cmake/export_robopoint_interfaces__rosidl_generator_pyExport-noconfig.cmake
[2.284s] -- Up-to-date: /home/ddq2/interbotix_ws/install/robopoint_interfaces/share/robopoint_interfaces/cmake/rosidl_cmake-extras.cmake
[2.284s] -- Up-to-date: /home/ddq2/interbotix_ws/install/robopoint_interfaces/share/robopoint_interfaces/cmake/ament_cmake_export_include_directories-extras.cmake
[2.285s] -- Up-to-date: /home/ddq2/interbotix_ws/install/robopoint_interfaces/share/robopoint_interfaces/cmake/ament_cmake_export_libraries-extras.cmake
[2.285s] -- Up-to-date: /home/ddq2/interbotix_ws/install/robopoint_interfaces/share/robopoint_interfaces/cmake/ament_cmake_export_targets-extras.cmake
[2.285s] -- Up-to-date: /home/ddq2/interbotix_ws/install/robopoint_interfaces/share/robopoint_interfaces/cmake/rosidl_cmake_export_typesupport_targets-extras.cmake
[2.286s] -- Up-to-date: /home/ddq2/interbotix_ws/install/robopoint_interfaces/share/robopoint_interfaces/cmake/ament_cmake_export_dependencies-extras.cmake
[2.286s] -- Up-to-date: /home/ddq2/interbotix_ws/install/robopoint_interfaces/share/robopoint_interfaces/cmake/rosidl_cmake_export_typesupport_libraries-extras.cmake
[2.286s] -- Up-to-date: /home/ddq2/interbotix_ws/install/robopoint_interfaces/share/robopoint_interfaces/cmake/robopoint_interfacesConfig.cmake
[2.286s] -- Up-to-date: /home/ddq2/interbotix_ws/install/robopoint_interfaces/share/robopoint_interfaces/cmake/robopoint_interfacesConfig-version.cmake
[2.286s] -- Up-to-date: /home/ddq2/interbotix_ws/install/robopoint_interfaces/share/robopoint_interfaces/package.xml
[2.328s] Invoked command in '/home/ddq2/interbotix_ws/build/robopoint_interfaces' returned '0': CMAKE_PREFIX_PATH=${CMAKE_PREFIX_PATH}:/home/ddq2/interbotix_ws/install/image_projector:/home/ddq2/interbotix_ws/install/interbotix_xs_modules:/home/ddq2/interbotix_ws/install/interbotix_xs_sdk:/home/ddq2/interbotix_ws/install/interbotix_perception_modules:/home/ddq2/interbotix_ws/install/interbotix_perception_pipelines:/home/ddq2/interbotix_ws/install/interbotix_common_modules:/home/ddq2/realsense_ws/install/detection_visualizer:/home/ddq2/realsense_ws/install/distance_calculation:/opt/ros/humble _=/usr/bin/env /home/ddq2/.local/bin/cmake --install /home/ddq2/interbotix_ws/build/robopoint_interfaces
