[0.653s] Invoking command in '/home/ddq2/interbotix_ws/src/interbotix_ros_toolboxes/interbotix_perception_toolbox/interbotix_perception_modules': AMENT_PREFIX_PATH=/home/ddq2/interbotix_ws/install/interbotix_perception_pipelines:/home/ddq2/interbotix_ws/install/interbotix_xs_msgs:/home/ddq2/interbotix_ws/install/interbotix_perception_msgs:/home/ddq2/interbotix_ws/install/interbotix_common_modules:${AMENT_PREFIX_PATH} CMAKE_PREFIX_PATH=/home/ddq2/interbotix_ws/install/interbotix_perception_pipelines:/home/ddq2/interbotix_ws/install/interbotix_xs_msgs:/home/ddq2/interbotix_ws/install/interbotix_perception_msgs:${CMAKE_PREFIX_PATH} LD_LIBRARY_PATH=/home/ddq2/interbotix_ws/install/interbotix_xs_msgs/lib:/home/ddq2/interbotix_ws/install/interbotix_perception_msgs/lib:/home/ddq2/apriltag_ws/install/apriltag_ros/lib:/usr/local/cuda-12.4/lib64:/usr/local/cuda-12.4/lib64:/opt/ros/humble/opt/rviz_ogre_vendor/lib:/opt/ros/humble/lib/x86_64-linux-gnu:/opt/ros/humble/lib:/usr/lib/x86_64-linux-gnu/gazebo-11/plugins:/usr/lib/x86_64-linux-gnu/gazebo-11/plugins:/usr/lib/x86_64-linux-gnu/gazebo-11/plugins PYTHONPATH=/home/ddq2/interbotix_ws/build/interbotix_perception_modules/prefix_override:/usr/lib/python3/dist-packages/colcon_core/task/python/colcon_distutils_commands:/home/ddq2/interbotix_ws/install/interbotix_perception_modules/lib/python3.10/site-packages:/home/ddq2/interbotix_ws/install/interbotix_xs_msgs/local/lib/python3.10/dist-packages:/home/ddq2/interbotix_ws/install/interbotix_perception_msgs/local/lib/python3.10/dist-packages:/home/ddq2/interbotix_ws/install/interbotix_common_modules/lib/python3.10/site-packages:${PYTHONPATH} _=/usr/bin/env /usr/bin/python3 -W ignore:setup.py install is deprecated -W ignore:easy_install command is deprecated setup.py egg_info --egg-base ../../../../build/interbotix_perception_modules build --build-base /home/ddq2/interbotix_ws/build/interbotix_perception_modules/build install --record /home/ddq2/interbotix_ws/build/interbotix_perception_modules/install.log --single-version-externally-managed install_data
[0.844s] running egg_info
[0.845s] creating ../../../../build/interbotix_perception_modules/interbotix_perception_modules.egg-info
[0.858s] writing ../../../../build/interbotix_perception_modules/interbotix_perception_modules.egg-info/PKG-INFO
[0.858s] writing dependency_links to ../../../../build/interbotix_perception_modules/interbotix_perception_modules.egg-info/dependency_links.txt
[0.858s] writing entry points to ../../../../build/interbotix_perception_modules/interbotix_perception_modules.egg-info/entry_points.txt
[0.858s] writing requirements to ../../../../build/interbotix_perception_modules/interbotix_perception_modules.egg-info/requires.txt
[0.858s] writing top-level names to ../../../../build/interbotix_perception_modules/interbotix_perception_modules.egg-info/top_level.txt
[0.858s] writing manifest file '../../../../build/interbotix_perception_modules/interbotix_perception_modules.egg-info/SOURCES.txt'
[0.885s] reading manifest file '../../../../build/interbotix_perception_modules/interbotix_perception_modules.egg-info/SOURCES.txt'
[0.886s] writing manifest file '../../../../build/interbotix_perception_modules/interbotix_perception_modules.egg-info/SOURCES.txt'
[0.886s] running build
[0.886s] running build_py
[0.886s] creating /home/ddq2/interbotix_ws/build/interbotix_perception_modules/build
[0.886s] creating /home/ddq2/interbotix_ws/build/interbotix_perception_modules/build/lib
[0.886s] creating /home/ddq2/interbotix_ws/build/interbotix_perception_modules/build/lib/interbotix_perception_modules
[0.886s] copying interbotix_perception_modules/pointcloud.py -> /home/ddq2/interbotix_ws/build/interbotix_perception_modules/build/lib/interbotix_perception_modules
[0.886s] copying interbotix_perception_modules/__init__.py -> /home/ddq2/interbotix_ws/build/interbotix_perception_modules/build/lib/interbotix_perception_modules
[0.887s] copying interbotix_perception_modules/pointcloud_tuner_gui.py -> /home/ddq2/interbotix_ws/build/interbotix_perception_modules/build/lib/interbotix_perception_modules
[0.887s] copying interbotix_perception_modules/apriltag.py -> /home/ddq2/interbotix_ws/build/interbotix_perception_modules/build/lib/interbotix_perception_modules
[0.887s] copying interbotix_perception_modules/armtag.py -> /home/ddq2/interbotix_ws/build/interbotix_perception_modules/build/lib/interbotix_perception_modules
[0.887s] copying interbotix_perception_modules/armtag_tuner_gui.py -> /home/ddq2/interbotix_ws/build/interbotix_perception_modules/build/lib/interbotix_perception_modules
[0.887s] copying interbotix_perception_modules/picture_snapper.py -> /home/ddq2/interbotix_ws/build/interbotix_perception_modules/build/lib/interbotix_perception_modules
[0.887s] running install
[0.891s] running install_lib
[0.904s] creating /home/ddq2/interbotix_ws/install/interbotix_perception_modules/lib/python3.10/site-packages/interbotix_perception_modules
[0.904s] copying /home/ddq2/interbotix_ws/build/interbotix_perception_modules/build/lib/interbotix_perception_modules/pointcloud.py -> /home/ddq2/interbotix_ws/install/interbotix_perception_modules/lib/python3.10/site-packages/interbotix_perception_modules
[0.904s] copying /home/ddq2/interbotix_ws/build/interbotix_perception_modules/build/lib/interbotix_perception_modules/__init__.py -> /home/ddq2/interbotix_ws/install/interbotix_perception_modules/lib/python3.10/site-packages/interbotix_perception_modules
[0.904s] copying /home/ddq2/interbotix_ws/build/interbotix_perception_modules/build/lib/interbotix_perception_modules/pointcloud_tuner_gui.py -> /home/ddq2/interbotix_ws/install/interbotix_perception_modules/lib/python3.10/site-packages/interbotix_perception_modules
[0.905s] copying /home/ddq2/interbotix_ws/build/interbotix_perception_modules/build/lib/interbotix_perception_modules/apriltag.py -> /home/ddq2/interbotix_ws/install/interbotix_perception_modules/lib/python3.10/site-packages/interbotix_perception_modules
[0.905s] copying /home/ddq2/interbotix_ws/build/interbotix_perception_modules/build/lib/interbotix_perception_modules/armtag.py -> /home/ddq2/interbotix_ws/install/interbotix_perception_modules/lib/python3.10/site-packages/interbotix_perception_modules
[0.905s] copying /home/ddq2/interbotix_ws/build/interbotix_perception_modules/build/lib/interbotix_perception_modules/armtag_tuner_gui.py -> /home/ddq2/interbotix_ws/install/interbotix_perception_modules/lib/python3.10/site-packages/interbotix_perception_modules
[0.905s] copying /home/ddq2/interbotix_ws/build/interbotix_perception_modules/build/lib/interbotix_perception_modules/picture_snapper.py -> /home/ddq2/interbotix_ws/install/interbotix_perception_modules/lib/python3.10/site-packages/interbotix_perception_modules
[0.905s] byte-compiling /home/ddq2/interbotix_ws/install/interbotix_perception_modules/lib/python3.10/site-packages/interbotix_perception_modules/pointcloud.py to pointcloud.cpython-310.pyc
[0.907s] byte-compiling /home/ddq2/interbotix_ws/install/interbotix_perception_modules/lib/python3.10/site-packages/interbotix_perception_modules/__init__.py to __init__.cpython-310.pyc
[0.907s] byte-compiling /home/ddq2/interbotix_ws/install/interbotix_perception_modules/lib/python3.10/site-packages/interbotix_perception_modules/pointcloud_tuner_gui.py to pointcloud_tuner_gui.cpython-310.pyc
[0.909s] byte-compiling /home/ddq2/interbotix_ws/install/interbotix_perception_modules/lib/python3.10/site-packages/interbotix_perception_modules/apriltag.py to apriltag.cpython-310.pyc
[0.909s] byte-compiling /home/ddq2/interbotix_ws/install/interbotix_perception_modules/lib/python3.10/site-packages/interbotix_perception_modules/armtag.py to armtag.cpython-310.pyc
[0.910s] byte-compiling /home/ddq2/interbotix_ws/install/interbotix_perception_modules/lib/python3.10/site-packages/interbotix_perception_modules/armtag_tuner_gui.py to armtag_tuner_gui.cpython-310.pyc
[0.911s] byte-compiling /home/ddq2/interbotix_ws/install/interbotix_perception_modules/lib/python3.10/site-packages/interbotix_perception_modules/picture_snapper.py to picture_snapper.cpython-310.pyc
[0.911s] running install_data
[0.911s] creating /home/ddq2/interbotix_ws/install/interbotix_perception_modules/share/ament_index
[0.911s] creating /home/ddq2/interbotix_ws/install/interbotix_perception_modules/share/ament_index/resource_index
[0.911s] creating /home/ddq2/interbotix_ws/install/interbotix_perception_modules/share/ament_index/resource_index/packages
[0.911s] copying resource/interbotix_perception_modules -> /home/ddq2/interbotix_ws/install/interbotix_perception_modules/share/ament_index/resource_index/packages
[0.912s] copying package.xml -> /home/ddq2/interbotix_ws/install/interbotix_perception_modules/share/interbotix_perception_modules
[0.912s] creating /home/ddq2/interbotix_ws/install/interbotix_perception_modules/share/interbotix_perception_modules/launch
[0.912s] copying launch/picture_snapper.launch.py -> /home/ddq2/interbotix_ws/install/interbotix_perception_modules/share/interbotix_perception_modules/launch
[0.912s] copying launch/pc_filter.launch.py -> /home/ddq2/interbotix_ws/install/interbotix_perception_modules/share/interbotix_perception_modules/launch
[0.912s] copying launch/armtag.launch.py -> /home/ddq2/interbotix_ws/install/interbotix_perception_modules/share/interbotix_perception_modules/launch
[0.912s] copying launch/apriltag.launch.py -> /home/ddq2/interbotix_ws/install/interbotix_perception_modules/share/interbotix_perception_modules/launch
[0.912s] creating /home/ddq2/interbotix_ws/install/interbotix_perception_modules/share/interbotix_perception_modules/config
[0.912s] copying config/tags.yaml -> /home/ddq2/interbotix_ws/install/interbotix_perception_modules/share/interbotix_perception_modules/config
[0.912s] copying config/filter_params.yaml -> /home/ddq2/interbotix_ws/install/interbotix_perception_modules/share/interbotix_perception_modules/config
[0.912s] creating /home/ddq2/interbotix_ws/install/interbotix_perception_modules/share/interbotix_perception_modules/ui
[0.912s] copying src/ui/armtagtunergui.ui -> /home/ddq2/interbotix_ws/install/interbotix_perception_modules/share/interbotix_perception_modules/ui
[0.912s] copying src/ui/pointcloudtunergui.ui -> /home/ddq2/interbotix_ws/install/interbotix_perception_modules/share/interbotix_perception_modules/ui
[0.912s] running install_egg_info
[0.926s] Copying ../../../../build/interbotix_perception_modules/interbotix_perception_modules.egg-info to /home/ddq2/interbotix_ws/install/interbotix_perception_modules/lib/python3.10/site-packages/interbotix_perception_modules-0.0.0-py3.10.egg-info
[0.927s] running install_scripts
[1.045s] Installing armtag_tuner_gui script to /home/ddq2/interbotix_ws/install/interbotix_perception_modules/lib/interbotix_perception_modules
[1.045s] Installing picture_snapper script to /home/ddq2/interbotix_ws/install/interbotix_perception_modules/lib/interbotix_perception_modules
[1.045s] Installing pointcloud_tuner_gui script to /home/ddq2/interbotix_ws/install/interbotix_perception_modules/lib/interbotix_perception_modules
[1.045s] writing list of installed files to '/home/ddq2/interbotix_ws/build/interbotix_perception_modules/install.log'
[1.063s] Invoked command in '/home/ddq2/interbotix_ws/src/interbotix_ros_toolboxes/interbotix_perception_toolbox/interbotix_perception_modules' returned '0': AMENT_PREFIX_PATH=/home/ddq2/interbotix_ws/install/interbotix_perception_pipelines:/home/ddq2/interbotix_ws/install/interbotix_xs_msgs:/home/ddq2/interbotix_ws/install/interbotix_perception_msgs:/home/ddq2/interbotix_ws/install/interbotix_common_modules:${AMENT_PREFIX_PATH} CMAKE_PREFIX_PATH=/home/ddq2/interbotix_ws/install/interbotix_perception_pipelines:/home/ddq2/interbotix_ws/install/interbotix_xs_msgs:/home/ddq2/interbotix_ws/install/interbotix_perception_msgs:${CMAKE_PREFIX_PATH} LD_LIBRARY_PATH=/home/ddq2/interbotix_ws/install/interbotix_xs_msgs/lib:/home/ddq2/interbotix_ws/install/interbotix_perception_msgs/lib:/home/ddq2/apriltag_ws/install/apriltag_ros/lib:/usr/local/cuda-12.4/lib64:/usr/local/cuda-12.4/lib64:/opt/ros/humble/opt/rviz_ogre_vendor/lib:/opt/ros/humble/lib/x86_64-linux-gnu:/opt/ros/humble/lib:/usr/lib/x86_64-linux-gnu/gazebo-11/plugins:/usr/lib/x86_64-linux-gnu/gazebo-11/plugins:/usr/lib/x86_64-linux-gnu/gazebo-11/plugins PYTHONPATH=/home/ddq2/interbotix_ws/build/interbotix_perception_modules/prefix_override:/usr/lib/python3/dist-packages/colcon_core/task/python/colcon_distutils_commands:/home/ddq2/interbotix_ws/install/interbotix_perception_modules/lib/python3.10/site-packages:/home/ddq2/interbotix_ws/install/interbotix_xs_msgs/local/lib/python3.10/dist-packages:/home/ddq2/interbotix_ws/install/interbotix_perception_msgs/local/lib/python3.10/dist-packages:/home/ddq2/interbotix_ws/install/interbotix_common_modules/lib/python3.10/site-packages:${PYTHONPATH} _=/usr/bin/env /usr/bin/python3 -W ignore:setup.py install is deprecated -W ignore:easy_install command is deprecated setup.py egg_info --egg-base ../../../../build/interbotix_perception_modules build --build-base /home/ddq2/interbotix_ws/build/interbotix_perception_modules/build install --record /home/ddq2/interbotix_ws/build/interbotix_perception_modules/install.log --single-version-externally-managed install_data
