[0.012s] Invoking command in '/home/ddq2/interbotix_ws/build/interbotix_gravity_compensation': AMENT_PREFIX_PATH=/home/ddq2/interbotix_ws/install/interbotix_xs_msgs:${AMENT_PREFIX_PATH} CMAKE_PREFIX_PATH=/home/ddq2/interbotix_ws/install/interbotix_xs_msgs:/home/ddq2/apriltag_ws/install/apriltag_ros:/opt/ros/humble LD_LIBRARY_PATH=/home/ddq2/interbotix_ws/install/interbotix_xs_msgs/lib:/home/ddq2/apriltag_ws/install/apriltag_ros/lib:/usr/local/cuda-12.4/lib64:/usr/local/cuda-12.4/lib64:/opt/ros/humble/opt/rviz_ogre_vendor/lib:/opt/ros/humble/lib/x86_64-linux-gnu:/opt/ros/humble/lib:/usr/lib/x86_64-linux-gnu/gazebo-11/plugins:/usr/lib/x86_64-linux-gnu/gazebo-11/plugins:/usr/lib/x86_64-linux-gnu/gazebo-11/plugins PYTHONPATH=/home/ddq2/interbotix_ws/install/interbotix_xs_msgs/local/lib/python3.10/dist-packages:${PYTHONPATH} _=/usr/bin/env /home/ddq2/.local/bin/cmake /home/ddq2/interbotix_ws/src/interbotix_ros_toolboxes/interbotix_common_toolbox/interbotix_gravity_compensation -DCMAKE_INSTALL_PREFIX=/home/ddq2/interbotix_ws/install/interbotix_gravity_compensation
[0.095s] -- The C compiler identification is GNU 11.4.0
[0.131s] -- The CXX compiler identification is GNU 11.4.0
[0.138s] -- Detecting C compiler ABI info
[0.177s] -- Detecting C compiler ABI info - done
[0.188s] -- Check for working C compiler: /usr/bin/cc - skipped
[0.189s] -- Detecting C compile features
[0.189s] -- Detecting C compile features - done
[0.192s] -- Detecting CXX compiler ABI info
[0.237s] -- Detecting CXX compiler ABI info - done
[0.249s] -- Check for working CXX compiler: /usr/bin/c++ - skipped
[0.249s] -- Detecting CXX compile features
[0.250s] -- Detecting CXX compile features - done
[0.252s] -- Found ament_cmake: 1.3.11 (/opt/ros/humble/share/ament_cmake/cmake)
[0.354s] -- Found Python3: /usr/bin/python3 (found version "3.10.12") found components: Interpreter
[0.437s] -- Found interbotix_xs_msgs: 0.0.0 (/home/ddq2/interbotix_ws/install/interbotix_xs_msgs/share/interbotix_xs_msgs/cmake)
[0.491s] -- Found rosidl_generator_c: 3.1.6 (/opt/ros/humble/share/rosidl_generator_c/cmake)
[0.499s] -- Found rosidl_adapter: 3.1.6 (/opt/ros/humble/share/rosidl_adapter/cmake)
[0.511s] -- Found rosidl_generator_cpp: 3.1.6 (/opt/ros/humble/share/rosidl_generator_cpp/cmake)
[0.526s] -- Using all available rosidl_typesupport_c: rosidl_typesupport_fastrtps_c;rosidl_typesupport_introspection_c
[0.540s] -- Using all available rosidl_typesupport_cpp: rosidl_typesupport_fastrtps_cpp;rosidl_typesupport_introspection_cpp
[0.614s] -- Found kdl_parser: 2.6.4 (/opt/ros/humble/share/kdl_parser/cmake)
[0.625s] -- Found eigen3_cmake_module: 0.1.1 (/opt/ros/humble/share/eigen3_cmake_module/cmake)
[0.625s] -- Found Eigen3: TRUE (found version "3.4.0")
[0.625s] -- Ensuring Eigen3 include directory is part of orocos-kdl CMake target
[0.629s] -- Found rclcpp: 16.0.11 (/opt/ros/humble/share/rclcpp/cmake)
[0.661s] -- Found rmw_implementation_cmake: 6.1.2 (/opt/ros/humble/share/rmw_implementation_cmake/cmake)
[0.664s] -- Found rmw_fastrtps_cpp: 6.2.7 (/opt/ros/humble/share/rmw_fastrtps_cpp/cmake)
[0.725s] -- Found OpenSSL: /usr/lib/x86_64-linux-gnu/libcrypto.so (found version "3.0.2")
[0.747s] -- Found FastRTPS: /opt/ros/humble/include
[0.778s] -- Using RMW implementation 'rmw_fastrtps_cpp' as default
[0.786s] -- Performing Test CMAKE_HAVE_LIBC_PTHREAD
[0.828s] -- Performing Test CMAKE_HAVE_LIBC_PTHREAD - Success
[0.829s] -- Found Threads: TRUE
[0.867s] -- Found sensor_msgs: 4.2.4 (/opt/ros/humble/share/sensor_msgs/cmake)
[0.885s] -- Found std_srvs: 4.2.4 (/opt/ros/humble/share/std_srvs/cmake)
[0.895s] -- Found yaml_cpp_vendor: 8.0.2 (/opt/ros/humble/share/yaml_cpp_vendor/cmake)
[0.900s] -- Found ament_lint_auto: 0.12.11 (/opt/ros/humble/share/ament_lint_auto/cmake)
[0.959s] -- Added test 'copyright' to check source files copyright and LICENSE
[0.960s] -- Added test 'cppcheck' to perform static code analysis on C / C++ code
[0.960s] -- Configured cppcheck include dirs: /home/ddq2/interbotix_ws/src/interbotix_ros_toolboxes/interbotix_common_toolbox/interbotix_gravity_compensation/include
[0.960s] -- Configured cppcheck exclude dirs and/or files: 
[0.961s] -- Added test 'cpplint' to check C / C++ code against the Google style
[0.961s] -- Configured cpplint exclude dirs and/or files: 
[0.961s] -- Added test 'lint_cmake' to check CMake code style
[0.962s] -- Added test 'uncrustify' to check C / C++ code style
[0.962s] -- Configured uncrustify additional arguments: 
[0.962s] -- Added test 'xmllint' to check XML markup files
[0.963s] -- Configuring done (0.9s)
[0.971s] -- Generating done (0.0s)
[0.974s] -- Build files have been written to: /home/ddq2/interbotix_ws/build/interbotix_gravity_compensation
[0.994s] Invoked command in '/home/ddq2/interbotix_ws/build/interbotix_gravity_compensation' returned '0': AMENT_PREFIX_PATH=/home/ddq2/interbotix_ws/install/interbotix_xs_msgs:${AMENT_PREFIX_PATH} CMAKE_PREFIX_PATH=/home/ddq2/interbotix_ws/install/interbotix_xs_msgs:/home/ddq2/apriltag_ws/install/apriltag_ros:/opt/ros/humble LD_LIBRARY_PATH=/home/ddq2/interbotix_ws/install/interbotix_xs_msgs/lib:/home/ddq2/apriltag_ws/install/apriltag_ros/lib:/usr/local/cuda-12.4/lib64:/usr/local/cuda-12.4/lib64:/opt/ros/humble/opt/rviz_ogre_vendor/lib:/opt/ros/humble/lib/x86_64-linux-gnu:/opt/ros/humble/lib:/usr/lib/x86_64-linux-gnu/gazebo-11/plugins:/usr/lib/x86_64-linux-gnu/gazebo-11/plugins:/usr/lib/x86_64-linux-gnu/gazebo-11/plugins PYTHONPATH=/home/ddq2/interbotix_ws/install/interbotix_xs_msgs/local/lib/python3.10/dist-packages:${PYTHONPATH} _=/usr/bin/env /home/ddq2/.local/bin/cmake /home/ddq2/interbotix_ws/src/interbotix_ros_toolboxes/interbotix_common_toolbox/interbotix_gravity_compensation -DCMAKE_INSTALL_PREFIX=/home/ddq2/interbotix_ws/install/interbotix_gravity_compensation
[0.995s] Invoking command in '/home/ddq2/interbotix_ws/build/interbotix_gravity_compensation': AMENT_PREFIX_PATH=/home/ddq2/interbotix_ws/install/interbotix_xs_msgs:${AMENT_PREFIX_PATH} CMAKE_PREFIX_PATH=/home/ddq2/interbotix_ws/install/interbotix_xs_msgs:/home/ddq2/apriltag_ws/install/apriltag_ros:/opt/ros/humble LD_LIBRARY_PATH=/home/ddq2/interbotix_ws/install/interbotix_xs_msgs/lib:/home/ddq2/apriltag_ws/install/apriltag_ros/lib:/usr/local/cuda-12.4/lib64:/usr/local/cuda-12.4/lib64:/opt/ros/humble/opt/rviz_ogre_vendor/lib:/opt/ros/humble/lib/x86_64-linux-gnu:/opt/ros/humble/lib:/usr/lib/x86_64-linux-gnu/gazebo-11/plugins:/usr/lib/x86_64-linux-gnu/gazebo-11/plugins:/usr/lib/x86_64-linux-gnu/gazebo-11/plugins PYTHONPATH=/home/ddq2/interbotix_ws/install/interbotix_xs_msgs/local/lib/python3.10/dist-packages:${PYTHONPATH} _=/usr/bin/env /home/ddq2/.local/bin/cmake --build /home/ddq2/interbotix_ws/build/interbotix_gravity_compensation -- -j16 -l16
[1.063s] [ 66%] [32mBuilding CXX object CMakeFiles/interbotix_gravity_compensation.dir/src/interbotix_gravity_compensation_node.cpp.o[0m
[1.063s] [ 66%] [32mBuilding CXX object CMakeFiles/interbotix_gravity_compensation.dir/src/interbotix_gravity_compensation.cpp.o[0m
[10.148s] [100%] [32m[1mLinking CXX executable interbotix_gravity_compensation[0m
[10.550s] [100%] Built target interbotix_gravity_compensation
[10.565s] Invoked command in '/home/ddq2/interbotix_ws/build/interbotix_gravity_compensation' returned '0': AMENT_PREFIX_PATH=/home/ddq2/interbotix_ws/install/interbotix_xs_msgs:${AMENT_PREFIX_PATH} CMAKE_PREFIX_PATH=/home/ddq2/interbotix_ws/install/interbotix_xs_msgs:/home/ddq2/apriltag_ws/install/apriltag_ros:/opt/ros/humble LD_LIBRARY_PATH=/home/ddq2/interbotix_ws/install/interbotix_xs_msgs/lib:/home/ddq2/apriltag_ws/install/apriltag_ros/lib:/usr/local/cuda-12.4/lib64:/usr/local/cuda-12.4/lib64:/opt/ros/humble/opt/rviz_ogre_vendor/lib:/opt/ros/humble/lib/x86_64-linux-gnu:/opt/ros/humble/lib:/usr/lib/x86_64-linux-gnu/gazebo-11/plugins:/usr/lib/x86_64-linux-gnu/gazebo-11/plugins:/usr/lib/x86_64-linux-gnu/gazebo-11/plugins PYTHONPATH=/home/ddq2/interbotix_ws/install/interbotix_xs_msgs/local/lib/python3.10/dist-packages:${PYTHONPATH} _=/usr/bin/env /home/ddq2/.local/bin/cmake --build /home/ddq2/interbotix_ws/build/interbotix_gravity_compensation -- -j16 -l16
[10.566s] Invoking command in '/home/ddq2/interbotix_ws/build/interbotix_gravity_compensation': AMENT_PREFIX_PATH=/home/ddq2/interbotix_ws/install/interbotix_xs_msgs:${AMENT_PREFIX_PATH} CMAKE_PREFIX_PATH=/home/ddq2/interbotix_ws/install/interbotix_xs_msgs:/home/ddq2/apriltag_ws/install/apriltag_ros:/opt/ros/humble LD_LIBRARY_PATH=/home/ddq2/interbotix_ws/install/interbotix_xs_msgs/lib:/home/ddq2/apriltag_ws/install/apriltag_ros/lib:/usr/local/cuda-12.4/lib64:/usr/local/cuda-12.4/lib64:/opt/ros/humble/opt/rviz_ogre_vendor/lib:/opt/ros/humble/lib/x86_64-linux-gnu:/opt/ros/humble/lib:/usr/lib/x86_64-linux-gnu/gazebo-11/plugins:/usr/lib/x86_64-linux-gnu/gazebo-11/plugins:/usr/lib/x86_64-linux-gnu/gazebo-11/plugins PYTHONPATH=/home/ddq2/interbotix_ws/install/interbotix_xs_msgs/local/lib/python3.10/dist-packages:${PYTHONPATH} _=/usr/bin/env /home/ddq2/.local/bin/cmake --install /home/ddq2/interbotix_ws/build/interbotix_gravity_compensation
[10.621s] -- Install configuration: ""
[10.621s] -- Installing: /home/ddq2/interbotix_ws/install/interbotix_gravity_compensation/lib/interbotix_gravity_compensation/interbotix_gravity_compensation
[10.624s] -- Set non-toolchain portion of runtime path of "/home/ddq2/interbotix_ws/install/interbotix_gravity_compensation/lib/interbotix_gravity_compensation/interbotix_gravity_compensation" to ""
[10.624s] -- Installing: /home/ddq2/interbotix_ws/install/interbotix_gravity_compensation/share/interbotix_gravity_compensation/config
[10.624s] -- Installing: /home/ddq2/interbotix_ws/install/interbotix_gravity_compensation/share/interbotix_gravity_compensation/config/motor_specs_example.yaml
[10.624s] -- Installing: /home/ddq2/interbotix_ws/install/interbotix_gravity_compensation/share/ament_index/resource_index/package_run_dependencies/interbotix_gravity_compensation
[10.624s] -- Installing: /home/ddq2/interbotix_ws/install/interbotix_gravity_compensation/share/ament_index/resource_index/parent_prefix_path/interbotix_gravity_compensation
[10.624s] -- Installing: /home/ddq2/interbotix_ws/install/interbotix_gravity_compensation/share/interbotix_gravity_compensation/environment/ament_prefix_path.sh
[10.624s] -- Installing: /home/ddq2/interbotix_ws/install/interbotix_gravity_compensation/share/interbotix_gravity_compensation/environment/ament_prefix_path.dsv
[10.624s] -- Installing: /home/ddq2/interbotix_ws/install/interbotix_gravity_compensation/share/interbotix_gravity_compensation/environment/path.sh
[10.625s] -- Installing: /home/ddq2/interbotix_ws/install/interbotix_gravity_compensation/share/interbotix_gravity_compensation/environment/path.dsv
[10.625s] -- Installing: /home/ddq2/interbotix_ws/install/interbotix_gravity_compensation/share/interbotix_gravity_compensation/local_setup.bash
[10.625s] -- Installing: /home/ddq2/interbotix_ws/install/interbotix_gravity_compensation/share/interbotix_gravity_compensation/local_setup.sh
[10.625s] -- Installing: /home/ddq2/interbotix_ws/install/interbotix_gravity_compensation/share/interbotix_gravity_compensation/local_setup.zsh
[10.625s] -- Installing: /home/ddq2/interbotix_ws/install/interbotix_gravity_compensation/share/interbotix_gravity_compensation/local_setup.dsv
[10.625s] -- Installing: /home/ddq2/interbotix_ws/install/interbotix_gravity_compensation/share/interbotix_gravity_compensation/package.dsv
[10.625s] -- Installing: /home/ddq2/interbotix_ws/install/interbotix_gravity_compensation/share/ament_index/resource_index/packages/interbotix_gravity_compensation
[10.625s] -- Installing: /home/ddq2/interbotix_ws/install/interbotix_gravity_compensation/share/interbotix_gravity_compensation/cmake/interbotix_gravity_compensationConfig.cmake
[10.625s] -- Installing: /home/ddq2/interbotix_ws/install/interbotix_gravity_compensation/share/interbotix_gravity_compensation/cmake/interbotix_gravity_compensationConfig-version.cmake
[10.625s] -- Installing: /home/ddq2/interbotix_ws/install/interbotix_gravity_compensation/share/interbotix_gravity_compensation/package.xml
[10.637s] Invoked command in '/home/ddq2/interbotix_ws/build/interbotix_gravity_compensation' returned '0': AMENT_PREFIX_PATH=/home/ddq2/interbotix_ws/install/interbotix_xs_msgs:${AMENT_PREFIX_PATH} CMAKE_PREFIX_PATH=/home/ddq2/interbotix_ws/install/interbotix_xs_msgs:/home/ddq2/apriltag_ws/install/apriltag_ros:/opt/ros/humble LD_LIBRARY_PATH=/home/ddq2/interbotix_ws/install/interbotix_xs_msgs/lib:/home/ddq2/apriltag_ws/install/apriltag_ros/lib:/usr/local/cuda-12.4/lib64:/usr/local/cuda-12.4/lib64:/opt/ros/humble/opt/rviz_ogre_vendor/lib:/opt/ros/humble/lib/x86_64-linux-gnu:/opt/ros/humble/lib:/usr/lib/x86_64-linux-gnu/gazebo-11/plugins:/usr/lib/x86_64-linux-gnu/gazebo-11/plugins:/usr/lib/x86_64-linux-gnu/gazebo-11/plugins PYTHONPATH=/home/ddq2/interbotix_ws/install/interbotix_xs_msgs/local/lib/python3.10/dist-packages:${PYTHONPATH} _=/usr/bin/env /home/ddq2/.local/bin/cmake --install /home/ddq2/interbotix_ws/build/interbotix_gravity_compensation
