[0.676s] Invoking command in '/home/ddq2/interbotix_ws/src/interbotix_ros_toolboxes/interbotix_xs_toolbox/interbotix_xs_modules': AMENT_PREFIX_PATH=/home/ddq2/interbotix_ws/install/interbotix_xs_sdk:/home/ddq2/interbotix_ws/install/interbotix_xs_driver:/home/ddq2/interbotix_ws/install/interbotix_xs_msgs:/home/ddq2/interbotix_ws/install/interbotix_common_modules:/home/ddq2/interbotix_ws/install/dynamixel_workbench_toolbox:${AMENT_PREFIX_PATH} CMAKE_PREFIX_PATH=/home/ddq2/interbotix_ws/install/interbotix_xs_sdk:/home/ddq2/interbotix_ws/install/interbotix_xs_driver:/home/ddq2/interbotix_ws/install/interbotix_xs_msgs:/home/ddq2/interbotix_ws/install/dynamixel_workbench_toolbox:${CMAKE_PREFIX_PATH} LD_LIBRARY_PATH=/home/ddq2/interbotix_ws/install/interbotix_xs_driver/lib:/home/ddq2/interbotix_ws/install/interbotix_xs_msgs/lib:/home/ddq2/interbotix_ws/install/dynamixel_workbench_toolbox/lib:/home/ddq2/apriltag_ws/install/apriltag_ros/lib:/usr/local/cuda-12.4/lib64:/usr/local/cuda-12.4/lib64:/opt/ros/humble/opt/rviz_ogre_vendor/lib:/opt/ros/humble/lib/x86_64-linux-gnu:/opt/ros/humble/lib:/usr/lib/x86_64-linux-gnu/gazebo-11/plugins:/usr/lib/x86_64-linux-gnu/gazebo-11/plugins:/usr/lib/x86_64-linux-gnu/gazebo-11/plugins PYTHONPATH=/home/ddq2/interbotix_ws/build/interbotix_xs_modules/prefix_override:/usr/lib/python3/dist-packages/colcon_core/task/python/colcon_distutils_commands:/home/ddq2/interbotix_ws/install/interbotix_xs_modules/lib/python3.10/site-packages:/home/ddq2/interbotix_ws/install/interbotix_xs_msgs/local/lib/python3.10/dist-packages:/home/ddq2/interbotix_ws/install/interbotix_common_modules/lib/python3.10/site-packages:${PYTHONPATH} _=/usr/bin/env /usr/bin/python3 -W ignore:setup.py install is deprecated -W ignore:easy_install command is deprecated setup.py egg_info --egg-base ../../../../build/interbotix_xs_modules build --build-base /home/ddq2/interbotix_ws/build/interbotix_xs_modules/build install --record /home/ddq2/interbotix_ws/build/interbotix_xs_modules/install.log --single-version-externally-managed install_data
[0.881s] running egg_info
[0.882s] creating ../../../../build/interbotix_xs_modules/interbotix_xs_modules.egg-info
[0.895s] writing ../../../../build/interbotix_xs_modules/interbotix_xs_modules.egg-info/PKG-INFO
[0.896s] writing dependency_links to ../../../../build/interbotix_xs_modules/interbotix_xs_modules.egg-info/dependency_links.txt
[0.896s] writing requirements to ../../../../build/interbotix_xs_modules/interbotix_xs_modules.egg-info/requires.txt
[0.896s] writing top-level names to ../../../../build/interbotix_xs_modules/interbotix_xs_modules.egg-info/top_level.txt
[0.896s] writing manifest file '../../../../build/interbotix_xs_modules/interbotix_xs_modules.egg-info/SOURCES.txt'
[0.925s] reading manifest file '../../../../build/interbotix_xs_modules/interbotix_xs_modules.egg-info/SOURCES.txt'
[0.926s] writing manifest file '../../../../build/interbotix_xs_modules/interbotix_xs_modules.egg-info/SOURCES.txt'
[0.926s] running build
[0.926s] running build_py
[0.926s] creating /home/ddq2/interbotix_ws/build/interbotix_xs_modules/build
[0.926s] creating /home/ddq2/interbotix_ws/build/interbotix_xs_modules/build/lib
[0.926s] creating /home/ddq2/interbotix_ws/build/interbotix_xs_modules/build/lib/interbotix_xs_modules
[0.926s] copying interbotix_xs_modules/__init__.py -> /home/ddq2/interbotix_ws/build/interbotix_xs_modules/build/lib/interbotix_xs_modules
[0.926s] creating /home/ddq2/interbotix_ws/build/interbotix_xs_modules/build/lib/interbotix_xs_modules/xs_common
[0.926s] copying interbotix_xs_modules/xs_common/__init__.py -> /home/ddq2/interbotix_ws/build/interbotix_xs_modules/build/lib/interbotix_xs_modules/xs_common
[0.926s] copying interbotix_xs_modules/xs_common/xs_common.py -> /home/ddq2/interbotix_ws/build/interbotix_xs_modules/build/lib/interbotix_xs_modules/xs_common
[0.926s] creating /home/ddq2/interbotix_ws/build/interbotix_xs_modules/build/lib/interbotix_xs_modules/xs_launch
[0.926s] copying interbotix_xs_modules/xs_launch/__init__.py -> /home/ddq2/interbotix_ws/build/interbotix_xs_modules/build/lib/interbotix_xs_modules/xs_launch
[0.926s] copying interbotix_xs_modules/xs_launch/xs_launch.py -> /home/ddq2/interbotix_ws/build/interbotix_xs_modules/build/lib/interbotix_xs_modules/xs_launch
[0.927s] creating /home/ddq2/interbotix_ws/build/interbotix_xs_modules/build/lib/interbotix_xs_modules/xs_robot
[0.927s] copying interbotix_xs_modules/xs_robot/core.py -> /home/ddq2/interbotix_ws/build/interbotix_xs_modules/build/lib/interbotix_xs_modules/xs_robot
[0.927s] copying interbotix_xs_modules/xs_robot/__init__.py -> /home/ddq2/interbotix_ws/build/interbotix_xs_modules/build/lib/interbotix_xs_modules/xs_robot
[0.927s] copying interbotix_xs_modules/xs_robot/hexapod.py -> /home/ddq2/interbotix_ws/build/interbotix_xs_modules/build/lib/interbotix_xs_modules/xs_robot
[0.927s] copying interbotix_xs_modules/xs_robot/mr_descriptions.py -> /home/ddq2/interbotix_ws/build/interbotix_xs_modules/build/lib/interbotix_xs_modules/xs_robot
[0.927s] copying interbotix_xs_modules/xs_robot/locobot.py -> /home/ddq2/interbotix_ws/build/interbotix_xs_modules/build/lib/interbotix_xs_modules/xs_robot
[0.927s] copying interbotix_xs_modules/xs_robot/gravity_compensation.py -> /home/ddq2/interbotix_ws/build/interbotix_xs_modules/build/lib/interbotix_xs_modules/xs_robot
[0.927s] copying interbotix_xs_modules/xs_robot/turret.py -> /home/ddq2/interbotix_ws/build/interbotix_xs_modules/build/lib/interbotix_xs_modules/xs_robot
[0.927s] copying interbotix_xs_modules/xs_robot/gripper.py -> /home/ddq2/interbotix_ws/build/interbotix_xs_modules/build/lib/interbotix_xs_modules/xs_robot
[0.927s] copying interbotix_xs_modules/xs_robot/slate.py -> /home/ddq2/interbotix_ws/build/interbotix_xs_modules/build/lib/interbotix_xs_modules/xs_robot
[0.928s] copying interbotix_xs_modules/xs_robot/arm.py -> /home/ddq2/interbotix_ws/build/interbotix_xs_modules/build/lib/interbotix_xs_modules/xs_robot
[0.928s] copying interbotix_xs_modules/xs_robot/create3.py -> /home/ddq2/interbotix_ws/build/interbotix_xs_modules/build/lib/interbotix_xs_modules/xs_robot
[0.928s] copying interbotix_xs_modules/xs_robot/mobile_base.py -> /home/ddq2/interbotix_ws/build/interbotix_xs_modules/build/lib/interbotix_xs_modules/xs_robot
[0.928s] copying interbotix_xs_modules/xs_robot/kobuki.py -> /home/ddq2/interbotix_ws/build/interbotix_xs_modules/build/lib/interbotix_xs_modules/xs_robot
[0.928s] running install
[0.932s] running install_lib
[0.946s] creating /home/ddq2/interbotix_ws/install/interbotix_xs_modules/lib/python3.10/site-packages/interbotix_xs_modules
[0.946s] creating /home/ddq2/interbotix_ws/install/interbotix_xs_modules/lib/python3.10/site-packages/interbotix_xs_modules/xs_common
[0.946s] copying /home/ddq2/interbotix_ws/build/interbotix_xs_modules/build/lib/interbotix_xs_modules/xs_common/__init__.py -> /home/ddq2/interbotix_ws/install/interbotix_xs_modules/lib/python3.10/site-packages/interbotix_xs_modules/xs_common
[0.946s] copying /home/ddq2/interbotix_ws/build/interbotix_xs_modules/build/lib/interbotix_xs_modules/xs_common/xs_common.py -> /home/ddq2/interbotix_ws/install/interbotix_xs_modules/lib/python3.10/site-packages/interbotix_xs_modules/xs_common
[0.946s] copying /home/ddq2/interbotix_ws/build/interbotix_xs_modules/build/lib/interbotix_xs_modules/__init__.py -> /home/ddq2/interbotix_ws/install/interbotix_xs_modules/lib/python3.10/site-packages/interbotix_xs_modules
[0.946s] creating /home/ddq2/interbotix_ws/install/interbotix_xs_modules/lib/python3.10/site-packages/interbotix_xs_modules/xs_launch
[0.946s] copying /home/ddq2/interbotix_ws/build/interbotix_xs_modules/build/lib/interbotix_xs_modules/xs_launch/__init__.py -> /home/ddq2/interbotix_ws/install/interbotix_xs_modules/lib/python3.10/site-packages/interbotix_xs_modules/xs_launch
[0.946s] copying /home/ddq2/interbotix_ws/build/interbotix_xs_modules/build/lib/interbotix_xs_modules/xs_launch/xs_launch.py -> /home/ddq2/interbotix_ws/install/interbotix_xs_modules/lib/python3.10/site-packages/interbotix_xs_modules/xs_launch
[0.946s] creating /home/ddq2/interbotix_ws/install/interbotix_xs_modules/lib/python3.10/site-packages/interbotix_xs_modules/xs_robot
[0.946s] copying /home/ddq2/interbotix_ws/build/interbotix_xs_modules/build/lib/interbotix_xs_modules/xs_robot/core.py -> /home/ddq2/interbotix_ws/install/interbotix_xs_modules/lib/python3.10/site-packages/interbotix_xs_modules/xs_robot
[0.947s] copying /home/ddq2/interbotix_ws/build/interbotix_xs_modules/build/lib/interbotix_xs_modules/xs_robot/__init__.py -> /home/ddq2/interbotix_ws/install/interbotix_xs_modules/lib/python3.10/site-packages/interbotix_xs_modules/xs_robot
[0.947s] copying /home/ddq2/interbotix_ws/build/interbotix_xs_modules/build/lib/interbotix_xs_modules/xs_robot/hexapod.py -> /home/ddq2/interbotix_ws/install/interbotix_xs_modules/lib/python3.10/site-packages/interbotix_xs_modules/xs_robot
[0.947s] copying /home/ddq2/interbotix_ws/build/interbotix_xs_modules/build/lib/interbotix_xs_modules/xs_robot/mr_descriptions.py -> /home/ddq2/interbotix_ws/install/interbotix_xs_modules/lib/python3.10/site-packages/interbotix_xs_modules/xs_robot
[0.947s] copying /home/ddq2/interbotix_ws/build/interbotix_xs_modules/build/lib/interbotix_xs_modules/xs_robot/locobot.py -> /home/ddq2/interbotix_ws/install/interbotix_xs_modules/lib/python3.10/site-packages/interbotix_xs_modules/xs_robot
[0.947s] copying /home/ddq2/interbotix_ws/build/interbotix_xs_modules/build/lib/interbotix_xs_modules/xs_robot/gravity_compensation.py -> /home/ddq2/interbotix_ws/install/interbotix_xs_modules/lib/python3.10/site-packages/interbotix_xs_modules/xs_robot
[0.947s] copying /home/ddq2/interbotix_ws/build/interbotix_xs_modules/build/lib/interbotix_xs_modules/xs_robot/turret.py -> /home/ddq2/interbotix_ws/install/interbotix_xs_modules/lib/python3.10/site-packages/interbotix_xs_modules/xs_robot
[0.947s] copying /home/ddq2/interbotix_ws/build/interbotix_xs_modules/build/lib/interbotix_xs_modules/xs_robot/gripper.py -> /home/ddq2/interbotix_ws/install/interbotix_xs_modules/lib/python3.10/site-packages/interbotix_xs_modules/xs_robot
[0.947s] copying /home/ddq2/interbotix_ws/build/interbotix_xs_modules/build/lib/interbotix_xs_modules/xs_robot/slate.py -> /home/ddq2/interbotix_ws/install/interbotix_xs_modules/lib/python3.10/site-packages/interbotix_xs_modules/xs_robot
[0.947s] copying /home/ddq2/interbotix_ws/build/interbotix_xs_modules/build/lib/interbotix_xs_modules/xs_robot/arm.py -> /home/ddq2/interbotix_ws/install/interbotix_xs_modules/lib/python3.10/site-packages/interbotix_xs_modules/xs_robot
[0.947s] copying /home/ddq2/interbotix_ws/build/interbotix_xs_modules/build/lib/interbotix_xs_modules/xs_robot/create3.py -> /home/ddq2/interbotix_ws/install/interbotix_xs_modules/lib/python3.10/site-packages/interbotix_xs_modules/xs_robot
[0.947s] copying /home/ddq2/interbotix_ws/build/interbotix_xs_modules/build/lib/interbotix_xs_modules/xs_robot/mobile_base.py -> /home/ddq2/interbotix_ws/install/interbotix_xs_modules/lib/python3.10/site-packages/interbotix_xs_modules/xs_robot
[0.947s] copying /home/ddq2/interbotix_ws/build/interbotix_xs_modules/build/lib/interbotix_xs_modules/xs_robot/kobuki.py -> /home/ddq2/interbotix_ws/install/interbotix_xs_modules/lib/python3.10/site-packages/interbotix_xs_modules/xs_robot
[0.948s] byte-compiling /home/ddq2/interbotix_ws/install/interbotix_xs_modules/lib/python3.10/site-packages/interbotix_xs_modules/xs_common/__init__.py to __init__.cpython-310.pyc
[0.948s] byte-compiling /home/ddq2/interbotix_ws/install/interbotix_xs_modules/lib/python3.10/site-packages/interbotix_xs_modules/xs_common/xs_common.py to xs_common.cpython-310.pyc
[0.948s] byte-compiling /home/ddq2/interbotix_ws/install/interbotix_xs_modules/lib/python3.10/site-packages/interbotix_xs_modules/__init__.py to __init__.cpython-310.pyc
[0.948s] byte-compiling /home/ddq2/interbotix_ws/install/interbotix_xs_modules/lib/python3.10/site-packages/interbotix_xs_modules/xs_launch/__init__.py to __init__.cpython-310.pyc
[0.949s] byte-compiling /home/ddq2/interbotix_ws/install/interbotix_xs_modules/lib/python3.10/site-packages/interbotix_xs_modules/xs_launch/xs_launch.py to xs_launch.cpython-310.pyc
[0.950s] byte-compiling /home/ddq2/interbotix_ws/install/interbotix_xs_modules/lib/python3.10/site-packages/interbotix_xs_modules/xs_robot/core.py to core.cpython-310.pyc
[0.951s] byte-compiling /home/ddq2/interbotix_ws/install/interbotix_xs_modules/lib/python3.10/site-packages/interbotix_xs_modules/xs_robot/__init__.py to __init__.cpython-310.pyc
[0.951s] byte-compiling /home/ddq2/interbotix_ws/install/interbotix_xs_modules/lib/python3.10/site-packages/interbotix_xs_modules/xs_robot/hexapod.py to hexapod.cpython-310.pyc
[0.955s] byte-compiling /home/ddq2/interbotix_ws/install/interbotix_xs_modules/lib/python3.10/site-packages/interbotix_xs_modules/xs_robot/mr_descriptions.py to mr_descriptions.cpython-310.pyc
[0.956s] byte-compiling /home/ddq2/interbotix_ws/install/interbotix_xs_modules/lib/python3.10/site-packages/interbotix_xs_modules/xs_robot/locobot.py to locobot.cpython-310.pyc
[0.956s] byte-compiling /home/ddq2/interbotix_ws/install/interbotix_xs_modules/lib/python3.10/site-packages/interbotix_xs_modules/xs_robot/gravity_compensation.py to gravity_compensation.cpython-310.pyc
[0.957s] byte-compiling /home/ddq2/interbotix_ws/install/interbotix_xs_modules/lib/python3.10/site-packages/interbotix_xs_modules/xs_robot/turret.py to turret.cpython-310.pyc
[0.958s] byte-compiling /home/ddq2/interbotix_ws/install/interbotix_xs_modules/lib/python3.10/site-packages/interbotix_xs_modules/xs_robot/gripper.py to gripper.cpython-310.pyc
[0.959s] byte-compiling /home/ddq2/interbotix_ws/install/interbotix_xs_modules/lib/python3.10/site-packages/interbotix_xs_modules/xs_robot/slate.py to slate.cpython-310.pyc
[0.959s] byte-compiling /home/ddq2/interbotix_ws/install/interbotix_xs_modules/lib/python3.10/site-packages/interbotix_xs_modules/xs_robot/arm.py to arm.cpython-310.pyc
[0.962s] byte-compiling /home/ddq2/interbotix_ws/install/interbotix_xs_modules/lib/python3.10/site-packages/interbotix_xs_modules/xs_robot/create3.py to create3.cpython-310.pyc
[0.962s] byte-compiling /home/ddq2/interbotix_ws/install/interbotix_xs_modules/lib/python3.10/site-packages/interbotix_xs_modules/xs_robot/mobile_base.py to mobile_base.cpython-310.pyc
[0.963s] byte-compiling /home/ddq2/interbotix_ws/install/interbotix_xs_modules/lib/python3.10/site-packages/interbotix_xs_modules/xs_robot/kobuki.py to kobuki.cpython-310.pyc
[0.963s] running install_data
[0.963s] creating /home/ddq2/interbotix_ws/install/interbotix_xs_modules/share/ament_index
[0.963s] creating /home/ddq2/interbotix_ws/install/interbotix_xs_modules/share/ament_index/resource_index
[0.963s] creating /home/ddq2/interbotix_ws/install/interbotix_xs_modules/share/ament_index/resource_index/packages
[0.963s] copying resource/interbotix_xs_modules -> /home/ddq2/interbotix_ws/install/interbotix_xs_modules/share/ament_index/resource_index/packages
[0.963s] copying package.xml -> /home/ddq2/interbotix_ws/install/interbotix_xs_modules/share/interbotix_xs_modules
[0.963s] running install_egg_info
[0.978s] Copying ../../../../build/interbotix_xs_modules/interbotix_xs_modules.egg-info to /home/ddq2/interbotix_ws/install/interbotix_xs_modules/lib/python3.10/site-packages/interbotix_xs_modules-0.0.0-py3.10.egg-info
[0.979s] running install_scripts
[1.100s] writing list of installed files to '/home/ddq2/interbotix_ws/build/interbotix_xs_modules/install.log'
[1.121s] Invoked command in '/home/ddq2/interbotix_ws/src/interbotix_ros_toolboxes/interbotix_xs_toolbox/interbotix_xs_modules' returned '0': AMENT_PREFIX_PATH=/home/ddq2/interbotix_ws/install/interbotix_xs_sdk:/home/ddq2/interbotix_ws/install/interbotix_xs_driver:/home/ddq2/interbotix_ws/install/interbotix_xs_msgs:/home/ddq2/interbotix_ws/install/interbotix_common_modules:/home/ddq2/interbotix_ws/install/dynamixel_workbench_toolbox:${AMENT_PREFIX_PATH} CMAKE_PREFIX_PATH=/home/ddq2/interbotix_ws/install/interbotix_xs_sdk:/home/ddq2/interbotix_ws/install/interbotix_xs_driver:/home/ddq2/interbotix_ws/install/interbotix_xs_msgs:/home/ddq2/interbotix_ws/install/dynamixel_workbench_toolbox:${CMAKE_PREFIX_PATH} LD_LIBRARY_PATH=/home/ddq2/interbotix_ws/install/interbotix_xs_driver/lib:/home/ddq2/interbotix_ws/install/interbotix_xs_msgs/lib:/home/ddq2/interbotix_ws/install/dynamixel_workbench_toolbox/lib:/home/ddq2/apriltag_ws/install/apriltag_ros/lib:/usr/local/cuda-12.4/lib64:/usr/local/cuda-12.4/lib64:/opt/ros/humble/opt/rviz_ogre_vendor/lib:/opt/ros/humble/lib/x86_64-linux-gnu:/opt/ros/humble/lib:/usr/lib/x86_64-linux-gnu/gazebo-11/plugins:/usr/lib/x86_64-linux-gnu/gazebo-11/plugins:/usr/lib/x86_64-linux-gnu/gazebo-11/plugins PYTHONPATH=/home/ddq2/interbotix_ws/build/interbotix_xs_modules/prefix_override:/usr/lib/python3/dist-packages/colcon_core/task/python/colcon_distutils_commands:/home/ddq2/interbotix_ws/install/interbotix_xs_modules/lib/python3.10/site-packages:/home/ddq2/interbotix_ws/install/interbotix_xs_msgs/local/lib/python3.10/dist-packages:/home/ddq2/interbotix_ws/install/interbotix_common_modules/lib/python3.10/site-packages:${PYTHONPATH} _=/usr/bin/env /usr/bin/python3 -W ignore:setup.py install is deprecated -W ignore:easy_install command is deprecated setup.py egg_info --egg-base ../../../../build/interbotix_xs_modules build --build-base /home/ddq2/interbotix_ws/build/interbotix_xs_modules/build install --record /home/ddq2/interbotix_ws/build/interbotix_xs_modules/install.log --single-version-externally-managed install_data
