[0.011s] Invoking command in '/home/ddq2/interbotix_ws/build/interbotix_common_toolbox': AMENT_PREFIX_PATH=/home/ddq2/interbotix_ws/install/interbotix_gravity_compensation:/home/ddq2/interbotix_ws/install/interbotix_xs_msgs:/home/ddq2/interbotix_ws/install/interbotix_common_sim:/home/ddq2/interbotix_ws/install/interbotix_common_modules:${AMENT_PREFIX_PATH} CMAKE_PREFIX_PATH=/home/ddq2/interbotix_ws/install/interbotix_gravity_compensation:/home/ddq2/interbotix_ws/install/interbotix_xs_msgs:/home/ddq2/interbotix_ws/install/interbotix_common_sim:/home/ddq2/apriltag_ws/install/apriltag_ros:/opt/ros/humble LD_LIBRARY_PATH=/home/ddq2/interbotix_ws/install/interbotix_xs_msgs/lib:/home/ddq2/apriltag_ws/install/apriltag_ros/lib:/usr/local/cuda-12.4/lib64:/usr/local/cuda-12.4/lib64:/opt/ros/humble/opt/rviz_ogre_vendor/lib:/opt/ros/humble/lib/x86_64-linux-gnu:/opt/ros/humble/lib:/usr/lib/x86_64-linux-gnu/gazebo-11/plugins:/usr/lib/x86_64-linux-gnu/gazebo-11/plugins:/usr/lib/x86_64-linux-gnu/gazebo-11/plugins PYTHONPATH=/home/ddq2/interbotix_ws/install/interbotix_xs_msgs/local/lib/python3.10/dist-packages:/home/ddq2/interbotix_ws/install/interbotix_common_modules/lib/python3.10/site-packages:${PYTHONPATH} _=/usr/bin/env /home/ddq2/.local/bin/cmake /home/ddq2/interbotix_ws/src/interbotix_ros_toolboxes/interbotix_common_toolbox/interbotix_common_toolbox -DCMAKE_INSTALL_PREFIX=/home/ddq2/interbotix_ws/install/interbotix_common_toolbox
[0.094s] -- The C compiler identification is GNU 11.4.0
[0.131s] -- The CXX compiler identification is GNU 11.4.0
[0.138s] -- Detecting C compiler ABI info
[0.179s] -- Detecting C compiler ABI info - done
[0.190s] -- Check for working C compiler: /usr/bin/cc - skipped
[0.190s] -- Detecting C compile features
[0.190s] -- Detecting C compile features - done
[0.193s] -- Detecting CXX compiler ABI info
[0.242s] -- Detecting CXX compiler ABI info - done
[0.253s] -- Check for working CXX compiler: /usr/bin/c++ - skipped
[0.253s] -- Detecting CXX compile features
[0.253s] -- Detecting CXX compile features - done
[0.255s] -- Found ament_cmake: 1.3.11 (/opt/ros/humble/share/ament_cmake/cmake)
[0.353s] -- Found Python3: /usr/bin/python3 (found version "3.10.12") found components: Interpreter
[0.420s] -- Found ament_lint_auto: 0.12.11 (/opt/ros/humble/share/ament_lint_auto/cmake)
[0.479s] -- Added test 'copyright' to check source files copyright and LICENSE
[0.480s] -- Added test 'lint_cmake' to check CMake code style
[0.480s] -- Added test 'xmllint' to check XML markup files
[0.481s] -- Configuring done (0.4s)
[0.483s] -- Generating done (0.0s)
[0.484s] -- Build files have been written to: /home/ddq2/interbotix_ws/build/interbotix_common_toolbox
[0.497s] Invoked command in '/home/ddq2/interbotix_ws/build/interbotix_common_toolbox' returned '0': AMENT_PREFIX_PATH=/home/ddq2/interbotix_ws/install/interbotix_gravity_compensation:/home/ddq2/interbotix_ws/install/interbotix_xs_msgs:/home/ddq2/interbotix_ws/install/interbotix_common_sim:/home/ddq2/interbotix_ws/install/interbotix_common_modules:${AMENT_PREFIX_PATH} CMAKE_PREFIX_PATH=/home/ddq2/interbotix_ws/install/interbotix_gravity_compensation:/home/ddq2/interbotix_ws/install/interbotix_xs_msgs:/home/ddq2/interbotix_ws/install/interbotix_common_sim:/home/ddq2/apriltag_ws/install/apriltag_ros:/opt/ros/humble LD_LIBRARY_PATH=/home/ddq2/interbotix_ws/install/interbotix_xs_msgs/lib:/home/ddq2/apriltag_ws/install/apriltag_ros/lib:/usr/local/cuda-12.4/lib64:/usr/local/cuda-12.4/lib64:/opt/ros/humble/opt/rviz_ogre_vendor/lib:/opt/ros/humble/lib/x86_64-linux-gnu:/opt/ros/humble/lib:/usr/lib/x86_64-linux-gnu/gazebo-11/plugins:/usr/lib/x86_64-linux-gnu/gazebo-11/plugins:/usr/lib/x86_64-linux-gnu/gazebo-11/plugins PYTHONPATH=/home/ddq2/interbotix_ws/install/interbotix_xs_msgs/local/lib/python3.10/dist-packages:/home/ddq2/interbotix_ws/install/interbotix_common_modules/lib/python3.10/site-packages:${PYTHONPATH} _=/usr/bin/env /home/ddq2/.local/bin/cmake /home/ddq2/interbotix_ws/src/interbotix_ros_toolboxes/interbotix_common_toolbox/interbotix_common_toolbox -DCMAKE_INSTALL_PREFIX=/home/ddq2/interbotix_ws/install/interbotix_common_toolbox
[0.498s] Invoking command in '/home/ddq2/interbotix_ws/build/interbotix_common_toolbox': AMENT_PREFIX_PATH=/home/ddq2/interbotix_ws/install/interbotix_gravity_compensation:/home/ddq2/interbotix_ws/install/interbotix_xs_msgs:/home/ddq2/interbotix_ws/install/interbotix_common_sim:/home/ddq2/interbotix_ws/install/interbotix_common_modules:${AMENT_PREFIX_PATH} CMAKE_PREFIX_PATH=/home/ddq2/interbotix_ws/install/interbotix_gravity_compensation:/home/ddq2/interbotix_ws/install/interbotix_xs_msgs:/home/ddq2/interbotix_ws/install/interbotix_common_sim:/home/ddq2/apriltag_ws/install/apriltag_ros:/opt/ros/humble LD_LIBRARY_PATH=/home/ddq2/interbotix_ws/install/interbotix_xs_msgs/lib:/home/ddq2/apriltag_ws/install/apriltag_ros/lib:/usr/local/cuda-12.4/lib64:/usr/local/cuda-12.4/lib64:/opt/ros/humble/opt/rviz_ogre_vendor/lib:/opt/ros/humble/lib/x86_64-linux-gnu:/opt/ros/humble/lib:/usr/lib/x86_64-linux-gnu/gazebo-11/plugins:/usr/lib/x86_64-linux-gnu/gazebo-11/plugins:/usr/lib/x86_64-linux-gnu/gazebo-11/plugins PYTHONPATH=/home/ddq2/interbotix_ws/install/interbotix_xs_msgs/local/lib/python3.10/dist-packages:/home/ddq2/interbotix_ws/install/interbotix_common_modules/lib/python3.10/site-packages:${PYTHONPATH} _=/usr/bin/env /home/ddq2/.local/bin/cmake --build /home/ddq2/interbotix_ws/build/interbotix_common_toolbox -- -j16 -l16
[0.568s] Invoked command in '/home/ddq2/interbotix_ws/build/interbotix_common_toolbox' returned '0': AMENT_PREFIX_PATH=/home/ddq2/interbotix_ws/install/interbotix_gravity_compensation:/home/ddq2/interbotix_ws/install/interbotix_xs_msgs:/home/ddq2/interbotix_ws/install/interbotix_common_sim:/home/ddq2/interbotix_ws/install/interbotix_common_modules:${AMENT_PREFIX_PATH} CMAKE_PREFIX_PATH=/home/ddq2/interbotix_ws/install/interbotix_gravity_compensation:/home/ddq2/interbotix_ws/install/interbotix_xs_msgs:/home/ddq2/interbotix_ws/install/interbotix_common_sim:/home/ddq2/apriltag_ws/install/apriltag_ros:/opt/ros/humble LD_LIBRARY_PATH=/home/ddq2/interbotix_ws/install/interbotix_xs_msgs/lib:/home/ddq2/apriltag_ws/install/apriltag_ros/lib:/usr/local/cuda-12.4/lib64:/usr/local/cuda-12.4/lib64:/opt/ros/humble/opt/rviz_ogre_vendor/lib:/opt/ros/humble/lib/x86_64-linux-gnu:/opt/ros/humble/lib:/usr/lib/x86_64-linux-gnu/gazebo-11/plugins:/usr/lib/x86_64-linux-gnu/gazebo-11/plugins:/usr/lib/x86_64-linux-gnu/gazebo-11/plugins PYTHONPATH=/home/ddq2/interbotix_ws/install/interbotix_xs_msgs/local/lib/python3.10/dist-packages:/home/ddq2/interbotix_ws/install/interbotix_common_modules/lib/python3.10/site-packages:${PYTHONPATH} _=/usr/bin/env /home/ddq2/.local/bin/cmake --build /home/ddq2/interbotix_ws/build/interbotix_common_toolbox -- -j16 -l16
[0.569s] Invoking command in '/home/ddq2/interbotix_ws/build/interbotix_common_toolbox': AMENT_PREFIX_PATH=/home/ddq2/interbotix_ws/install/interbotix_gravity_compensation:/home/ddq2/interbotix_ws/install/interbotix_xs_msgs:/home/ddq2/interbotix_ws/install/interbotix_common_sim:/home/ddq2/interbotix_ws/install/interbotix_common_modules:${AMENT_PREFIX_PATH} CMAKE_PREFIX_PATH=/home/ddq2/interbotix_ws/install/interbotix_gravity_compensation:/home/ddq2/interbotix_ws/install/interbotix_xs_msgs:/home/ddq2/interbotix_ws/install/interbotix_common_sim:/home/ddq2/apriltag_ws/install/apriltag_ros:/opt/ros/humble LD_LIBRARY_PATH=/home/ddq2/interbotix_ws/install/interbotix_xs_msgs/lib:/home/ddq2/apriltag_ws/install/apriltag_ros/lib:/usr/local/cuda-12.4/lib64:/usr/local/cuda-12.4/lib64:/opt/ros/humble/opt/rviz_ogre_vendor/lib:/opt/ros/humble/lib/x86_64-linux-gnu:/opt/ros/humble/lib:/usr/lib/x86_64-linux-gnu/gazebo-11/plugins:/usr/lib/x86_64-linux-gnu/gazebo-11/plugins:/usr/lib/x86_64-linux-gnu/gazebo-11/plugins PYTHONPATH=/home/ddq2/interbotix_ws/install/interbotix_xs_msgs/local/lib/python3.10/dist-packages:/home/ddq2/interbotix_ws/install/interbotix_common_modules/lib/python3.10/site-packages:${PYTHONPATH} _=/usr/bin/env /home/ddq2/.local/bin/cmake --install /home/ddq2/interbotix_ws/build/interbotix_common_toolbox
[0.620s] -- Install configuration: ""
[0.620s] -- Installing: /home/ddq2/interbotix_ws/install/interbotix_common_toolbox/share/ament_index/resource_index/package_run_dependencies/interbotix_common_toolbox
[0.620s] -- Installing: /home/ddq2/interbotix_ws/install/interbotix_common_toolbox/share/ament_index/resource_index/parent_prefix_path/interbotix_common_toolbox
[0.620s] -- Installing: /home/ddq2/interbotix_ws/install/interbotix_common_toolbox/share/interbotix_common_toolbox/environment/ament_prefix_path.sh
[0.620s] -- Installing: /home/ddq2/interbotix_ws/install/interbotix_common_toolbox/share/interbotix_common_toolbox/environment/ament_prefix_path.dsv
[0.620s] -- Installing: /home/ddq2/interbotix_ws/install/interbotix_common_toolbox/share/interbotix_common_toolbox/environment/path.sh
[0.620s] -- Installing: /home/ddq2/interbotix_ws/install/interbotix_common_toolbox/share/interbotix_common_toolbox/environment/path.dsv
[0.620s] -- Installing: /home/ddq2/interbotix_ws/install/interbotix_common_toolbox/share/interbotix_common_toolbox/local_setup.bash
[0.620s] -- Installing: /home/ddq2/interbotix_ws/install/interbotix_common_toolbox/share/interbotix_common_toolbox/local_setup.sh
[0.620s] -- Installing: /home/ddq2/interbotix_ws/install/interbotix_common_toolbox/share/interbotix_common_toolbox/local_setup.zsh
[0.620s] -- Installing: /home/ddq2/interbotix_ws/install/interbotix_common_toolbox/share/interbotix_common_toolbox/local_setup.dsv
[0.620s] -- Installing: /home/ddq2/interbotix_ws/install/interbotix_common_toolbox/share/interbotix_common_toolbox/package.dsv
[0.620s] -- Installing: /home/ddq2/interbotix_ws/install/interbotix_common_toolbox/share/ament_index/resource_index/packages/interbotix_common_toolbox
[0.621s] -- Installing: /home/ddq2/interbotix_ws/install/interbotix_common_toolbox/share/interbotix_common_toolbox/cmake/interbotix_common_toolboxConfig.cmake
[0.621s] -- Installing: /home/ddq2/interbotix_ws/install/interbotix_common_toolbox/share/interbotix_common_toolbox/cmake/interbotix_common_toolboxConfig-version.cmake
[0.621s] -- Installing: /home/ddq2/interbotix_ws/install/interbotix_common_toolbox/share/interbotix_common_toolbox/package.xml
[0.631s] Invoked command in '/home/ddq2/interbotix_ws/build/interbotix_common_toolbox' returned '0': AMENT_PREFIX_PATH=/home/ddq2/interbotix_ws/install/interbotix_gravity_compensation:/home/ddq2/interbotix_ws/install/interbotix_xs_msgs:/home/ddq2/interbotix_ws/install/interbotix_common_sim:/home/ddq2/interbotix_ws/install/interbotix_common_modules:${AMENT_PREFIX_PATH} CMAKE_PREFIX_PATH=/home/ddq2/interbotix_ws/install/interbotix_gravity_compensation:/home/ddq2/interbotix_ws/install/interbotix_xs_msgs:/home/ddq2/interbotix_ws/install/interbotix_common_sim:/home/ddq2/apriltag_ws/install/apriltag_ros:/opt/ros/humble LD_LIBRARY_PATH=/home/ddq2/interbotix_ws/install/interbotix_xs_msgs/lib:/home/ddq2/apriltag_ws/install/apriltag_ros/lib:/usr/local/cuda-12.4/lib64:/usr/local/cuda-12.4/lib64:/opt/ros/humble/opt/rviz_ogre_vendor/lib:/opt/ros/humble/lib/x86_64-linux-gnu:/opt/ros/humble/lib:/usr/lib/x86_64-linux-gnu/gazebo-11/plugins:/usr/lib/x86_64-linux-gnu/gazebo-11/plugins:/usr/lib/x86_64-linux-gnu/gazebo-11/plugins PYTHONPATH=/home/ddq2/interbotix_ws/install/interbotix_xs_msgs/local/lib/python3.10/dist-packages:/home/ddq2/interbotix_ws/install/interbotix_common_modules/lib/python3.10/site-packages:${PYTHONPATH} _=/usr/bin/env /home/ddq2/.local/bin/cmake --install /home/ddq2/interbotix_ws/build/interbotix_common_toolbox
