[0.614s] Invoking command in '/home/ddq2/interbotix_ws/src/image_projector': PYTHONPATH=/home/ddq2/interbotix_ws/build/image_projector/prefix_override:/usr/lib/python3/dist-packages/colcon_core/task/python/colcon_distutils_commands:/home/ddq2/interbotix_ws/install/image_projector/lib/python3.10/site-packages:${PYTHONPATH} _=/usr/bin/env /usr/bin/python3 -W ignore:setup.py install is deprecated -W ignore:easy_install command is deprecated setup.py egg_info --egg-base ../../build/image_projector build --build-base /home/ddq2/interbotix_ws/build/image_projector/build install --record /home/ddq2/interbotix_ws/build/image_projector/install.log --single-version-externally-managed install_data
[0.798s] running egg_info
[0.811s] writing ../../build/image_projector/image_projector.egg-info/PKG-INFO
[0.811s] writing dependency_links to ../../build/image_projector/image_projector.egg-info/dependency_links.txt
[0.811s] writing entry points to ../../build/image_projector/image_projector.egg-info/entry_points.txt
[0.811s] writing requirements to ../../build/image_projector/image_projector.egg-info/requires.txt
[0.811s] writing top-level names to ../../build/image_projector/image_projector.egg-info/top_level.txt
[0.838s] reading manifest file '../../build/image_projector/image_projector.egg-info/SOURCES.txt'
[0.838s] writing manifest file '../../build/image_projector/image_projector.egg-info/SOURCES.txt'
[0.838s] running build
[0.838s] running build_py
[0.838s] copying image_projector/__init__.py -> /home/ddq2/interbotix_ws/build/image_projector/build/lib/image_projector
[0.839s] copying image_projector/realsense_projector.py -> /home/ddq2/interbotix_ws/build/image_projector/build/lib/image_projector
[0.839s] copying image_projector/image_projector.py -> /home/ddq2/interbotix_ws/build/image_projector/build/lib/image_projector
[0.839s] running install
[0.842s] running install_lib
[0.855s] copying /home/ddq2/interbotix_ws/build/image_projector/build/lib/image_projector/realsense_projector.py -> /home/ddq2/interbotix_ws/install/image_projector/lib/python3.10/site-packages/image_projector
[0.855s] copying /home/ddq2/interbotix_ws/build/image_projector/build/lib/image_projector/image_projector.py -> /home/ddq2/interbotix_ws/install/image_projector/lib/python3.10/site-packages/image_projector
[0.856s] byte-compiling /home/ddq2/interbotix_ws/install/image_projector/lib/python3.10/site-packages/image_projector/realsense_projector.py to realsense_projector.cpython-310.pyc
[0.856s] byte-compiling /home/ddq2/interbotix_ws/install/image_projector/lib/python3.10/site-packages/image_projector/image_projector.py to image_projector.cpython-310.pyc
[0.857s] running install_data
[0.857s] copying resource/image_projector -> /home/ddq2/interbotix_ws/install/image_projector/share/ament_index/resource_index/packages
[0.857s] copying package.xml -> /home/ddq2/interbotix_ws/install/image_projector/share/image_projector
[0.857s] creating /home/ddq2/interbotix_ws/install/image_projector/share/image_projector/srv
[0.857s] copying srv/Get3DCoordinates.srv -> /home/ddq2/interbotix_ws/install/image_projector/share/image_projector/srv
[0.857s] running install_egg_info
[0.871s] removing '/home/ddq2/interbotix_ws/install/image_projector/lib/python3.10/site-packages/image_projector-0.0.0-py3.10.egg-info' (and everything under it)
[0.871s] Copying ../../build/image_projector/image_projector.egg-info to /home/ddq2/interbotix_ws/install/image_projector/lib/python3.10/site-packages/image_projector-0.0.0-py3.10.egg-info
[0.871s] running install_scripts
[0.987s] Installing node script to /home/ddq2/interbotix_ws/install/image_projector/lib/image_projector
[0.987s] writing list of installed files to '/home/ddq2/interbotix_ws/build/image_projector/install.log'
[1.003s] Invoked command in '/home/ddq2/interbotix_ws/src/image_projector' returned '0': PYTHONPATH=/home/ddq2/interbotix_ws/build/image_projector/prefix_override:/usr/lib/python3/dist-packages/colcon_core/task/python/colcon_distutils_commands:/home/ddq2/interbotix_ws/install/image_projector/lib/python3.10/site-packages:${PYTHONPATH} _=/usr/bin/env /usr/bin/python3 -W ignore:setup.py install is deprecated -W ignore:easy_install command is deprecated setup.py egg_info --egg-base ../../build/image_projector build --build-base /home/ddq2/interbotix_ws/build/image_projector/build install --record /home/ddq2/interbotix_ws/build/image_projector/install.log --single-version-externally-managed install_data
